0.9794978380530845	4.1718965243097506	0.0
0.5462285815425248	4.246218225712918	0.0
0.9527315797684683	4.102888592233101	0.0
0.5583856485059134	4.462047106863448	0.0
0.6480275370801052	2.6487416452339283	0.0
0.6035226077908764	3.5519823184375663	0.0
0.4800094873465034	3.4487490426134815	0.0
0.5127684661676606	4.138866011050115	0.0
0.5278913507931372	4.166558734311224	0.0
0.08757420025758811	5.476629269213547	0.0
0.5221604150685198	4.175375842296168	0.0
0.6901899451428003	2.755571101118013	0.0
0.8061498536622084	3.67901188862668	0.0
0.40656210039354224	3.7824296946896485	0.0
0.8697333066466731	2.273984085403146	0.0
0.268596348072245	4.4164186594352834	0.0
0.4597855409230095	3.516048163122614	0.0
0.9322275627463136	4.417139958141451	0.0
0.10535982252301868	4.084727518204307	0.0
0.1787716911463214	4.170350437233418	0.0
0.7949176105513842	2.9647767002264436	0.0
0.13082765492992876	4.295785355053346	0.0
0.8689482278868937	2.9645256060221272	0.0
0.8984090353800416	2.9323648586269266	0.0
0.9916692736964163	3.860678557318782	0.0
0.37275812956148247	4.432987840048343	0.0
0.42976029892179135	3.522416223073339	0.0
0.1379922674549926	5.063628284383727	0.0
0.13713549243461642	4.58163598979758	0.0
0.7825697188945118	3.4992609455879817	0.0
0.9407468221483016	3.8593356410716293	0.0
0.6904648202284345	3.6636351637731055	0.0
0.13678101481316507	4.405277882022775	0.0
0.5051216843912658	3.4721892578052	0.0
0.6616414590391942	2.455457975097954	0.0
0.2978914320125132	3.9063938123521713	0.0
0.17337020007870008	4.777593264171436	0.0
0.8718370020832694	2.927710437648919	0.0
0.5142865264187058	3.1859041334385436	0.0
0.6561968048474993	2.914838125727414	0.0
0.0473630696690126	3.9071483431971465	0.0
0.4502396854743028	3.2608084966371496	0.0
0.053557487277484106	4.720155628544971	0.0
0.6479524563919316	3.9159043668421445	0.0
0.09657098234095496	5.593959048189827	0.0
0.26720792398979953	3.66119948786823	0.0
0.4771851350848454	3.47743898997889	0.0
0.2902004514237776	4.354570024136638	0.0
0.6012822729073496	3.556486955764989	0.0
0.5029096104539085	3.796431149748509	0.0
0.8447359634755061	3.4519919500910174	0.0
0.8208909425804675	3.173737130066759	0.0
0.8590915394805093	2.7260365126685335	0.0
0.030213800341964414	4.466114896262541	0.0
0.39905017773684137	3.5616224675958743	0.0
0.03415335450212864	5.347044065572725	0.0
0.3337846680758082	4.435583345547936	0.0
0.22481456247874199	4.741284267497169	0.0
0.7557603247274107	4.610765308231934	0.0
0.5951183459850986	3.703347406613122	0.0
0.3155790317137239	3.8457167687776788	0.0
0.18074183782882391	4.48139241861906	0.0
0.47962054725645875	3.1438651018458237	0.0
0.9099533640461841	3.418900079764819	0.0
0.4588515487097097	3.8446445423089823	0.0
0.4303265318145133	3.229064070628383	0.0
0.14847693005195828	4.942363294885741	0.0
0.8039059242380289	3.25183687291808	0.0
0.3886101303894862	3.638194013221325	0.0
0.17832938931640274	4.764919193489557	0.0
0.30619025387532617	3.8531770723555527	0.0
0.5115886523698256	3.9578996915635387	0.0
0.024213638391202608	5.94838793886547	0.0
0.11730273695601212	4.907953588028623	0.0
0.765521643395025	4.373537860263311	0.0
0.05958497750256242	4.6130331936251725	0.0
0.0858014077120699	3.8312672826515777	0.0
0.6972676245106055	2.9513718892202037	0.0
0.9960092597167579	3.275417349915471	0.0
0.465189473910793	3.308600466998881	0.0
0.5891800288685387	4.065938947683888	0.0
0.5626180044989328	4.408211913390432	0.0
0.5490230617930196	4.65203256289022	0.0
0.10503914169327344	4.52380128664843	0.0
0.8653333280798483	2.2511844795406564	0.0
0.32109214475172976	4.685643798486055	0.0
0.7267574901252227	3.289757553408843	0.0
0.6932670597691706	3.779728881067045	0.0
0.7554511184713651	4.165419611617401	0.0
0.6484380268901883	3.527190340036996	0.0
0.37177092595440986	4.165615441454656	0.0
0.9480282711312834	4.222210119714142	0.0
0.31355438937827973	4.528842000711459	0.0
0.6381209882334962	2.9976274578282656	0.0
0.7982914677218073	3.5392791004717887	0.0
0.19487892050914069	4.554943964372077	0.0
0.6859618438034327	3.921423104101361	0.0
0.8865431566618618	2.7024400304496123	0.0
0.7002020617451246	3.8666798669452795	0.0
0.9736864946777463	3.898729371396606	0.0
0.8697333066466731	2.270165434204157	0.0
0.8697333066466731	2.270165434204157	0.0
0.8697333066466731	2.273064014160843	0.0
0.8697333066466731	2.273064014160843	0.0
0.8697333066466731	2.251280248319419	0.0
0.8697333066466731	2.253442267740063	0.0
0.8697333066466731	2.253442267740063	0.0
0.8697333066466731	2.2440312993238276	0.0
0.8697333066466731	2.2440312993238276	0.0
0.8697333066466731	2.3028496206920415	0.0
0.8697333066466731	2.3028496206920415	0.0
0.8697333066466731	2.341477399075491	0.0
0.8697333066466731	2.341477399075491	0.0
0.8697333066466731	2.341477399075491	0.0
0.8697333066466731	2.273984085403146	0.0
0.8697333066466731	2.2248249133235842	0.0
0.8697333066466731	2.2248249133235842	0.0
0.8697333066466731	2.2248249133235842	0.0
0.8697333066466731	2.2284114102257586	0.0
0.6616414590391942	2.455457975097954	0.0
0.6616414590391942	2.455457975097954	0.0
0.6616414590391942	2.36212120437896	0.0
0.6616414590391942	2.369472905433394	0.0
0.6616414590391942	2.369472905433394	0.0
0.6616414590391942	2.3594143928634965	0.0
0.6616414590391942	2.3594143928634965	0.0
0.6616414590391942	2.3854027545440064	0.0
0.6616414590391942	2.3854027545440064	0.0
0.6616414590391942	2.3928889331888255	0.0
0.6616414590391942	2.376505165335669	0.0
0.6616414590391942	2.376505165335669	0.0
0.6616414590391942	2.383714105252757	0.0
0.7285303449677478	3.5643239810463268	0.0
0.6616414590391942	2.4207806474960334	0.0
0.6616414590391942	2.455457975097954	0.0
0.6616414590391942	2.417656406388383	0.0
0.6616414590391942	2.417656406388383	0.0
0.6616414590391942	2.417656406388383	0.0
0.6616414590391942	2.5345998146978963	0.0
0.6616414590391942	2.5345998146978963	0.0
0.6616414590391942	2.692561345135933	0.0
0.6616414590391942	2.692561345135933	0.0
0.6616414590391942	2.692561345135933	0.0
0.6616414590391942	2.7712421082073306	0.0
0.6616414590391942	2.7712421082073306	0.0
0.6616414590391942	2.7712421082073306	0.0
0.6616414590391942	2.7712421082073306	0.0
0.47962054725645875	3.716663276259487	0.0
0.6616414590391942	2.7712421082073306	0.0
0.47962054725645875	3.716663276259487	0.0
0.6616414590391942	2.7712421082073306	0.0
0.6616414590391942	2.7712421082073306	0.0
0.6616414590391942	2.7712421082073306	0.0
0.465189473910793	3.8022551281620665	0.0
0.6616414590391942	2.7712421082073306	0.0
0.465189473910793	3.9931640844600067	0.0
0.465189473910793	3.789301940516709	0.0
0.6662230369901094	3.310481859791441	0.0
0.6662230369901094	3.310481859791441	0.0
0.6662230369901094	3.310481859791441	0.0
0.6662230369901094	3.310481859791441	0.0
0.465189473910793	3.8506917738941002	0.0
0.47962054725645875	3.1438651018458237	0.0
0.6662230369901094	3.310481859791441	0.0
0.6662230369901094	3.310481859791441	0.0
0.4303265318145133	3.229064070628383	0.0
0.3715800649633848	4.208583253176203	0.0
0.6662230369901094	3.310481859791441	0.0
0.47962054725645875	3.548526411751875	0.0
0.3715800649633848	4.241786310125963	0.0
0.465189473910793	3.383809297866703	0.0
0.465189473910793	3.383809297866703	0.0
0.465189473910793	3.383809297866703	0.0
0.465189473910793	3.383809297866703	0.0
0.465189473910793	3.383809297866703	0.0
0.465189473910793	3.383809297866703	0.0
0.465189473910793	3.383809297866703	0.0
0.465189473910793	3.383809297866703	0.0
0.465189473910793	3.383809297866703	0.0
0.465189473910793	3.308600466998881	0.0
0.465189473910793	3.383809297866703	0.0
0.465189473910793	3.383809297866703	0.0
0.3715800649633848	4.20609489481698	0.0
0.3715800649633848	4.279404894800744	0.0
0.465189473910793	3.383809297866703	0.0
0.3715800649633848	4.279404894800744	0.0
0.465189473910793	3.383809297866703	0.0
0.465189473910793	3.383809297866703	0.0
0.465189473910793	3.383809297866703	0.0
0.465189473910793	3.383809297866703	0.0
0.3715800649633848	4.279404894800744	0.0
0.465189473910793	3.383809297866703	0.0
0.10503914169327344	4.545658502109378	0.0
0.465189473910793	3.383809297866703	0.0
0.465189473910793	3.383809297866703	0.0
0.10503914169327344	4.550974976682754	0.0
0.465189473910793	3.383809297866703	0.0
0.465189473910793	3.383809297866703	0.0
0.465189473910793	3.383809297866703	0.0
0.465189473910793	3.383809297866703	0.0
0.8697333066466731	2.250426346291465	0.0
0.8697333066466731	2.270608635104005	0.0
0.8697333066466731	2.270608635104005	0.0
0.8697333066466731	2.270608635104005	0.0
0.8697333066466731	2.27246820980338	0.0
0.8697333066466731	2.2396935244059764	0.0
0.8697333066466731	2.2396935244059764	0.0
0.8697333066466731	2.2428655545523513	0.0
0.8697333066466731	2.2428655545523513	0.0
0.8697333066466731	2.2428655545523513	0.0
0.6616414590391942	2.589790845163737	0.0
0.6616414590391942	2.589790845163737	0.0
0.7210482229814587	3.580432130390293	0.0
0.8697333066466731	2.2428655545523513	0.0
0.8697333066466731	2.273984085403146	0.0
0.7210482229814587	3.56015688668253	0.0
0.631938077068062	2.8906845759298188	0.0
0.631938077068062	2.8906845759298188	0.0
0.6467897680536281	2.827739894954209	0.0
0.6616414590391942	2.6044568534714494	0.0
0.6616414590391942	2.6044568534714494	0.0
0.6616414590391942	2.5969386037555244	0.0
0.6616414590391942	2.5969386037555244	0.0
0.6616414590391942	2.5969386037555244	0.0
0.6616414590391942	2.590173410685084	0.0
0.6616414590391942	2.589881064698608	0.0
0.6616414590391942	2.590634483997925	0.0
0.6616414590391942	2.590634483997925	0.0
0.69765767550426	3.0900565617012603	0.0
0.6796495672717271	2.769950810481115	0.0
0.6796495672717271	2.769950810481115	0.0
0.6796495672717271	2.769950810481115	0.0
0.6796495672717271	2.7859055930895438	0.0
0.6616414590391942	2.5723676937542574	0.0
0.6616414590391942	2.455457975097954	0.0
0.6796495672717271	2.7858627743464885	0.0
0.6616414590391942	2.5723676937542574	0.0
0.6796495672717271	2.7858627743464885	0.0
0.6151280484384182	3.130810728019211	0.0
0.6796495672717271	2.7858627743464885	0.0
0.6151280484384182	3.1135235702386073	0.0
0.6151280484384182	3.1135235702386073	0.0
0.6151280484384182	3.1651581632974515	0.0
0.6151280484384182	3.227221803583557	0.0
0.6796495672717271	2.769950810481115	0.0
0.6151280484384182	3.2437257658951895	0.0
0.6796495672717271	2.7858627743464885	0.0
0.47962054725645875	3.601581383643064	0.0
0.6151280484384182	3.2437257658951895	0.0
0.47962054725645875	3.601581383643064	0.0
0.6151280484384182	3.2437257658951895	0.0
0.6151280484384182	3.1135235702386073	0.0
0.6151280484384182	3.1135235702386073	0.0
0.6151280484384182	3.1135235702386073	0.0
0.6490049237339081	2.953986700994698	0.0
0.6490049237339081	2.953986700994698	0.0
0.47962054725645875	3.5369396702096676	0.0
0.47962054725645875	3.5369396702096676	0.0
0.6490049237339081	2.953986700994698	0.0
0.47962054725645875	3.5369396702096676	0.0
0.47962054725645875	3.5369396702096676	0.0
0.47962054725645875	3.4640125152597707	0.0
0.47962054725645875	3.1438651018458237	0.0
0.47962054725645875	3.2841562226833503	0.0
0.48986441926116414	3.6245661181164635	0.0
0.4303265318145133	3.229064070628383	0.0
0.48986441926116414	3.7490835064683874	0.0
0.47962054725645875	3.2841562226833503	0.0
0.47962054725645875	3.2841562226833503	0.0
0.3715800649633848	4.133171978510274	0.0
0.6072779007380331	3.2304659698886575	0.0
0.48986441926116414	3.4562294895788703	0.0
0.29745178047721876	3.6946431351345015	0.0
0.29745178047721876	3.6946431351345015	0.0
0.29745178047721876	3.6946431351345015	0.0
0.29745178047721876	3.6946431351345015	0.0
0.29745178047721876	3.6946431351345015	0.0
0.29745178047721876	3.6946431351345015	0.0
0.29745178047721876	3.6946431351345015	0.0
0.29745178047721876	3.6946431351345015	0.0
0.29745178047721876	3.6946431351345015	0.0
0.29745178047721876	3.6946431351345015	0.0
0.29745178047721876	3.6946431351345015	0.0
0.29745178047721876	3.6946431351345015	0.0
0.29745178047721876	3.6946431351345015	0.0
0.29745178047721876	3.6946431351345015	0.0
0.29745178047721876	3.6946431351345015	0.0
0.2550374563074261	3.846490411161989	0.0
0.29745178047721876	3.6946431351345015	0.0
0.29745178047721876	3.6946431351345015	0.0
0.29745178047721876	3.6946431351345015	0.0
0.29745178047721876	3.6946431351345015	0.0
0.10503914169327344	4.209162293075017	0.0
0.29745178047721876	3.6946431351345015	0.0
0.29745178047721876	3.6946431351345015	0.0
0.10503914169327344	4.212488231878842	0.0
0.0	4.797834586069607	0.0
0.29745178047721876	3.6946431351345015	0.0
0.29745178047721876	3.6946431351345015	0.0
0.29745178047721876	3.6946431351345015	0.0
0.8697333066466731	2.2217025686903025	0.0
0.8697333066466731	2.2217025686903025	0.0
0.8697333066466731	2.2215029250925777	0.0
0.8697333066466731	2.2215029250925777	0.0
0.8697333066466731	2.2362963386073127	0.0
0.8697333066466731	2.2396935244059764	0.0
0.8697333066466731	2.2273565144865333	0.0
0.8697333066466731	1.793888443461259	0.0
0.8697333066466731	1.793888443461259	0.0
0.8697333066466731	1.7397108575612104	0.0
0.8697333066466731	1.7397108575612104	0.0
0.8697333066466731	1.7734007812273773	0.0
0.6616414590391942	2.396587962492795	0.0
0.8697333066466731	1.7734007812273773	0.0
0.8697333066466731	2.273984085403146	0.0
0.470687515383003	2.906243298387504	0.0
0.8697333066466731	1.9471075609727644	0.0
0.8697333066466731	1.9471075609727644	0.0
0.8697333066466731	2.0445098620247344	0.0
0.9737792304504126	2.917135818953178	0.0
0.8697333066466731	2.18674749034638	0.0
0.6616414590391942	2.6782192906223488	0.0
0.8697333066466731	1.793888443461259	0.0
0.8697333066466731	1.8940149254839898	0.0
0.8697333066466731	1.8575625400301141	0.0
0.8697333066466731	1.887565911423249	0.0
0.8697333066466731	1.8411005566316303	0.0
0.8697333066466731	1.8411005566316303	0.0
0.8697333066466731	1.911994096651467	0.0
0.6796495672717271	2.4331107506184386	0.0
0.6796495672717271	2.4331107506184386	0.0
0.8697333066466731	1.911994096651467	0.0
0.8697333066466731	1.911994096651467	0.0
0.8697333066466731	1.911994096651467	0.0
0.6616414590391942	2.455457975097954	0.0
0.6321286324279906	2.7186645658982695	0.0
0.6616414590391942	2.5723676937542574	0.0
0.8697333066466731	1.911994096651467	0.0
0.6796495672717271	2.627308712248902	0.0
0.8697333066466731	1.911994096651467	0.0
0.8296713322831784	1.9648881471003905	0.0
0.8296713322831784	1.9648881471003905	0.0
0.42372678454901985	2.916745377288128	0.0
0.42372678454901985	2.916745377288128	0.0
0.8296713322831784	1.9648881471003905	0.0
0.8296713322831784	1.9648881471003905	0.0
0.8296713322831784	1.9648881471003905	0.0
0.42372678454901985	2.9103128487281316	0.0
0.8296713322831784	1.9648881471003905	0.0
0.42372678454901985	3.0650503442360386	0.0
0.42372678454901985	2.9103128487281316	0.0
0.8296713322831784	1.9648881471003905	0.0
0.8296713322831784	1.9648881471003905	0.0
0.6796495672717271	2.627308712248902	0.0
0.6796495672717271	2.423172994871224	0.0
0.6796495672717271	2.423172994871224	0.0
0.42372678454901985	2.903103863298161	0.0
0.42372678454901985	2.9489608346561065	0.0
0.6796495672717271	2.627308712248902	0.0
0.42372678454901985	2.93393504382465	0.0
0.42372678454901985	2.903103863298161	0.0
0.42372678454901985	2.975683716691026	0.0
0.47962054725645875	3.1438651018458237	0.0
0.42372678454901985	2.975683716691026	0.0
0.42372678454901985	2.975683716691026	0.0
0.4303265318145133	3.229064070628383	0.0
0.2762446183923224	3.36704479871846	0.0
0.42372678454901985	2.975683716691026	0.0
0.42372678454901985	2.975683716691026	0.0
0.42372678454901985	2.975683716691026	0.0
0.42372678454901985	2.975683716691026	0.0
0.42372678454901985	2.903103863298161	0.0
0.1453900134841383	4.363795523980364	0.0
0.2762446183923224	3.3228900839347	0.0
0.2762446183923224	3.3228900839347	0.0
0.20630525949707595	4.0555457665195505	0.0
0.42372678454901985	2.975683716691026	0.0
0.20630525949707595	4.0555457665195505	0.0
0.20630525949707595	4.0555457665195505	0.0
0.2762446183923224	3.3228900839347	0.0
0.20630525949707595	4.0555457665195505	0.0
0.2762446183923224	3.3228900839347	0.0
0.2762446183923224	3.3228900839347	0.0
0.2762446183923224	3.3228900839347	0.0
0.2762446183923224	3.3228900839347	0.0
0.20630525949707595	4.0555457665195505	0.0
0.1453900134841383	4.363795523980364	0.0
0.2550374563074261	3.7230257503582536	0.0
0.1453900134841383	4.363795523980364	0.0
0.1453900134841383	4.363795523980364	0.0
0.1819391610919009	4.274428682709382	0.0
0.1453900134841383	4.363795523980364	0.0
0.10503914169327344	4.146261176155065	0.0
0.1453900134841383	4.363795523980364	0.0
0.1453900134841383	4.363795523980364	0.0
0.10503914169327344	4.212488231878842	0.0
0.0	4.68671268524532	0.0
0.1453900134841383	4.363795523980364	0.0
0.1453900134841383	4.363795523980364	0.0
0.1453900134841383	4.363795523980364	0.0
0.8697333066466731	2.0662025800987833	0.0
0.8697333066466731	2.0662025800987833	0.0
0.8697333066466731	2.0489735343931264	0.0
0.8697333066466731	1.9560603866525026	0.0
0.8697333066466731	2.054933885707045	0.0
0.8697333066466731	2.2396935244059764	0.0
0.8697333066466731	2.054933885707045	0.0
0.8697333066466731	2.054933885707045	0.0
0.8697333066466731	2.054933885707045	0.0
0.8697333066466731	2.0118023247374452	0.0
0.8697333066466731	2.075995094910565	0.0
0.8697333066466731	2.075995094910565	0.0
0.8697333066466731	2.054933885707045	0.0
0.8697333066466731	2.0118023247374452	0.0
0.8697333066466731	2.054933885707045	0.0
0.8697333066466731	2.054933885707045	0.0
1.0	2.3967860027183274	0.0
0.8697333066466731	2.0489735343931264	0.0
0.8296713322831784	2.233778394807689	0.0
0.8296713322831784	1.6841395931432561	0.0
0.8296713322831784	1.6841395931432561	0.0
0.8296713322831784	1.9846866656650153	0.0
0.8296713322831784	1.6809099650807329	0.0
0.8296713322831784	2.0056710050781614	0.0
0.8296713322831784	2.0056710050781614	0.0
0.8296713322831784	2.0035138659529603	0.0
0.8296713322831784	2.0035138659529603	0.0
0.8296713322831784	2.0035138659529603	0.0
0.8296713322831784	1.932429450247355	0.0
0.8296713322831784	1.8637683288191325	0.0
0.8296713322831784	1.8637683288191325	0.0
0.8612145248024922	1.7008857883743216	0.0
0.876986121062149	1.873269713247145	0.0
0.876986121062149	1.873269713247145	0.0
0.8296713322831784	1.6841395931432561	0.0
0.9006435154516343	2.58494216794832	0.0
0.8296713322831784	1.9846866656650153	0.0
0.8612145248024922	1.8330025054922146	0.0
0.8296713322831784	1.8426951014600195	0.0
0.8296713322831784	1.8426951014600195	0.0
0.8296713322831784	1.8638095396563314	0.0
0.8296713322831784	1.8638095396563314	0.0
0.8296713322831784	1.8234805500100326	0.0
0.263518487145429	3.133888819012007	0.0
0.8296713322831784	1.8234805500100326	0.0
0.8296713322831784	1.8234805500100326	0.0
0.8296713322831784	1.8234805500100326	0.0
0.4433008380390369	3.4282382661344277	0.0
0.8296713322831784	1.8234805500100326	0.0
0.42372678454901985	2.9569926817377974	0.0
0.8296713322831784	1.8234805500100326	0.0
0.8296713322831784	1.8234805500100326	0.0
0.8296713322831784	1.8234805500100326	0.0
0.6796495672717271	2.627308712248902	0.0
0.6796495672717271	2.423172994871224	0.0
0.6796495672717271	2.423172994871224	0.0
0.6017458433060641	3.1364764962840104	0.0
0.6017458433060641	3.1360917087932805	0.0
0.6796495672717271	2.627308712248902	0.0
0.4974678676273686	3.1051174357780007	0.0
0.42372678454901985	2.903103863298161	0.0
0.42372678454901985	3.050007300540451	0.0
0.47962054725645875	3.1438651018458237	0.0
0.6735067946989838	2.461622731057054	0.0
0.42372678454901985	3.1041859671962677	0.0
0.4303265318145133	3.229064070628383	0.0
0.2762446183923224	3.1945754953402403	0.0
0.42372678454901985	2.975683716691026	0.0
0.42372678454901985	2.961501829999701	0.0
0.2762446183923224	3.0335888803150546	0.0
0.2762446183923224	3.0335888803150546	0.0
0.42372678454901985	2.903103863298161	0.0
0.044725464590840036	4.351390192691449	0.0
0.25380604919652194	3.37523199647049	0.0
0.25380604919652194	3.119849133913606	0.0
0.3281895029481462	3.6681355381609735	0.0
0.25380604919652194	3.119849133913606	0.0
0.3281895029481462	3.6681355381609735	0.0
0.3281895029481462	3.6681355381609735	0.0
0.25380604919652194	3.37523199647049	0.0
0.3281895029481462	3.6681355381609735	0.0
0.25380604919652194	3.119849133913606	0.0
0.3281895029481462	3.6681355381609735	0.0
0.2762446183923224	3.038488124023625	0.0
0.25380604919652194	3.119849133913606	0.0
0.25380604919652194	3.119849133913606	0.0
0.044725464590840036	4.351390192691449	0.0
0.25380604919652194	3.37523199647049	0.0
0.044725464590840036	4.351390192691449	0.0
0.044725464590840036	4.351390192691449	0.0
0.10503914169327344	4.025971018234598	0.0
0.044725464590840036	4.351390192691449	0.0
0.10503914169327344	3.874610430369437	0.0
0.044725464590840036	4.351390192691449	0.0
0.044725464590840036	4.351390192691449	0.0
0.10503914169327344	4.212488231878842	0.0
0.044725464590840036	4.351390192691449	0.0
0.044725464590840036	4.351390192691449	0.0
0.044725464590840036	4.351390192691449	0.0
0.044725464590840036	4.351390192691449	0.0
0.8697333066466731	2.0258534610602497	0.0
0.8697333066466731	2.0258534610602497	0.0
0.8697333066466731	1.9986160394054986	0.0
0.8697333066466731	1.9560603866525026	0.0
0.8697333066466731	1.9897695871603396	0.0
0.8697333066466731	1.9982684456994666	0.0
0.8697333066466731	1.9867120685690578	0.0
0.8697333066466731	1.5516319035073936	0.0
0.8697333066466731	1.5516319035073936	0.0
0.8697333066466731	1.581723879025621	0.0
0.8697333066466731	1.581723879025621	0.0
0.8697333066466731	1.582647420878978	0.0
0.8697333066466731	1.585939448813914	0.0
0.8697333066466731	1.585939448813914	0.0
0.8697333066466731	1.585939448813914	0.0
0.8697333066466731	1.585939448813914	0.0
0.8296713322831784	1.791038329009422	0.0
0.8296713322831784	1.791038329009422	0.0
0.8296713322831784	1.791038329009422	0.0
0.8296713322831784	2.0352674783259608	0.0
0.8296713322831784	2.0352674783259608	0.0
0.8296713322831784	1.9670338525396827	0.0
0.8296713322831784	1.791038329009422	0.0
0.8296713322831784	1.9670338525396827	0.0
0.8296713322831784	2.101532490874185	0.0
0.8296713322831784	2.022285447601133	0.0
0.8296713322831784	1.919820716371281	0.0
0.8296713322831784	1.919820716371281	0.0
0.8296713322831784	1.6856509103450918	0.0
0.8296713322831784	2.1335427174072183	0.0
0.8296713322831784	1.6856509103450918	0.0
0.8296713322831784	1.791038329009422	0.0
0.8296713322831784	2.1335427174072183	0.0
0.8296713322831784	1.6856509103450918	0.0
0.8296713322831784	1.6841395931432561	0.0
0.8861159273123698	2.381824212837317	0.0
0.8296713322831784	1.9846866656650153	0.0
0.8296713322831784	2.1335427174072183	0.0
0.8660276005180565	2.2833471171576933	0.0
0.8296713322831784	2.022285447601133	0.0
0.8296713322831784	1.8671105735970852	0.0
0.8296713322831784	1.8671105735970852	0.0
0.6885228150653084	2.5099011228317956	0.0
0.6885228150653084	2.899997675056626	0.0
0.8296713322831784	1.8671105735970852	0.0
0.8296713322831784	1.8671105735970852	0.0
0.6885228150653084	2.4974106522970234	0.0
0.6885228150653084	2.5001896580300733	0.0
0.6885228150653084	2.5001896580300733	0.0
0.6885228150653084	2.527007827237372	0.0
0.8296713322831784	1.8671105735970852	0.0
0.8296713322831784	1.8671105735970852	0.0
0.8296713322831784	1.8671105735970852	0.0
0.6796495672717271	2.627308712248902	0.0
0.6796495672717271	2.423172994871224	0.0
0.6796495672717271	2.423172994871224	0.0
0.6293401978194881	2.3694115216423275	0.0
0.6293401978194881	2.3694115216423275	0.0
0.6293401978194881	2.3694115216423275	0.0
0.47614854733846956	2.473884683576968	0.0
0.47614854733846956	2.473884683576968	0.0
0.3995527220979603	2.8804243201505755	0.0
0.3995527220979603	2.8804243201505755	0.0
0.47614854733846956	2.473884683576968	0.0
0.4629344513070174	2.224513825667505	0.0
0.4629344513070174	2.224513825667505	0.0
0.25380604919652194	3.2132923464622967	0.0
0.4629344513070174	2.224513825667505	0.0
0.4629344513070174	2.224513825667505	0.0
0.5674986523622652	2.9146839118934054	0.0
0.43124358670248886	2.5064742108103366	0.0
0.43124358670248886	2.5064742108103366	0.0
0.0	4.271940038614754	0.0
0.43124358670248886	2.794218201561541	0.0
0.43124358670248886	2.794218201561541	0.0
0.3995527220979603	2.864894193181993	0.0
0.43124358670248886	2.794218201561541	0.0
0.044725464590840036	3.7756144649524326	0.0
0.044725464590840036	3.7756144649524326	0.0
0.43124358670248886	2.794218201561541	0.0
0.044725464590840036	3.7756144649524326	0.0
0.2538299579489287	3.0580224953134367	0.0
0.35838220462797304	3.4641661428724806	0.0
0.2538299579489287	2.8860270464885254	0.0
0.2538299579489287	3.0580224953134367	0.0
0.2538299579489287	3.0580224953134367	0.0
0.0	4.271940038614754	0.0
0.2538299579489287	2.8860270464885254	0.0
0.0	4.271940038614754	0.0
0.0	4.271940038614754	0.0
0.044725464590840036	3.7756144649524326	0.0
0.044725464590840036	3.7756144649524326	0.0
0.044725464590840036	3.6492401859673564	0.0
0.0	4.271940038614754	0.0
0.0	4.271940038614754	0.0
0.10503914169327344	4.212488231878842	0.0
0.044725464590840036	3.622449130578879	0.0
0.0	4.271940038614754	0.0
0.0	4.271940038614754	0.0
0.0	4.271940038614754	0.0
0.8497023194649258	1.6280915206881275	0.0
0.8497023194649258	1.6280915206881275	0.0
0.8497023194649258	1.611104039379038	0.0
0.8497023194649258	1.611104039379038	0.0
0.8497023194649258	1.588449704852014	0.0
0.8497023194649258	1.5857588844335428	0.0
0.8497023194649258	1.5857588844335428	0.0
0.8396868258740521	1.6401634023717586	0.0
0.8396868258740521	1.6401634023717586	0.0
0.8396868258740521	1.633037980613118	0.0
0.8396868258740521	1.633037980613118	0.0
0.8396868258740521	1.5947481976782332	0.0
0.8396868258740521	1.5947481976782332	0.0
0.8396868258740521	1.5947481976782332	0.0
0.8396868258740521	1.589323167031822	0.0
0.8396868258740521	1.521411630722912	0.0
0.8396868258740521	1.521411630722912	0.0
0.8396868258740521	1.521411630722912	0.0
0.8396868258740521	1.521411630722912	0.0
0.8246635854877415	1.9429388312565354	0.0
0.8246635854877415	1.9429388312565354	0.0
0.8396868258740521	1.6457977300144764	0.0
0.8396868258740521	1.521411630722912	0.0
0.8246635854877415	1.9381520434777968	0.0
0.8246635854877415	1.9381520434777968	0.0
0.8246635854877415	1.9461672245254804	0.0
0.8246635854877415	2.1066863832059286	0.0
0.8246635854877415	2.1066863832059286	0.0
0.8246635854877415	1.6962968347648892	0.0
0.8246635854877415	1.6962968347648892	0.0
0.8246635854877415	1.6962968347648892	0.0
0.8246635854877415	1.6962968347648892	0.0
0.8246635854877415	1.677804190930497	0.0
0.8246635854877415	1.6599337649343981	0.0
0.8246635854877415	1.9429388312565354	0.0
0.45508267874485214	2.1858051458570795	0.0
0.8246635854877415	1.6599337649343981	0.0
0.45508267874485214	2.1858051458570795	0.0
0.8246635854877415	1.5635975456938964	0.0
0.8246635854877415	1.5635975456938964	0.0
0.6398731321162968	1.7711766423103579	0.0
0.6398731321162968	1.7711766423103579	0.0
0.6398731321162968	1.7711766423103579	0.0
0.6398731321162968	1.7312374215099702	0.0
0.6398731321162968	1.7312374215099702	0.0
0.6398731321162968	1.7336737924496204	0.0
0.6398731321162968	1.7336737924496204	0.0
0.6398731321162968	1.7336737924496204	0.0
0.6398731321162968	1.7336737924496204	0.0
0.6398731321162968	1.7590056337942115	0.0
0.6279535860951152	2.127739901608297	0.0
0.6279535860951152	2.196027911633741	0.0
0.45508267874485214	2.336123066084833	0.0
0.45508267874485214	2.336123066084833	0.0
0.45508267874485214	2.1441844469132576	0.0
0.45508267874485214	2.1441844469132576	0.0
0.45508267874485214	2.263823020222808	0.0
0.45508267874485214	2.263823020222808	0.0
0.45508267874485214	2.263823020222808	0.0
0.40280655540532995	2.727382293063345	0.0
0.40280655540532995	2.7096128637884163	0.0
0.40280655540532995	2.779007079265848	0.0
0.40280655540532995	2.782858521582812	0.0
0.40280655540532995	2.725594439971783	0.0
0.40280655540532995	2.725594439971783	0.0
0.45508267874485214	2.263823020222808	0.0
0.40280655540532995	2.7641714711941727	0.0
0.40280655540532995	2.7641714711941727	0.0
0.2538299579489287	2.6453003577583503	0.0
0.2538299579489287	2.7433988428081713	0.0
0.2538299579489287	2.6453003577583503	0.0
0.2538299579489287	2.6453003577583503	0.0
0.2538299579489287	2.6453003577583503	0.0
0.38074493692339306	3.1954542046062078	0.0
0.2538299579489287	2.6453003577583503	0.0
0.2538299579489287	2.7433988428081713	0.0
0.2538299579489287	3.0611825191210884	0.0
0.21273520075711655	3.514831042977644	0.0
0.21273520075711655	3.514831042977644	0.0
0.38074493692339306	3.1954542046062078	0.0
0.21273520075711655	3.514831042977644	0.0
0.2538299579489287	2.7433988428081713	0.0
0.11446725001036537	3.3057803532201	0.0
0.2538299579489287	2.6453003577583503	0.0
0.2538299579489287	3.0611825191210884	0.0
0.2538299579489287	3.0611825191210884	0.0
0.0	4.321083769287197	0.0
0.11446725001036537	3.3057803532201	0.0
0.0	4.321083769287197	0.0
0.0	4.321083769287197	0.0
0.21273520075711655	3.514831042977644	0.0
0.11446725001036537	3.3326353174072496	0.0
0.11446725001036537	3.3057803532201	0.0
0.0	4.321083769287197	0.0
0.0	4.321083769287197	0.0
0.10503914169327344	4.212488231878842	0.0
0.044725464590840036	3.622449130578879	0.0
0.0	4.321083769287197	0.0
0.0	4.321083769287197	0.0
0.0	4.271940038614754	0.0
0.8497023194649258	1.430086260507675	0.0
0.8396868258740521	1.527646739008359	0.0
0.8396868258740521	1.587801016481963	0.0
0.8396868258740521	1.538675992840344	0.0
0.8396868258740521	1.538675992840344	0.0
0.8396868258740521	1.638496713566046	0.0
0.8396868258740521	1.538675992840344	0.0
0.8396868258740521	1.6306942758978336	0.0
0.8497023194649258	1.3845450135499056	0.0
0.8246635854877415	1.6495346781394296	0.0
0.8246635854877415	1.6495346781394296	0.0
0.8396868258740521	1.5184783406362528	0.0
0.8246635854877415	1.6845569731187475	0.0
0.8396868258740521	1.527646739008359	0.0
0.8246635854877415	1.6691168685839117	0.0
0.8246635854877415	1.6691168685839117	0.0
0.8246635854877415	1.6691168685839117	0.0
0.8246635854877415	1.6691168685839117	0.0
0.8246635854877415	1.6691168685839117	0.0
0.8246635854877415	1.6133641139905621	0.0
0.8246635854877415	1.6133641139905621	0.0
0.8396868258740521	1.6457977300144764	0.0
0.8246635854877415	1.6133641139905621	0.0
0.8246635854877415	1.7689108894015946	0.0
0.8246635854877415	1.7635064014593833	0.0
0.8246635854877415	1.7589679540818226	0.0
0.8246635854877415	1.75044638327991	0.0
0.8246635854877415	1.6845569731187475	0.0
0.45508267874485214	2.567830752282168	0.0
0.45508267874485214	2.567830752282168	0.0
0.8246635854877415	1.75044638327991	0.0
0.8246635854877415	1.75044638327991	0.0
0.8246635854877415	1.75044638327991	0.0
0.8246635854877415	1.75044638327991	0.0
0.8246635854877415	1.7740068844119334	0.0
0.6279535860951152	2.056234812092828	0.0
0.8246635854877415	1.75044638327991	0.0
0.6279535860951152	2.056234812092828	0.0
0.6392637302700144	1.9249849547963789	0.0
0.8246635854877415	1.75044638327991	0.0
0.6392637302700144	1.9153946897894016	0.0
0.6392637302700144	1.9153946897894016	0.0
0.6392637302700144	1.9153946897894016	0.0
0.6392637302700144	1.9153946897894016	0.0
0.6392637302700144	1.9153946897894016	0.0
0.6392637302700144	1.9153946897894016	0.0
0.44654684410947154	2.1589252115393043	0.0
0.44654684410947154	2.1716756584687182	0.0
0.44654684410947154	2.1716756584687182	0.0
0.44654684410947154	2.1716756584687182	0.0
0.6392637302700144	1.9153946897894016	0.0
0.44654684410947154	2.1623339899118985	0.0
0.44654646370713796	2.162335510245946	0.0
0.44654646370713796	2.162335510245946	0.0
0.44654646370713796	2.1886186697108863	0.0
0.44654646370713796	2.1886186697108863	0.0
0.44654646370713796	2.186070869293146	0.0
0.44654646370713796	2.186070869293146	0.0
0.44654646370713796	2.186070869293146	0.0
0.44654646370713796	2.162335510245946	0.0
0.44654684410947154	2.1589252115393043	0.0
0.2538299579489287	2.6711993380247945	0.0
0.2538299579489287	2.6711993380247945	0.0
0.44654646370713796	2.186070869293146	0.0
0.44654646370713796	2.186070869293146	0.0
0.44654646370713796	2.186070869293146	0.0
0.2323275402180326	2.838478195253442	0.0
0.44654646370713796	2.162335510245946	0.0
0.44654646370713796	2.186070869293146	0.0
0.2538299579489287	2.6711993380247945	0.0
0.4289238731617786	2.2070655595529747	0.0
0.4289238731617786	2.2070655595529747	0.0
0.4289238731617786	2.2070655595529747	0.0
0.28062836340464364	2.950121903513398	0.0
0.2538299579489287	2.5741771068641257	0.0
0.2538299579489287	2.6711993380247945	0.0
0.28062836340464364	2.950121903513398	0.0
0.28062836340464364	2.950121903513398	0.0
0.2538299579489287	2.7814678456949427	0.0
0.2538299579489287	2.7814678456949427	0.0
0.2538299579489287	2.7814678456949427	0.0
0.271695561586072	2.878898815220225	0.0
0.28062836340464364	2.950121903513398	0.0
0.2538299579489287	2.6453003577583503	0.0
0.271695561586072	2.878898815220225	0.0
0.271695561586072	2.878898815220225	0.0
0.28062836340464364	2.950121903513398	0.0
0.2323275402180326	2.997584001521789	0.0
0.28062836340464364	2.950121903513398	0.0
0.28062836340464364	2.950121903513398	0.0
0.044725464590840036	3.60776126728428	0.0
0.11446725001036537	3.3326353174072496	0.0
0.11446725001036537	3.3057803532201	0.0
0.28062836340464364	2.950121903513398	0.0
0.044725464590840036	3.60776126728428	0.0
0.10503914169327344	4.212488231878842	0.0
0.044725464590840036	3.622449130578879	0.0
0.044725464590840036	3.525229597675526	0.0
0.044725464590840036	3.60776126728428	0.0
0.0	4.271940038614754	0.0
0.8497023194649258	1.2516477840845213	0.0
0.8497023194649258	1.2416755935142385	0.0
0.8497023194649258	1.525139276271247	0.0
0.8497023194649258	1.374001579023617	0.0
0.8497023194649258	1.4091838704503583	0.0
0.8497023194649258	1.4074397953247884	0.0
0.8497023194649258	1.4074397953247884	0.0
0.8497023194649258	1.4693346655601156	0.0
0.8497023194649258	1.374001579023617	0.0
0.8497023194649258	1.4693346655601156	0.0
0.8497023194649258	1.374001579023617	0.0
0.8497023194649258	1.3656082332903934	0.0
0.8497023194649258	1.4074397953247884	0.0
0.8497023194649258	1.374001579023617	0.0
0.8497023194649258	1.4693346655601156	0.0
0.8497023194649258	1.4693346655601156	0.0
0.8497023194649258	1.4693346655601156	0.0
0.8497023194649258	1.4693346655601156	0.0
0.8497023194649258	1.4082020459878593	0.0
0.8497023194649258	1.5052452848698408	0.0
0.8497023194649258	1.4693346655601156	0.0
0.8497023194649258	1.5052452848698408	0.0
0.8497023194649258	1.4693346655601156	0.0
0.8188463210488269	1.876385011216839	0.0
0.8188463210488269	1.876385011216839	0.0
0.8188463210488269	1.8765432498534622	0.0
0.8497023194649258	1.5052452848698408	0.0
0.8246635854877415	1.6845569731187475	0.0
0.8345819746546123	1.574625803662136	0.0
0.8345819746546123	1.5917325862279523	0.0
0.8345819746546123	1.5917325862279523	0.0
0.8246635854877415	1.75044638327991	0.0
0.8345819746546123	1.5917325862279523	0.0
0.8345819746546123	1.5917325862279523	0.0
0.8345819746546123	1.5917325862279523	0.0
0.8345819746546123	1.5917325862279523	0.0
0.8246635854877415	1.75044638327991	0.0
0.6392637302700144	1.794147244434807	0.0
0.6392637302700144	1.7962259745159677	0.0
0.6392637302700144	1.7766332106379552	0.0
0.6392637302700144	1.795802096472288	0.0
0.6392637302700144	1.795802096472288	0.0
0.6392637302700144	1.8025978045657416	0.0
0.4421406258696313	2.3904888271424434	0.0
0.6392637302700144	1.8025978045657416	0.0
0.637060811351261	1.6965990502275736	0.0
0.637060811351261	1.6965990502275736	0.0
0.45095249174581137	2.264936782133039	0.0
0.637060811351261	1.6903687718568323	0.0
0.637060811351261	1.6903687718568323	0.0
0.637060811351261	1.6903687718568323	0.0
0.45095249174581137	2.1361671165158547	0.0
0.45095249174581137	2.1361671165158547	0.0
0.45095249174581137	2.1361671165158547	0.0
0.44654646370713796	2.0986009722435286	0.0
0.44654646370713796	2.0986009722435286	0.0
0.44654646370713796	2.047157425257159	0.0
0.44654646370713796	2.047157425257159	0.0
0.4421406258696313	2.233655957502422	0.0
0.44654646370713796	2.162335510245946	0.0
0.44654684410947154	2.1589252115393043	0.0
0.4421406258696313	2.3751702014682636	0.0
0.4421406258696313	2.233655957502422	0.0
0.4421406258696313	2.3751702014682636	0.0
0.44654646370713796	2.047157425257159	0.0
0.44654646370713796	2.047157425257159	0.0
0.271695561586072	2.8558469383010117	0.0
0.44654646370713796	2.162335510245946	0.0
0.4421406258696313	2.356276559365285	0.0
0.4421406258696313	2.356276559365285	0.0
0.4421406258696313	2.356276559365285	0.0
0.4421406258696313	2.356276559365285	0.0
0.4421406258696313	2.356276559365285	0.0
0.4326188731688442	2.454204166091828	0.0
0.2538299579489287	2.5741771068641257	0.0
0.2538299579489287	2.6711993380247945	0.0
0.4326188731688442	2.454204166091828	0.0
0.0839644554737021	3.248436100875557	0.0
0.24254135260149517	2.6857637981562426	0.0
0.24254135260149517	2.6857637981562426	0.0
0.2538299579489287	2.7814678456949427	0.0
0.24254135260149517	2.6857637981562426	0.0
0.24254135260149517	2.6857637981562426	0.0
0.2538299579489287	2.6453003577583503	0.0
0.24254135260149517	2.6857637981562426	0.0
0.24254135260149517	2.6963391769314575	0.0
0.0839644554737021	3.248436100875557	0.0
0.24254135260149517	2.6857637981562426	0.0
0.0839644554737021	3.248436100875557	0.0
0.0839644554737021	3.248436100875557	0.0
0.0839644554737021	3.248436100875557	0.0
0.11446725001036537	3.3326353174072496	0.0
0.11446725001036537	3.3057803532201	0.0
0.0839644554737021	3.248436100875557	0.0
0.0839644554737021	3.248436100875557	0.0
0.10503914169327344	4.212488231878842	0.0
0.044725464590840036	3.622449130578879	0.0
0.044725464590840036	3.525229597675526	0.0
0.0839644554737021	3.248436100875557	0.0
0.0	4.271940038614754	0.0
0.8497023194649258	1.2516477840845213	0.0
0.8497023194649258	1.2416755935142385	0.0
0.8497023194649258	1.2451275266880095	0.0
0.8497023194649258	1.2451275266880095	0.0
0.8497023194649258	1.2451275266880095	0.0
0.8371829524763337	1.4610019017585734	0.0
0.8497023194649258	1.3607060865339942	0.0
0.8497023194649258	1.2109868058287154	0.0
0.8497023194649258	1.2109868058287154	0.0
0.8497023194649258	1.1894518344062122	0.0
0.8497023194649258	1.1894518344062122	0.0
0.8497023194649258	1.3121902720935723	0.0
0.8497023194649258	1.1894518344062122	0.0
0.8497023194649258	1.1894518344062122	0.0
0.8497023194649258	1.25278894758812	0.0
0.8497023194649258	1.4093335486582381	0.0
0.8497023194649258	1.4093335486582381	0.0
0.8497023194649258	1.4093335486582381	0.0
0.8497023194649258	1.4082020459878593	0.0
0.8419883198609011	1.4944960099920823	0.0
0.8497023194649258	1.4093335486582381	0.0
0.8419883198609011	1.4944960099920823	0.0
0.8497023194649258	1.4093335486582381	0.0
0.8265603206528516	1.7029648900694336	0.0
0.8265603206528516	1.6836954937454658	0.0
0.8265603206528516	1.6884983287578923	0.0
0.8419883198609011	1.2146105767154065	0.0
0.8419883198609011	1.2146105767154065	0.0
0.8419883198609011	1.2146105767154065	0.0
0.8419883198609011	1.2146105767154065	0.0
0.8419883198609011	1.2146105767154065	0.0
0.8419883198609011	1.2146105767154065	0.0
0.8419883198609011	1.2146105767154065	0.0
0.6628386114123322	1.640098500908709	0.0
0.6628386114123322	1.640098500908709	0.0
0.6628386114123322	1.640098500908709	0.0
0.6628386114123322	1.6762851262365162	0.0
0.6628386114123322	1.6762851262365162	0.0
0.6757275114428678	1.8585485363236423	0.0
0.6628386114123322	1.6762851262365162	0.0
0.6628386114123322	1.6762851262365162	0.0
0.6628386114123322	1.6762851262365162	0.0
0.6628386114123322	1.6762851262365162	0.0
0.6757275114428678	1.828335311933461	0.0
0.6757275114428678	1.828335311933461	0.0
0.6628386114123322	1.6762851262365162	0.0
0.637060811351261	1.695641406062448	0.0
0.42501038494374804	2.0801546358345258	0.0
0.42501038494374804	2.0801546358345258	0.0
0.6757275114428678	1.828335311933461	0.0
0.637060811351261	1.695641406062448	0.0
0.4865111303219649	2.044495291767329	0.0
0.4865111303219649	2.044495291767329	0.0
0.4865111303219649	2.044495291767329	0.0
0.4865111303219649	2.044495291767329	0.0
0.4865111303219649	2.044495291767329	0.0
0.42501038494374804	2.146895307213376	0.0
0.4865111303219649	2.044495291767329	0.0
0.42501038494374804	2.146895307213376	0.0
0.44654646370713796	2.162335510245946	0.0
0.44654684410947154	2.1589252115393043	0.0
0.4865111303219649	2.044495291767329	0.0
0.42501038494374804	2.146895307213376	0.0
0.4865111303219649	2.044495291767329	0.0
0.4865111303219649	2.044495291767329	0.0
0.42501038494374804	2.146895307213376	0.0
0.30352859820846334	2.8449515379470847	0.0
0.42501038494374804	2.0801546358345258	0.0
0.42501038494374804	2.293085336821709	0.0
0.42501038494374804	2.146895307213376	0.0
0.42501038494374804	2.293085336821709	0.0
0.42501038494374804	2.293085336821709	0.0
0.42501038494374804	2.293085336821709	0.0
0.27201837350878033	2.6178678127494885	0.0
0.2538299579489287	2.5741771068641257	0.0
0.27201837350878033	2.6178678127494885	0.0
0.24050814880909735	2.5294507530862633	0.0
0.24050814880909735	2.5294507530862633	0.0
0.27201837350878033	2.6178678127494885	0.0
0.27201837350878033	2.6178678127494885	0.0
0.27201837350878033	2.558651085436518	0.0
0.27201837350878033	2.6178678127494885	0.0
0.27201837350878033	2.558651085436518	0.0
0.2538299579489287	2.6453003577583503	0.0
0.27201837350878033	2.6178678127494885	0.0
0.24050814880909735	2.5294507530862633	0.0
0.27201837350878033	2.6178678127494885	0.0
0.24050814880909735	2.8236828507077134	0.0
0.13630834869955766	3.0838456545223454	0.0
0.13630834869955766	3.0838456545223454	0.0
0.13630834869955766	3.0838456545223454	0.0
0.13630834869955766	3.0838456545223454	0.0
0.11446725001036537	3.3057803532201	0.0
0.13630834869955766	3.0838456545223454	0.0
0.13630834869955766	3.0838456545223454	0.0
0.10503914169327344	4.212488231878842	0.0
0.044725464590840036	3.622449130578879	0.0
0.044725464590840036	3.525229597675526	0.0
0.13630834869955766	3.0838456545223454	0.0
0.0	4.271940038614754	0.0
