1.3586531593592064	0.0008124236008965606	0.0
1.3586531593592064	0.0008124236008965606	0.0
1.3586531593592064	0.0008124236008965606	0.0
1.3128495217587053	0.036381543999640456	0.0
1.2658732027423534	0.04715603898743224	0.0
1.215824404983665	0.06513211432144064	0.0
1.1390977319968218	0.07838964113684282	0.0
0.9574158949741223	0.08762518441130633	0.0
0.9574158949741223	0.08762518441130633	0.0
0.9574158949741223	0.08762518441130633	0.0
0.9570274700996821	0.10007540468026853	0.0
0.9570274700996821	0.10007540468026853	0.0
0.9570274700996821	0.10007540468026853	0.0
0.9570274700996821	0.1363121998679056	0.0
0.9570274700996821	0.1363121998679056	0.0
0.9570274700996821	0.1363121998679056	0.0
0.9570274700996821	0.1363121998679056	0.0
0.7540223542424197	0.19009806576572724	0.0
0.7540223542424197	0.19009806576572724	0.0
0.7540223542424197	0.19009806576572724	0.0
0.7540223542424197	0.19009806576572724	0.0
0.6323515376748168	0.19276804538708275	0.0
0.6323515376748168	0.19276804538708275	0.0
0.6323515376748168	0.19276804538708275	0.0
0.6305541782925456	0.19276804538708275	0.0
0.6305541782925456	0.19276804538708275	0.0
0.5921861145327444	0.21656167761931774	0.0
0.5913748431418798	0.22423088265526284	0.0
0.5913748431418798	0.22423088265526284	0.0
0.5913748431418798	0.22423088265526284	0.0
0.5251550936290068	0.24722672570143023	0.0
0.5251550936290068	0.24722672570143023	0.0
0.5251550936290068	0.24722672570143023	0.0
0.5056283787284488	0.2577663543559872	0.0
0.5056283787284488	0.2577663543559872	0.0
0.4991866086202434	0.26756937597434194	0.0
0.4991866086202434	0.26756937597434194	0.0
0.4991866086202434	0.26756937597434194	0.0
0.49413881731534026	0.3100541884630821	0.0
0.4563867178439826	0.31098552913002264	0.0
0.44488588851144495	0.31098552913002264	0.0
0.443227472346569	0.3113595401329755	0.0
0.4429015103819049	0.32730178059752524	0.0
0.4300482415527089	0.3370733068145485	0.0
0.4300482415527089	0.3370733068145485	0.0
0.4247506953778024	0.3478019136538552	0.0
0.4053399992810464	0.360891802264571	0.0
0.40040394423633996	0.3658807030993046	0.0
0.39543925741023894	0.3741777445931537	0.0
0.39543925741023894	0.3741777445931537	0.0
0.3807555560486574	0.39771895142568353	0.0
0.37484606280549565	0.3985205086978274	0.0
0.37484606280549565	0.3985205086978274	0.0
0.3632113597349975	0.41837780101857724	0.0
0.35134348680976135	0.42649490639154697	0.0
0.35134348680976135	0.42649490639154697	0.0
0.3394695782994311	0.44483323881140735	0.0
0.3306288996003911	0.4500864448364823	0.0
0.32405736178221284	0.45736631825479485	0.0
0.31153364906122805	0.47557680982840334	0.0
0.31153364906122805	0.47557680982840334	0.0
0.3062101008778828	0.4892282383200742	0.0
0.30201296100683084	0.49732782657003666	0.0
0.2918130661856443	0.5179521068175187	0.0
0.2782673150492384	0.5246965192531556	0.0
0.2782673150492384	0.5281831870205986	0.0
0.26382384511847434	0.5549637703115434	0.0
0.2617747756472464	0.5555146757182425	0.0
0.25106398595674295	0.5636262923771048	0.0
0.24605166199258002	0.569474586000721	0.0
0.23814250367751041	0.5863869147895931	0.0
0.23470267748884718	0.5892646389130576	0.0
0.22770548239227079	0.6005167053183681	0.0
0.21851612149802763	0.6325461305099097	0.0
0.20759666646212319	0.6369151107965701	0.0
0.2035282973120872	0.6471474886066164	0.0
0.19724322175784623	0.6471474886066164	0.0
0.18840915836698546	0.6697049935975548	0.0
0.18132055663040128	0.6755771364828718	0.0
0.17379119937344328	0.69620507185952	0.0
0.16542069515360464	0.7140141242662211	0.0
0.15295764846813484	0.7203964293700864	0.0
0.14968407174036305	0.7287100067229502	0.0
0.1361103504253065	0.7502353729583315	0.0
0.1315856105060168	0.7571853882865536	0.0
0.12371472654858273	0.777893243559608	0.0
0.10722192838605997	0.8008995491996457	0.0
0.10722192838605997	0.8008995491996457	0.0
0.10288871414002318	0.824537475069907	0.0
0.09250269120686344	0.8322984702638101	0.0
0.08042082805393481	0.8540487275491927	0.0
0.07609879793175459	0.8628049366980896	0.0
0.059372771594432064	0.8873679169061984	0.0
0.05202153809653029	0.9032633534208577	0.0
0.041994961030215446	0.9181683857161721	0.0
0.03933632028080387	0.9339934544899244	0.0
0.028464635161391253	0.959768401830656	0.0
0.012365681859787023	0.9809963378686495	0.0
0.0011065001376111105	1.0002004984017163	0.0
2.984009456046613e-06	1.020869894218231	0.0
