1.4933983526461367	1.3777642316604026	2.0
0.9412294300530879	0.7821831453116028	1.0
0.7453228326200972	2.1490477405687094	1.0
0.6380464347589936	1.0747367275291966	2.0
0.7075248394843581	1.5355588755569247	1.0
0.30794146131986655	4.48941001222719	2.0
1.3092158264868616	0.4598391384681889	1.0
2.9590161738199914	2.8045285487100275	2.0
2.2011342883983698	2.6619134302119156	2.0
1.4888317885816658	0.7093606433124889	2.0
0.9412294300530879	0.7780762286949977	2.0
0.9412294300530879	0.7780762286949977	1.0
0.9412294300530879	0.7780762286949977	1.0
0.6380464347589936	1.0747367275291966	2.0
0.7075248394843581	1.5355588755569247	1.0
1.0001721600744897	1.0301588300291964	2.0
1.0001721600744897	1.0301588300291964	1.0
1.0001721600744897	1.0301588300291964	2.0
1.0001721600744897	0.9717423178708522	2.0
1.0001721600744897	0.9475514027998183	1.0
0.9412294300530879	0.7780762286949977	1.0
0.9412294300530879	0.7780762286949977	1.0
0.6835647183771185	0.7754643324451375	1.0
0.6835647183771185	0.7754643324451375	2.0
0.6835647183771185	0.7754643324451375	2.0
1.0001721600744897	1.0301588300291964	2.0
1.0001721600744897	1.0301588300291964	2.0
1.0001721600744897	1.0301588300291964	2.0
1.0001721600744897	0.9717423178708522	2.0
1.0001721600744897	0.9475514027998183	1.0
0.9720418434987088	0.7291080311326645	1.0
0.9720418434987088	0.7291080311326645	1.0
0.9720418434987088	0.7291080311326645	1.0
0.6835647183771185	0.7742722257693397	2.0
0.6450271837395692	0.7742722257693397	2.0
0.6450271837395692	0.7742722257693397	2.0
0.6486496305043268	0.7469158138659121	2.0
1.0001721600744897	1.0301588300291964	2.0
1.0001721600744897	0.9717423178708522	2.0
1.0001721600744897	0.9475514027998183	1.0
0.9720418434987088	0.7291080311326645	1.0
0.6835647183771185	0.4607835221473022	1.0
0.6835647183771185	0.4607835221473022	1.0
0.6835647183771185	0.4607835221473022	1.0
0.6450271837395692	0.7742722257693397	2.0
0.6450271837395692	0.7742722257693397	2.0
0.6353103821721225	0.7536065764703888	2.0
0.6353103821721225	0.7536065764703888	2.0
0.6353103821721225	0.7536065764703888	2.0
0.6353103821721225	0.7536065764703888	2.0
1.1317969674307577	0.5114612388070656	1.0
0.6835647183771185	0.4607835221473022	1.0
0.6835647183771185	0.4607835221473022	1.0
0.6835647183771185	0.4607835221473022	1.0
0.6450271837395692	0.7742722257693397	2.0
0.6353103821721225	0.7536065764703888	2.0
0.6353103821721225	0.7536065764703888	2.0
0.634029026048186	0.7804557596634775	2.0
0.634029026048186	0.7804557596634775	2.0
0.634029026048186	0.7804557596634775	2.0
1.1317969674307577	0.5114612388070656	1.0
0.6835647183771185	0.4607835221473022	1.0
0.6835647183771185	0.4607835221473022	1.0
0.6835647183771185	0.4607835221473022	1.0
0.6353103821721225	0.20579131430174585	2.0
0.6353103821721225	0.7536065764703888	2.0
0.634029026048186	0.7536065764703888	2.0
0.634029026048186	0.7804557596634775	2.0
0.634029026048186	0.7804557596634775	2.0
0.634029026048186	0.7804557596634775	2.0
0.6835647183771185	0.4455861727116475	1.0
0.6835647183771185	0.4455861727116475	1.0
0.8358705198386683	0.21437131388375583	1.0
0.6835647183771185	0.4607835221473022	1.0
0.6353103821721225	0.20579131430174585	2.0
0.6353103821721225	0.7536065764703888	2.0
0.634029026048186	0.7536065764703888	2.0
0.5979747752945634	0.5581325713497904	2.0
0.5979747752945634	0.5581325713497904	2.0
0.5979747752945634	0.5581325713497904	2.0
0.7794246032121634	0.43310662810312034	1.0
0.7794246032121634	0.43310662810312034	1.0
0.8358705198386683	0.21437131388375583	1.0
0.6705489209656088	0.18620933284689462	1.0
0.6353103821721225	0.20579131430174585	2.0
0.6353103821721225	0.7536065764703888	2.0
0.634029026048186	0.7536065764703888	2.0
0.5941196282340067	0.5540746823417184	2.0
0.5941196282340067	0.5540746823417184	2.0
0.5941196282340067	0.5540746823417184	2.0
0.7794246032121634	0.43310662810312034	1.0
0.8027403423295616	0.19698707065644952	1.0
0.8027403423295616	0.19698707065644952	1.0
0.6587173822960541	0.16637791626858245	2.0
0.5993550693752503	0.451362716855439	2.0
0.6232529997784418	0.19763454819206144	2.0
0.6232529997784418	0.19763454819206144	2.0
0.5941196282340067	0.5540746823417184	2.0
0.5941196282340067	0.5540746823417184	2.0
0.5941196282340067	0.5540746823417184	2.0
0.8027403423295616	0.19698707065644952	1.0
0.8027403423295616	0.19698707065644952	2.0
0.6587173822960541	0.17365086008277686	2.0
0.6587173822960541	0.16637791626858245	2.0
0.5993550693752503	0.451362716855439	2.0
0.6232529997784418	0.19763454819206144	2.0
0.6003588542277468	0.31069856522934886	2.0
0.5941196282340067	0.5540746823417184	2.0
0.5941196282340067	0.5540746823417184	2.0
0.5941196282340067	0.5540746823417184	2.0
0.792489138684174	0.16661501249724325	2.0
0.6587173822960541	0.17365086008277686	2.0
0.6587173822960541	0.17365086008277686	2.0
0.5993550693752503	0.32666013752292256	2.0
0.5966292898150312	0.2571204260873243	2.0
0.5966292898150312	0.2571204260873243	2.0
0.5941196282340067	0.24440076780978523	2.0
0.5941196282340067	0.5540746823417184	2.0
0.5941196282340067	0.5540746823417184	2.0
0.5941196282340067	0.5540746823417184	2.0
0.792489138684174	0.16661501249724325	2.0
0.6587173822960541	0.17365086008277686	2.0
0.6587173822960541	0.17365086008277686	2.0
0.5993550693752503	0.32666013752292256	2.0
0.5953690611691026	0.2285622907639012	2.0
0.5953690611691026	0.2285622907639012	2.0
0.5941196282340067	0.24440076780978523	2.0
0.5941196282340067	0.5540746823417184	2.0
0.5941196282340067	0.5540746823417184	2.0
0.5941196282340067	0.5540746823417184	2.0
0.6655537924512479	0.1535468282450125	2.0
0.6587173822960541	0.17365086008277686	2.0
0.6587173822960541	0.17365086008277686	2.0
0.5983017772980495	0.22267617975269904	2.0
0.5940192091744326	0.22432974338449413	2.0
0.5928782453526918	0.23893004658980316	2.0
0.5928782453526918	0.23893004658980316	2.0
0.5928782453526918	0.23893004658980316	2.0
0.5941196282340067	0.5540746823417184	2.0
0.5941196282340067	0.5540746823417184	2.0
0.6765275585872992	0.1497557031207545	2.0
0.6493194013172132	0.15872091968670843	2.0
0.5983017772980495	0.26809916108232223	2.0
0.5940192091744326	0.22562958276458897	2.0
0.5928782453526918	0.23893004658980316	2.0
0.5928782453526918	0.23893004658980316	2.0
0.5928782453526918	0.23893004658980316	2.0
0.5928782453526918	0.23893004658980316	2.0
0.5931891553507511	0.2531529770252029	2.0
0.5934978814334301	0.2502721593966925	2.0
0.6765275585872992	0.1497557031207545	2.0
0.6493194013172132	0.15872091968670843	2.0
0.5928782453526918	0.240229885969898	2.0
0.5928782453526918	0.240229885969898	2.0
0.5928782453526918	0.23893004658980316	2.0
0.5928782453526918	0.23893004658980316	2.0
0.5928782453526918	0.23893004658980316	2.0
0.5928782453526918	0.23893004658980316	2.0
0.5931891553507511	0.2531529770252029	2.0
0.5934978814334301	0.2502721593966925	2.0
0.6765275585872992	0.1497557031207545	2.0
0.6493194013172132	0.15872091968670843	2.0
0.5928782453526918	0.240229885969898	2.0
0.5928782453526918	0.240229885969898	2.0
0.5928782453526918	0.23893004658980316	2.0
0.5928782453526918	0.23893004658980316	2.0
0.5928782453526918	0.23893004658980316	2.0
0.5928782453526918	0.23893004658980316	2.0
0.5931891553507511	0.2531529770252029	2.0
0.5931891553507511	0.2656488218768696	2.0
0.6765275585872992	0.1497557031207545	2.0
0.6493194013172132	0.15872091968670843	2.0
0.5928765025460669	0.240229885969898	2.0
0.5928765025460669	0.240229885969898	2.0
0.5928782453526918	0.23893004658980316	2.0
0.5928782453526918	0.23893004658980316	2.0
0.5928782453526918	0.23893004658980316	2.0
0.5928782453526918	0.23893004658980316	2.0
0.5928782453526918	0.24064804093416567	2.0
0.5928782453526918	0.2522823353293636	2.0
0.6765275585872992	0.1497557031207545	2.0
0.6325550751408591	0.18643591283569913	2.0
0.5928765025460669	0.240229885969898	2.0
0.5928765025460669	0.240229885969898	2.0
0.5928765025460669	0.25108910459696726	2.0
0.5928765025460669	0.25108910459696726	2.0
0.5928782453526918	0.23893004658980316	2.0
0.5928782453526918	0.23893004658980316	2.0
0.5928782453526918	0.24064804093416567	2.0
0.5928782453526918	0.2522823353293636	2.0
0.6454084975836435	0.14879024459752352	2.0
0.6325550751408591	0.18643591283569913	2.0
0.5928765025460669	0.240229885969898	2.0
0.5928765025460669	0.240229885969898	2.0
0.5928765025460669	0.25108910459696726	2.0
0.5928765025460669	0.25108910459696726	2.0
0.5928765025460669	0.27515277932169757	2.0
0.5928782453526918	0.23893004658980316	2.0
0.5928782453526918	0.24064804093416567	2.0
0.5928782453526918	0.2522823353293636	2.0
0.6454084975836435	0.14879024459752352	2.0
0.6325550751408591	0.18643591283569913	2.0
0.5928765025460669	0.240229885969898	2.0
0.5928765025460669	0.240229885969898	2.0
0.5928765025460669	0.25108910459696726	2.0
0.5928765025460669	0.25108910459696726	2.0
0.5928765025460669	0.27515277932169757	2.0
0.5928765025460669	0.2744587681583497	2.0
0.5928782453526918	0.24064804093416567	2.0
0.5928782453526918	0.2522823353293636	2.0
0.6454084975836435	0.14879024459752352	2.0
0.6325550751408591	0.18643591283569913	2.0
0.5928765025460669	0.240229885969898	2.0
0.5928765025460669	0.240229885969898	2.0
0.5928765025460669	0.25108910459696726	2.0
0.5928765025460669	0.25108910459696726	2.0
0.5928765025460669	0.27515277932169757	2.0
0.5928765025460669	0.2744587681583497	2.0
0.5928767802468592	0.25720182141693837	2.0
0.5928767802468592	0.25720182141693837	2.0
0.6454084975836435	0.14879024459752352	2.0
0.6325550751408591	0.18643591283569913	2.0
0.5928765025460669	0.240229885969898	2.0
0.5928765025460669	0.240229885969898	2.0
0.5928765025460669	0.25108910459696726	2.0
0.5928765025460669	0.25108910459696726	2.0
0.5928765025460669	0.27515277932169757	2.0
0.592876492970833	0.23112100470804595	2.0
0.592876492970833	0.23112100470804595	2.0
0.592876492970833	0.23112100470804595	2.0
0.6220668487961515	0.14428557705351935	2.0
0.6220668487961515	0.14428557705351935	2.0
0.5928765025460669	0.240229885969898	2.0
0.5928765025460669	0.240229885969898	2.0
0.5928765025460669	0.25108910459696726	2.0
0.5928764606520425	0.24557248648571756	2.0
0.5928764606520425	0.24557248648571756	2.0
0.5928764606520425	0.24557248648571756	2.0
0.5928764675348359	0.23112100470804595	2.0
0.5928764675348359	0.23112100470804595	2.0
0.6220668487961515	0.14428557705351935	2.0
0.6077949990117636	0.19201162547997336	2.0
0.5928765025460669	0.240229885969898	2.0
0.5928765025460669	0.240229885969898	2.0
0.5928765025460669	0.25108910459696726	2.0
0.5928764606520425	0.24557248648571756	2.0
0.5928764606520425	0.24557248648571756	2.0
0.5928764606520425	0.24557248648571756	2.0
0.5928764675348359	0.23112100470804595	2.0
0.5928764675348359	0.23112100470804595	2.0
0.6220668487961515	0.14428557705351935	2.0
0.6077949990117636	0.19201162547997336	2.0
0.5928765025460669	0.240229885969898	2.0
0.5928764723224529	0.23615039427231435	2.0
0.5928764606520425	0.24690954513692545	2.0
0.5928764606520425	0.24557248648571756	2.0
0.5928764606520425	0.24557248648571756	2.0
0.5928764606520425	0.24557248648571756	2.0
0.5928764675348359	0.23112100470804595	2.0
0.5928764675348359	0.23112100470804595	2.0
0.6220668487961515	0.14428557705351935	2.0
0.6077949990117636	0.19201162547997336	2.0
0.5928764851151095	0.23817513878770621	2.0
0.5928764723224529	0.23615039427231435	2.0
0.5928764606520425	0.24690954513692545	2.0
0.5928764606520425	0.24557248648571756	2.0
0.5928764606520425	0.24557248648571756	2.0
0.5928764606520425	0.24557248648571756	2.0
0.5928764675348359	0.23112100470804595	2.0
0.5928764675348359	0.23112100470804595	2.0
0.6220668487961515	0.14428557705351935	2.0
0.6077949990117636	0.19201162547997336	2.0
0.5928764640747747	0.23625255708430995	2.0
0.5928764640747747	0.23625255708430995	2.0
0.5928764606520425	0.24690954513692545	2.0
0.5928764606520425	0.24557248648571756	2.0
0.5928764606520425	0.24557248648571756	2.0
0.5928764606520425	0.24557248648571756	2.0
0.5928764606520425	0.24557248648571756	2.0
0.5928764675348359	0.23112100470804595	2.0
0.6220668487961515	0.14428557705351935	2.0
0.6077949990117636	0.19201162547997336	2.0
0.5928764640747747	0.23625255708430995	2.0
0.5928764606520425	0.23376586396180998	2.0
0.5928764606520425	0.24690954513692545	2.0
0.5928764606520425	0.24557248648571756	2.0
0.5928764606520425	0.24557248648571756	2.0
0.5928764606520425	0.24557248648571756	2.0
0.5928764606520425	0.24557248648571756	2.0
0.5928764606520425	0.24557248648571756	2.0
0.6220668487961515	0.14428557705351935	2.0
0.6077949990117636	0.19201162547997336	2.0
0.5928764606520425	0.2389013457123915	2.0
0.5928764606520425	0.23376586396180998	2.0
0.5928764606520425	0.24690954513692545	2.0
0.5928764606520425	0.24557248648571756	2.0
0.5928764606520425	0.24557248648571756	2.0
0.5928764606520425	0.24557248648571756	2.0
0.5928764606520425	0.24557248648571756	2.0
0.5928764606520425	0.24557248648571756	2.0
0.6220668487961515	0.14428557705351935	2.0
0.6077949990117636	0.19201162547997336	2.0
0.5928764606520425	0.2389013457123915	2.0
0.5928764606520425	0.23376586396180998	2.0
0.5928764606520425	0.24690954513692545	2.0
0.5928764606520425	0.24557248648571756	2.0
0.5928764606520425	0.24557248648571756	2.0
0.5928764606520425	0.24557248648571756	2.0
0.5928764606520425	0.24557248648571756	2.0
0.5928764606520425	0.24557248648571756	2.0
0.6220668487961515	0.14428557705351935	2.0
0.6077949990117636	0.19201162547997336	2.0
0.5928764606520425	0.2389013457123915	2.0
0.5928764606520425	0.23376586396180998	2.0
0.5928764606520425	0.24690954513692545	2.0
0.5928764606520425	0.24557248648571756	2.0
0.5928764606520425	0.24557248648571756	2.0
0.5928764606520425	0.24557248648571756	2.0
0.5928764606520425	0.24557248648571756	2.0
0.5928764606520425	0.24557248648571756	2.0
0.6220668487961515	0.14428557705351935	2.0
0.6077949990117636	0.19201162547997336	2.0
0.5928764606520425	0.2389013457123915	2.0
0.5928764606520425	0.23376586396180998	2.0
0.5928764606520425	0.24690954513692545	2.0
0.5928764606520425	0.24557248648571756	2.0
0.5928764606520425	0.24557248648571756	2.0
0.5928764606520425	0.24557248648571756	2.0
0.5928764606520425	0.24557248648571756	2.0
0.5928764606520425	0.24557248648571756	2.0
0.6220668487961515	0.14428557705351935	2.0
0.6077949990117636	0.19201162547997336	2.0
0.5928764606520425	0.2389013457123915	2.0
0.5928764606520425	0.23376586396180998	2.0
0.5928764606520425	0.24690954513692545	2.0
0.5928764606520425	0.24557248648571756	2.0
0.5928764606520425	0.24557248648571756	2.0
0.5928764606520425	0.24557248648571756	2.0
0.5928764606520425	0.24557248648571756	2.0
0.5928764606520425	0.24557248648571756	2.0
0.6220668487961515	0.14428557705351935	2.0
0.6077949990117636	0.19201162547997336	2.0
0.5928764606520425	0.2389013457123915	2.0
0.5928764606520425	0.23376586396180998	2.0
0.5928764606520425	0.24690954513692545	2.0
0.5928764606520425	0.24557248648571756	2.0
0.5928764606520425	0.24557248648571756	2.0
0.5928764606520425	0.24557248648571756	2.0
0.5928764606520425	0.24557248648571756	2.0
0.5928764606520425	0.24557248648571756	2.0
0.6220668487961515	0.14428557705351935	2.0
0.6077949990117636	0.19201162547997336	2.0
0.5928764606520425	0.2389013457123915	2.0
0.5928764606520425	0.23376586396180998	2.0
0.5928764606520425	0.24690954513692545	2.0
0.5928764606520425	0.24557248648571756	2.0
0.5928764606520425	0.24557248648571756	2.0
0.5928764606520425	0.24557248648571756	2.0
0.5928764606520425	0.24557248648571756	2.0
0.5928764606520425	0.24557248648571756	2.0
0.6220668487961515	0.14428557705351935	2.0
0.6077949990117636	0.19201162547997336	2.0
0.5928764606520425	0.2389013457123915	2.0
0.5928764606520425	0.23376586396180998	2.0
0.5925802219913037	0.2882438030305407	2.0
0.5924488910881703	0.3197920410542253	2.0
0.5919026253129777	0.3541358429622417	2.0
0.5919026253129777	0.3541358429622417	2.0
0.5919026253129777	0.3541358429622417	2.0
0.5919026253129777	0.3541358429622417	2.0
0.6220668487961515	0.14428557705351935	2.0
0.6077949990117636	0.19201162547997336	2.0
0.5928764606520425	0.2389013457123915	2.0
0.5928764606520425	0.23376586396180998	2.0
0.5922729290491286	0.4146380015619343	2.0
0.5922729290491286	0.4146380015619343	2.0
0.5919026253129777	0.3541358429622417	2.0
0.5919026253129777	0.3541358429622417	2.0
0.5919026253129777	0.3541358429622417	2.0
0.5919026253129777	0.3541358429622417	2.0
0.6220668487961515	0.14428557705351935	2.0
0.6059988734753486	0.17696304455551629	2.0
0.5928764606520425	0.2389013457123915	2.0
0.5928764606520425	0.23376586396180998	2.0
0.5917618665196079	0.42550269289627546	2.0
0.5917618665196079	0.42550269289627546	2.0
0.5917618665196079	0.3960192299836862	2.0
0.5917667977433597	0.37134781211490175	2.0
0.5917667977433597	0.37134781211490175	2.0
0.5917667977433597	0.37134781211490175	2.0
0.6220668487961515	0.14428557705351935	2.0
0.6059988734753486	0.17696304455551629	2.0
0.5928764606520425	0.2389013457123915	2.0
0.5920970667990427	0.29061058121761496	2.0
0.5917618665196079	0.42550269289627546	2.0
0.5917618665196079	0.42550269289627546	2.0
0.5917618665196079	0.3960192299836862	2.0
0.5917667977433597	0.37134781211490175	2.0
0.5917667977433597	0.37134781211490175	2.0
0.5917667977433597	0.37134781211490175	2.0
0.6220668487961515	0.14428557705351935	2.0
0.6059988734753486	0.17696304455551629	2.0
0.5928764606520425	0.2389013457123915	2.0
0.5920970667990427	0.29061058121761496	2.0
0.5917232502105808	0.42550269289627546	2.0
0.5917232502105808	0.42550269289627546	2.0
0.5917232502105808	0.42550269289627546	2.0
0.5917232502105808	0.441377640420906	2.0
0.5917667977433597	0.37134781211490175	2.0
0.5917667977433597	0.37134781211490175	2.0
0.6220668487961515	0.14428557705351935	2.0
0.6059988734753486	0.17696304455551629	2.0
0.5928764606520425	0.2389013457123915	2.0
0.5917232502105808	0.3020354472714011	2.0
0.5917232502105808	0.42550269289627546	2.0
0.5917232502105808	0.42550269289627546	2.0
0.5917232502105808	0.42550269289627546	2.0
0.5904501841365694	0.35220203806181694	2.0
0.5904501841365694	0.35220203806181694	2.0
0.5904501841365694	0.35220203806181694	2.0
0.6220668487961515	0.14428557705351935	2.0
0.6059988734753486	0.17696304455551629	2.0
0.5928764606520425	0.2389013457123915	2.0
0.5917232502105808	0.3020354472714011	2.0
0.5917232502105808	0.42550269289627546	2.0
0.5917232502105808	0.42550269289627546	2.0
0.5917176031338028	0.37593874791847315	2.0
0.5904501841365694	0.35220203806181694	2.0
0.5904501841365694	0.35220203806181694	2.0
0.5904501841365694	0.35220203806181694	2.0
0.6220668487961515	0.14428557705351935	2.0
0.6059988734753486	0.17696304455551629	2.0
0.5928764606520425	0.2389013457123915	2.0
0.5917232502105808	0.3020354472714011	2.0
0.5917232502105808	0.42550269289627546	2.0
0.5913684330490871	0.35562425100460815	2.0
0.5913684330490871	0.35562425100460815	2.0
0.5904501841365694	0.35220203806181694	2.0
0.5904501841365694	0.35220203806181694	2.0
0.5904501841365694	0.35220203806181694	2.0
0.6220668487961515	0.14428557705351935	2.0
0.6059988734753486	0.17696304455551629	2.0
0.5928764606520425	0.2389013457123915	2.0
0.5917232502105808	0.3020354472714011	2.0
0.5917232502105808	0.42550269289627546	2.0
0.5913684330490871	0.35562425100460815	2.0
0.5913684330490871	0.35562425100460815	2.0
0.5903553770751929	0.33132644684905527	2.0
0.5903553770751929	0.33132644684905527	2.0
0.5903553770751929	0.33132644684905527	2.0
0.6220668487961515	0.14428557705351935	2.0
0.6059988734753486	0.17696304455551629	2.0
0.5928764606520425	0.2389013457123915	2.0
0.5917232502105808	0.3020354472714011	2.0
0.5917232502105808	0.42550269289627546	2.0
0.5913684330490871	0.35562425100460815	2.0
0.5913684330490871	0.35562425100460815	2.0
0.5903553770751929	0.33132644684905527	2.0
0.5903553770751929	0.33132644684905527	2.0
0.5903553770751929	0.33132644684905527	2.0
0.6220668487961515	0.14333592948552307	2.0
0.6059988734753486	0.17696304455551629	2.0
0.5928764606520425	0.2389013457123915	2.0
0.5911429202363184	0.30076400119376645	2.0
0.5911429202363184	0.30076400119376645	2.0
0.591157931776147	0.369316127739275	2.0
0.5913684330490871	0.35562425100460815	2.0
0.5903553770751929	0.33132644684905527	2.0
0.5903553770751929	0.33132644684905527	2.0
0.5903553770751929	0.33132644684905527	2.0
0.6220668487961515	0.14333592948552307	2.0
0.6059988734753486	0.17696304455551629	2.0
0.5928764606520425	0.2389013457123915	2.0
0.5911260119815527	0.30312790735541717	2.0
0.5911260119815527	0.30312790735541717	2.0
0.5911260119815527	0.30312790735541717	2.0
0.5904558167302055	0.3431381505202511	2.0
0.5903553770751929	0.33132644684905527	2.0
0.5903553770751929	0.33132644684905527	2.0
0.5903553770751929	0.33132644684905527	2.0
0.6220668487961515	0.14333592948552307	2.0
0.6059988734753486	0.17696304455551629	2.0
0.5928764606520425	0.2389013457123915	2.0
0.5911260119815527	0.30312790735541717	2.0
0.590979756796573	0.34555979822504723	2.0
0.590979756796573	0.34555979822504723	2.0
0.5903553770751929	0.3559069009198202	2.0
0.5903553770751929	0.33132644684905527	2.0
0.5903553770751929	0.33132644684905527	2.0
0.5903553770751929	0.33132644684905527	2.0
0.6220668487961515	0.14333592948552307	2.0
0.6059988734753486	0.17696304455551629	2.0
0.5928764606520425	0.2389013457123915	2.0
0.590979756796573	0.34055367820691235	2.0
0.590979756796573	0.34555979822504723	2.0
0.5903423225304426	0.3512264407780209	2.0
0.5903423225304426	0.3512264407780209	2.0
0.5901899986611694	0.3299697901334649	2.0
0.5901899986611694	0.3299697901334649	2.0
0.5901899986611694	0.3299697901334649	2.0
