0.5600107011496158	0.2344115870566136	0.0
0.5600107011496158	0.2344115870566136	0.0
0.5600107011496158	0.2344115870566136	0.0
0.5600107011496158	0.2344115870566136	0.0
0.5600107011496158	0.2344115870566136	0.0
0.5600107011496158	0.2344115870566136	0.0
0.5600107011496158	0.2344115870566136	0.0
0.5600107011496158	0.2344115870566136	0.0
0.5600107011496158	0.2344115870566136	0.0
0.5430394667163249	0.2344115870566136	0.0
0.5430394667163249	0.2344115870566136	0.0
0.5600107011496158	0.2344115870566136	0.0
0.5600107011496158	0.2344115870566136	0.0
0.5600107011496158	0.2344115870566136	0.0
0.5404756215340788	0.2344115870566136	0.0
0.5404756215340788	0.2344115870566136	0.0
0.5375179743695213	0.2344115870566136	0.0
0.5375179743695213	0.2344115870566136	0.0
0.5375179743695213	0.2344115870566136	0.0
0.5369209558528787	0.23656726209963516	0.0
0.5369209558528787	0.23656726209963516	0.0
0.5369209558528787	0.23656726209963516	0.0
0.5369209558528787	0.23656726209963516	0.0
0.5356579237865389	0.24930493421060868	0.0
0.4995970882728657	0.25353403360929305	0.0
0.4995970882728657	0.25353403360929305	0.0
0.4995970882728657	0.25353403360929305	0.0
0.49896771228307235	0.2599194080914653	0.0
0.4984786999280737	0.2542024863030778	0.0
0.49896771228307235	0.2599194080914653	0.0
0.4843960069658973	0.2673582337176006	0.0
0.48349097724998696	0.2682669352110427	0.0
0.48349097724998696	0.2682669352110427	0.0
0.48349097724998696	0.2682669352110427	0.0
0.48349097724998696	0.2682669352110427	0.0
0.4712979275180748	0.28317135479235794	0.0
0.4712979275180748	0.28317135479235794	0.0
0.46875169012703305	0.28920811405167135	0.0
0.46875169012703305	0.28920811405167135	0.0
0.46875169012703305	0.28920811405167135	0.0
0.46875169012703305	0.28920811405167135	0.0
0.4612058345960346	0.30178524898973247	0.0
0.4612058345960346	0.30178524898973247	0.0
0.4554141180451642	0.3060405552819671	0.0
0.4567675845215383	0.3107567476370256	0.0
0.4567675845215383	0.3107567476370256	0.0
0.43907047709161473	0.3162821980707343	0.0
0.43907047709161473	0.3163562058770836	0.0
0.43907047709161473	0.31916976092518384	0.0
0.43907047709161473	0.31916976092518384	0.0
0.43360562506284744	0.32844723760564676	0.0
0.43360562506284744	0.32844723760564676	0.0
0.42792549527592216	0.33223017570491054	0.0
0.42792549527592216	0.33223017570491054	0.0
0.42792549527592216	0.33223017570491054	0.0
0.42792549527592216	0.33223017570491054	0.0
0.41264363510874225	0.3461685818167112	0.0
0.4166944921918999	0.3515024331891978	0.0
0.4166944921918999	0.3515024331891978	0.0
0.4057519191425985	0.3543201994827242	0.0
0.4057519191425985	0.3543201994827242	0.0
0.405104934679632	0.35756611385300135	0.0
0.4011694541643703	0.36446797974119494	0.0
0.39923790322094554	0.36527162518214085	0.0
0.39297267415838044	0.3706335579605846	0.0
0.39297267415838044	0.3706335579605846	0.0
0.39032670839908173	0.37409575044915944	0.0
0.38925452295333823	0.3788273399600812	0.0
0.38375296210476484	0.3819747257816138	0.0
0.38375296210476484	0.38821711957258276	0.0
0.3852505871140741	0.39159595440179945	0.0
0.3766743785097531	0.39377185839760664	0.0
0.3766743785097531	0.39377185839760664	0.0
0.3766743785097531	0.39377185839760664	0.0
0.37146258405888605	0.4018280033832307	0.0
0.37146258405888605	0.4033129242030652	0.0
0.3589211944921825	0.4114108188995011	0.0
0.37146258405888605	0.4033129242030652	0.0
0.35723729256187026	0.4165430841875139	0.0
0.35723729256187026	0.4165430841875139	0.0
0.35723729256187026	0.4186848006103443	0.0
0.3537677863923289	0.4234872652973905	0.0
0.3537677863923289	0.4234872652973905	0.0
0.3425945777248227	0.4331188945207931	0.0
0.3425945777248227	0.4331188945207931	0.0
0.3425945777248227	0.4331188945207931	0.0
0.3397464539704866	0.44160958972718817	0.0
0.3397464539704866	0.44160958972718817	0.0
0.33035280185888655	0.44943856055307385	0.0
0.33035280185888655	0.44963638695229696	0.0
0.3294096640235574	0.45405307018659397	0.0
0.3294096640235574	0.45405307018659397	0.0
0.3201839656559543	0.4642195456238264	0.0
0.3201839656559543	0.4642195456238264	0.0
0.32081616979792393	0.46846480658997147	0.0
0.3143666650615944	0.4729047795493489	0.0
0.3127026818246882	0.47586164223957117	0.0
0.3071394320495866	0.48027324431688845	0.0
0.3071394320495866	0.48027324431688845	0.0
0.3070764453108669	0.4834561179178823	0.0
0.3027107905005554	0.4865347106817337	0.0
0.3013443380583858	0.49036131296213753	0.0
0.2957123009008098	0.4963273816842136	0.0
0.2960244257215793	0.49654220546616534	0.0
0.2931633681041489	0.5048592410529313	0.0
0.28945424061346375	0.5069859489593883	0.0
0.2882306455861505	0.508224242821292	0.0
0.2882306455861505	0.508224242821292	0.0
0.28202858232873435	0.5197443503719597	0.0
0.2801587845162395	0.5215385121860339	0.0
0.2786008558075398	0.5253918662338952	0.0
0.27343653752074665	0.5296376276088042	0.0
0.27343653752074665	0.5296376276088042	0.0
0.2700983678244192	0.5356299085656183	0.0
0.2700983678244192	0.5356299085656183	0.0
0.2627674461721159	0.5485881822179546	0.0
0.261092623413867	0.5490268142969218	0.0
0.2572147312342451	0.5531963850991236	0.0
0.2575899562973666	0.5579387831195053	0.0
0.2523465403093389	0.5623666323706855	0.0
0.2470629185324123	0.5678271587788044	0.0
0.246599682107034	0.5697388486815255	0.0
0.246599682107034	0.5697388486815255	0.0
0.24045989375710664	0.5787288831858715	0.0
0.23877857266536082	0.5798049197809794	0.0
0.23877857266536082	0.5798049197809794	0.0
0.232155939065139	0.5920641576910451	0.0
0.23068706683260617	0.5920641576910451	0.0
0.22663698475290028	0.5981806064912523	0.0
0.22663698475290028	0.5981806064912523	0.0
0.2226429733169919	0.6050170022226514	0.0
0.2226429733169919	0.6050170022226514	0.0
0.21808925589790296	0.6132231860188303	0.0
0.21395511634831088	0.6192484809166018	0.0
0.21174582696414018	0.6229418286073205	0.0
0.2097075836708582	0.6277685679357481	0.0
0.20679272998705253	0.6324157409519013	0.0
0.20466249005160286	0.6337177431147113	0.0
0.1978193336497176	0.6442190161279221	0.0
0.19710973520685868	0.6447641058214605	0.0
0.19710973520685868	0.6484774238882066	0.0
0.19008391227554608	0.6569853200634153	0.0
0.19008391227554608	0.6569853200634153	0.0
0.1850460493380124	0.6644514298260397	0.0
0.18534042384308796	0.6644514298260397	0.0
0.1826340578180593	0.6682843668699511	0.0
0.17662925352626332	0.67913987210345	0.0
0.1763128275055826	0.6799960285114212	0.0
0.17441271415606346	0.6834701607646575	0.0
0.17044145646916298	0.6896602000181383	0.0
0.165679182609448	0.6969938532818342	0.0
0.1620146031747657	0.7027318622517547	0.0
0.1620146031747657	0.7027318622517547	0.0
0.15878548876856177	0.7092575900287529	0.0
0.15246820488730237	0.7189201111176321	0.0
0.15246820488730237	0.7224539335652288	0.0
0.15064510925697538	0.7263851115819336	0.0
0.14470171372306376	0.731794292112989	0.0
0.14470171372306376	0.7367583659204013	0.0
0.1394669734134634	0.7425598888981485	0.0
0.13648654886097472	0.7474080792188738	0.0
0.1333001876224331	0.7565687683375244	0.0
0.1294991919110958	0.7604082641123504	0.0
0.12807429432760226	0.7609472473938391	0.0
0.12316228369527138	0.7722275149290337	0.0
0.12036245517318363	0.775427327695095	0.0
0.1173199076355782	0.781172398955239	0.0
0.11409004584738688	0.7870038808618834	0.0
0.1128602396586708	0.7905229495200553	0.0
0.10832650342216464	0.796402400208023	0.0
0.10449910237767317	0.8034018724579964	0.0
0.10244685340869884	0.8081831729019298	0.0
0.09801510980487281	0.8155428654958762	0.0
0.09401345721523463	0.8215667406313086	0.0
0.0915603421899248	0.8256579514911303	0.0
0.08826430559428917	0.8337867375953603	0.0
0.08538570601588069	0.8396396967475439	0.0
0.0810394495832005	0.8467747453156393	0.0
0.07702129983394092	0.8529089830382095	0.0
0.07504208972325173	0.8558444559998966	0.0
0.07068045109482825	0.8646714694116796	0.0
0.06626431929560275	0.8742424326953071	0.0
0.06243545227255569	0.8817755448316186	0.0
0.059236869637557414	0.885154717048357	0.0
0.057355563853552255	0.8915081672552766	0.0
0.05345142545905035	0.8985031916898952	0.0
0.04901946228580695	0.9046730819353017	0.0
0.04468742515296721	0.9127877484164916	0.0
0.03918207912176338	0.9250083765620423	0.0
0.03874766770911238	0.9256322274802207	0.0
0.035049364634226886	0.9326396587403417	0.0
0.03022996970084997	0.9417966813367742	0.0
0.027437889248934207	0.946215487630504	0.0
0.02289554259149398	0.955803324583308	0.0
0.018959922401437023	0.9630920582438219	0.0
0.014169146708535512	0.9735643222222163	0.0
0.011678600678044023	0.9770392336261255	0.0
0.007488759572065707	0.989197745353458	0.0
0.002334461914182461	1.0002218985938627	0.0
6.098462370642455e-06	1.054192894104884	0.0
