0.78255139398658	0.06523294276598414	0.0
0.78255139398658	0.06523294276598414	0.0
0.7751781623247186	0.06729180628159065	0.0
0.7751781623247186	0.06729180628159065	0.0
0.7751781623247186	0.06729180628159065	0.0
0.7734066631921511	0.07685034513992739	0.0
0.7734066631921511	0.07685034513992739	0.0
0.7734066631921511	0.07685034513992739	0.0
0.7734066631921511	0.07685034513992739	0.0
0.7734066631921511	0.07685034513992739	0.0
0.7734066631921511	0.07685034513992739	0.0
0.7734066631921511	0.07685034513992739	0.0
0.7734066631921511	0.07685034513992739	0.0
0.7734066631921511	0.07685034513992739	0.0
0.7734066631921511	0.07685034513992739	0.0
0.7734066631921511	0.07685034513992739	0.0
0.7734066631921511	0.07685034513992739	0.0
0.7734066631921511	0.07685034513992739	0.0
0.7734066631921511	0.07685034513992739	0.0
0.7734066631921511	0.07685034513992739	0.0
0.7734066631921511	0.07685034513992739	0.0
0.7734066631921511	0.07685034513992739	0.0
0.7734066631921511	0.07685034513992739	0.0
0.7734066631921511	0.07685034513992739	0.0
0.7734066631921511	0.07685034513992739	0.0
0.7734066631921511	0.07685034513992739	0.0
0.7734066631921511	0.07685034513992739	0.0
0.7734066631921511	0.07685034513992739	0.0
0.7734066631921511	0.07685034513992739	0.0
0.7734066631921511	0.07685034513992739	0.0
0.7734066631921511	0.07685034513992739	0.0
0.7734066631921511	0.07685034513992739	0.0
0.7734066631921511	0.07685034513992739	0.0
0.7734066631921511	0.07685034513992739	0.0
0.7734066631921511	0.07685034513992739	0.0
0.7734066631921511	0.07685034513992739	0.0
0.7734066631921511	0.07685034513992739	0.0
0.7734066631921511	0.07685034513992739	0.0
0.7734066631921511	0.07685034513992739	0.0
0.7734066631921511	0.07685034513992739	0.0
0.7734066631921511	0.07685034513992739	0.0
0.7734066631921511	0.07685034513992739	0.0
0.7734066631921511	0.07685034513992739	0.0
0.7734066631921511	0.07685034513992739	0.0
0.7734066631921511	0.07685034513992739	0.0
0.7734066631921511	0.07685034513992739	0.0
0.7734066631921511	0.07685034513992739	0.0
0.7734066631921511	0.07685034513992739	0.0
0.7734066631921511	0.07685034513992739	0.0
0.7734066631921511	0.07685034513992739	0.0
0.7734066631921511	0.07685034513992739	0.0
0.7734066631921511	0.07685034513992739	0.0
0.7734066631921511	0.07685034513992739	0.0
0.7734066631921511	0.07685034513992739	0.0
0.7734066631921511	0.07685034513992739	0.0
0.48570344969129736	0.3115152321321902	0.0
0.48570344969129736	0.3115152321321902	0.0
0.48570344969129736	0.3115152321321902	0.0
0.48570344969129736	0.3115152321321902	0.0
0.48570344969129736	0.3115152321321902	0.0
0.48570344969129736	0.3115152321321902	0.0
0.48570344969129736	0.3115152321321902	0.0
0.48570344969129736	0.3115152321321902	0.0
0.48570344969129736	0.3115152321321902	0.0
0.48570344969129736	0.3115152321321902	0.0
0.48570344969129736	0.3115152321321902	0.0
0.48570344969129736	0.3115152321321902	0.0
0.48570344969129736	0.3115152321321902	0.0
0.48570344969129736	0.3115152321321902	0.0
0.48570344969129736	0.3115152321321902	0.0
0.48570344969129736	0.3115152321321902	0.0
0.48570344969129736	0.3115152321321902	0.0
0.48570344969129736	0.3115152321321902	0.0
0.48570344969129736	0.3115152321321902	0.0
0.48570344969129736	0.3115152321321902	0.0
0.48570344969129736	0.3115152321321902	0.0
0.48570344969129736	0.3115152321321902	0.0
0.48570344969129736	0.3115152321321902	0.0
0.48570344969129736	0.3115152321321902	0.0
0.48570344969129736	0.3115152321321902	0.0
0.4780714735774806	0.31161101104087235	0.0
0.4651732863253712	0.3116581495926142	0.0
0.4651732863253712	0.3116581495926142	0.0
0.4511510013266468	0.3117133802983385	0.0
0.4495898532152767	0.3118507803181888	0.0
0.4495898532152767	0.3118507803181888	0.0
0.44319737011508564	0.3157957674133955	0.0
0.442199819177459	0.3188357259163153	0.0
0.442199819177459	0.3188357259163153	0.0
0.442199819177459	0.3265074244409003	0.0
0.442199819177459	0.3274573686060519	0.0
0.442199819177459	0.3265074244409003	0.0
0.442199819177459	0.3464299492513559	0.0
0.442199819177459	0.3464299492513559	0.0
0.442199819177459	0.3464299492513559	0.0
0.442199819177459	0.3464299492513559	0.0
0.442199819177459	0.3464299492513559	0.0
0.442199819177459	0.3464299492513559	0.0
0.442199819177459	0.3464299492513559	0.0
0.442199819177459	0.3464299492513559	0.0
0.442199819177459	0.3464299492513559	0.0
0.442199819177459	0.3464299492513559	0.0
0.442199819177459	0.3464299492513559	0.0
0.442199819177459	0.3464299492513559	0.0
0.442199819177459	0.3464299492513559	0.0
0.442199819177459	0.3464299492513559	0.0
0.442199819177459	0.3464299492513559	0.0
0.442199819177459	0.3464299492513559	0.0
0.442199819177459	0.38143486692142764	0.0
0.442199819177459	0.46099290665069176	0.0
0.442199819177459	0.46099290665069176	0.0
0.442199819177459	0.46099290665069176	0.0
0.442199819177459	0.46099290665069176	0.0
0.442199819177459	0.46099290665069176	0.0
0.442199819177459	0.46099290665069176	0.0
0.442199819177459	0.46099290665069176	0.0
0.442199819177459	0.46099290665069176	0.0
0.442199819177459	0.46099290665069176	0.0
0.442199819177459	0.46099290665069176	0.0
0.442199819177459	0.46099290665069176	0.0
0.442199819177459	0.46099290665069176	0.0
0.442199819177459	0.46099290665069176	0.0
0.442199819177459	0.46099290665069176	0.0
0.442199819177459	0.46099290665069176	0.0
0.442199819177459	0.46099290665069176	0.0
0.442199819177459	0.46099290665069176	0.0
0.442199819177459	0.6306350821617961	0.0
0.442199819177459	0.6306350821617961	0.0
0.442199819177459	0.6306350821617961	0.0
0.442199819177459	0.6306350821617961	0.0
0.442199819177459	0.46099290665069176	0.0
0.442199819177459	0.46099290665069176	0.0
0.442199819177459	0.46099290665069176	0.0
0.442199819177459	0.46099290665069176	0.0
0.442199819177459	0.46099290665069176	0.0
0.442199819177459	0.46099290665069176	0.0
0.442199819177459	0.46099290665069176	0.0
0.442199819177459	0.46099290665069176	0.0
0.21880176802336598	0.7981895048978287	1.0
0.21880176802336598	0.7981895048978287	1.0
0.1474711372079452	0.7981895048978287	1.0
0.1474711372079452	0.7981895048978287	1.0
0.1474711372079452	0.7981895048978287	1.0
0.1474711372079452	0.7981895048978287	1.0
0.1474711372079452	0.7981895048978287	1.0
0.1474711372079452	0.7981895048978287	1.0
0.1474711372079452	0.7981895048978287	1.0
0.1474711372079452	0.7981895048978287	1.0
0.1474711372079452	0.7981895048978287	1.0
0.1474711372079452	0.7981895048978287	1.0
0.1474711372079452	0.7981895048978287	1.0
0.1474711372079452	0.7981895048978287	1.0
0.1474711372079452	0.7981895048978287	1.0
0.1474711372079452	0.7981895048978287	1.0
0.1474711372079452	0.7981895048978287	1.0
0.1474711372079452	0.7981895048978287	1.0
0.1474711372079452	0.7981895048978287	1.0
0.1474711372079452	0.7981895048978287	1.0
0.1474711372079452	0.7981895048978287	1.0
0.1474711372079452	0.7981895048978287	1.0
0.1474711372079452	0.7981895048978287	1.0
0.1474711372079452	0.7981895048978287	1.0
0.1474711372079452	0.7981895048978287	1.0
0.1474711372079452	0.7981895048978287	1.0
0.1474711372079452	0.7981895048978287	1.0
0.1474711372079452	0.7981895048978287	1.0
0.1474711372079452	0.7981895048978287	1.0
0.1474711372079452	0.7981895048978287	1.0
0.1474711372079452	0.7981895048978287	1.0
0.1474711372079452	0.7981895048978287	1.0
0.1474711372079452	0.7981895048978287	1.0
0.1474711372079452	0.7981895048978287	1.0
0.1474711372079452	0.7981895048978287	1.0
0.1474711372079452	0.7981895048978287	1.0
0.1474711372079452	0.7981895048978287	1.0
0.1474711372079452	0.7981895048978287	1.0
0.1474711372079452	0.7981895048978287	1.0
0.1474711372079452	0.7981895048978287	1.0
0.1474711372079452	0.7981895048978287	1.0
0.1474711372079452	0.7981895048978287	1.0
0.1474711372079452	0.7981895048978287	1.0
0.1474711372079452	0.7981895048978287	1.0
0.1474711372079452	0.7981895048978287	1.0
0.1474711372079452	0.7981895048978287	1.0
0.1474711372079452	0.7981895048978287	1.0
0.1474711372079452	0.7981895048978287	1.0
0.1474711372079452	0.7981895048978287	1.0
0.1474711372079452	0.7981895048978287	1.0
0.1474711372079452	0.7981895048978287	1.0
0.1474711372079452	0.7981895048978287	1.0
0.13334696449997965	0.7981895048978287	1.0
0.13334696449997965	0.7981895048978287	1.0
0.13334696449997965	0.7981895048978287	1.0
0.13085308611014942	0.7981895048978287	1.0
0.12691900815069743	0.7981895048978287	1.0
0.11562578327241349	0.7981895048978287	1.0
0.11562578327241349	0.7981895048978287	1.0
0.11562578327241349	0.7981895048978287	1.0
0.11267758632433728	0.7983077362229689	1.0
0.11206410068277077	1.1589227722380666	1.0
