0.9829679786003691	0.007901949920829883	2.0
0.9829679786003691	0.007901949920829883	2.0
0.9464660608622587	0.01204491748348465	2.0
0.9464660421775424	0.01406145857597604	2.0
0.9464660421775424	0.01406145857597604	2.0
0.9464660421775424	0.01406145857597604	2.0
0.9464660421775424	0.01406145857597604	2.0
0.9464660421775424	0.0157300651374986	2.0
0.9464660421775424	0.024473649437626987	2.0
0.9464660421775424	0.024473649437626987	2.0
0.9464660421775424	0.024473649437626987	2.0
0.9464660421775424	0.024473649437626987	2.0
0.9464660421775424	0.024473649437626987	2.0
0.9464660421775424	0.024473649437626987	2.0
0.9464660421775424	0.024473649437626987	2.0
0.9464660421775424	0.024473649437626987	2.0
0.9464660421775424	0.024473649437626987	2.0
0.9464660421775424	0.024473649437626987	2.0
0.9464660421775424	0.024473649437626987	2.0
0.9464660421775424	0.024473649437626987	2.0
0.9464660421775424	0.024473649437626987	2.0
0.9464660421775424	0.024473649437626987	2.0
0.9464660421775424	0.024473649437626987	2.0
0.9464660421775424	0.024473649437626987	2.0
0.9464660421775424	0.024473649437626987	2.0
0.9464660421775424	0.024473649437626987	2.0
0.9464660421775424	0.024473649437626987	2.0
0.9464660421775424	0.024473649437626987	2.0
0.9464660421775424	0.024473649437626987	2.0
0.9464660421775424	0.024473649437626987	2.0
0.9464660421775424	0.024473649437626987	2.0
0.9464660421775424	0.024473649437626987	2.0
0.9464660421775424	0.024473649437626987	2.0
0.9464660421775424	0.024473649437626987	2.0
0.9464660421775424	0.024473649437626987	2.0
0.9464660421775424	0.024473649437626987	2.0
0.9464660421775424	0.024473649437626987	2.0
0.9464660421775424	0.024473649437626987	2.0
0.9464660421775424	0.024473649437626987	2.0
0.9464660421775424	0.024473649437626987	2.0
0.9464660421775424	0.024473649437626987	2.0
0.9464660421775424	0.024473649437626987	2.0
0.9464660421775424	0.024473649437626987	2.0
0.9464660421775424	0.024473649437626987	2.0
0.9464660421775424	0.024473649437626987	2.0
0.9464660421775424	0.024473649437626987	2.0
0.9464660421775424	0.024473649437626987	2.0
0.9464660421775424	0.024473649437626987	2.0
0.9464660421775424	0.024473649437626987	2.0
0.9464660421775424	0.024473649437626987	2.0
0.9464660421775424	0.024473649437626987	2.0
0.9464660421775424	0.024473649437626987	2.0
0.6534473373349173	0.1434794719534373	2.0
0.6534473373349173	0.1434794719534373	2.0
0.6534473373349173	0.1434794719534373	2.0
0.6534473373349173	0.1434794719534373	2.0
0.6534473373349173	0.1434794719534373	2.0
0.6534473373349173	0.1434794719534373	2.0
0.6534473373349173	0.1434794719534373	2.0
0.6534473373349173	0.1434794719534373	2.0
0.6534473373349173	0.1434794719534373	2.0
0.6534473373349173	0.1434794719534373	2.0
0.6534473373349173	0.1434794719534373	2.0
0.6534473373349173	0.1434794719534373	2.0
0.6534473373349173	0.1434794719534373	2.0
0.6534473373349173	0.1434794719534373	2.0
0.6534473373349173	0.1434794719534373	2.0
0.6534473373349173	0.1434794719534373	2.0
0.6534473373349173	0.1434794719534373	2.0
0.6534473373349173	0.1434794719534373	2.0
0.6534473373349173	0.1434794719534373	2.0
0.6534473373349173	0.1434794719534373	2.0
0.6534473373349173	0.1434794719534373	2.0
0.6534473373349173	0.1434794719534373	2.0
0.6534473373349173	0.1434794719534373	2.0
0.6534473373349173	0.1434794719534373	2.0
0.6534473373349173	0.1434794719534373	2.0
0.6534473373349173	0.1434794719534373	2.0
0.6534473373349173	0.1434794719534373	2.0
0.6534473373349173	0.1434794719534373	2.0
0.6534473373349173	0.1434794719534373	2.0
0.6432754316299646	0.1434794719534373	2.0
0.6346247002287632	0.1434794719534373	2.0
0.6346247002287632	0.1434794719534373	2.0
0.6292321700184581	0.1434794719534373	2.0
0.6214176364589864	0.1434794719534373	2.0
0.6214176364589864	0.1434794719534373	2.0
0.6214176364589864	0.1434794719534373	2.0
0.6214176364589864	0.1434794719534373	2.0
0.6214176364589864	0.14822893439549362	2.0
0.621402078847968	0.14933553711058503	2.0
0.621402078847968	0.15184384066715728	2.0
0.621402078847968	0.14933553711058503	2.0
0.621402078847968	0.15772261443481866	2.0
0.621402078847968	0.15772261443481866	2.0
0.621402078847968	0.15772261443481866	2.0
0.621402078847968	0.15772261443481866	2.0
0.621402078847968	0.15712029598449942	2.0
0.621402078847968	0.16919926379162034	2.0
0.621402078847968	0.16919926379162034	2.0
0.621402078847968	0.16919926379162034	2.0
0.621402078847968	0.16919926379162034	2.0
0.621402078847968	0.16919926379162034	2.0
0.621402078847968	0.16919926379162034	2.0
0.621402078847968	0.16919926379162034	2.0
0.621402078847968	0.16919926379162034	2.0
0.621402078847968	0.16919926379162034	2.0
0.621402078847968	0.15712029598449942	2.0
0.621402078847968	0.19485698678684935	2.0
0.621402078847968	0.19485698678684935	2.0
0.621402078847968	0.15712029598449942	2.0
0.621402078847968	0.20181380410593294	2.0
0.621402078847968	0.20181380410593294	2.0
0.621402078847968	0.20181380410593294	2.0
0.621402078847968	0.20181380410593294	2.0
0.621402078847968	0.20181380410593294	2.0
0.621402078847968	0.20181380410593294	2.0
0.621402078847968	0.20181380410593294	2.0
0.621402078847968	0.20181380410593294	2.0
0.621402078847968	0.20181380410593294	2.0
0.621402078847968	0.20181380410593294	2.0
0.621402078847968	0.20181380410593294	2.0
0.621402078847968	0.20181380410593294	2.0
0.621402078847968	0.20181380410593294	2.0
0.621402078847968	0.20181380410593294	2.0
0.621402078847968	0.20181380410593294	2.0
0.621402078847968	0.20181380410593294	2.0
0.621402078847968	0.20181380410593294	2.0
0.621402078847968	0.20181380410593294	2.0
0.621402078847968	0.20181380410593294	2.0
0.621402078847968	0.20181380410593294	2.0
0.621402078847968	0.20181380410593294	2.0
0.621402078847968	0.20181380410593294	2.0
0.621402078847968	0.20181380410593294	2.0
0.621402078847968	0.20181380410593294	2.0
0.621402078847968	0.20181380410593294	2.0
0.621402078847968	0.20181380410593294	2.0
0.621402078847968	0.20181380410593294	2.0
0.621402078847968	0.20181380410593294	2.0
0.621402078847968	0.20181380410593294	2.0
0.621402078847968	0.20181380410593294	2.0
0.621402078847968	0.20181380410593294	2.0
0.621402078847968	0.20181380410593294	2.0
0.621402078847968	0.20181380410593294	2.0
0.621402078847968	0.20181380410593294	2.0
0.621402078847968	0.20181380410593294	2.0
0.621402078847968	0.20181380410593294	2.0
0.621402078847968	0.20181380410593294	2.0
0.621402078847968	0.20181380410593294	2.0
0.621402078847968	0.20181380410593294	2.0
0.621402078847968	0.20181380410593294	2.0
0.621402078847968	0.20181380410593294	2.0
0.621402078847968	0.20181380410593294	2.0
0.621402078847968	0.20181380410593294	2.0
0.621402078847968	0.20181380410593294	2.0
0.621402078847968	0.20181380410593294	2.0
0.621402078847968	0.20181380410593294	2.0
0.621402078847968	0.20181380410593294	2.0
0.621402078847968	0.20181380410593294	2.0
0.621402078847968	0.20181380410593294	2.0
0.621402078847968	0.20181380410593294	2.0
0.621402078847968	0.20181380410593294	2.0
0.621402078847968	0.20181380410593294	2.0
0.621402078847968	0.24886438162826058	2.0
0.621402078847968	0.24886438162826058	2.0
0.621402078847968	0.24886438162826058	2.0
0.621402078847968	0.24886438162826058	2.0
0.621402078847968	0.24886438162826058	2.0
0.621402078847968	0.24886438162826058	2.0
0.621402078847968	0.24886438162826058	2.0
0.621402078847968	0.24017655577950894	2.0
0.621402078847968	0.24017655577950894	2.0
0.621402078847968	0.20169475708493728	2.0
0.621402078847968	0.20169475708493728	2.0
0.621402078847968	0.20169475708493728	2.0
0.621402078847968	0.20169475708493728	2.0
0.621402078847968	0.20181380410593294	2.0
0.621402078847968	0.20181380410593294	2.0
0.49071086752540766	0.4935277980231326	2.0
0.49071086752540766	0.4935277980231326	2.0
0.49071086752540766	0.4935277980231326	2.0
0.49071086752540766	0.4935277980231326	2.0
0.49071086752540766	0.4935277980231326	2.0
0.49071086752540766	0.4935277980231326	2.0
0.49071086752540766	0.4935277980231326	2.0
0.49071086752540766	0.4935277980231326	2.0
0.49071086752540766	0.4935277980231326	2.0
0.49071086752540766	0.4935277980231326	2.0
0.49071086752540766	0.4935277980231326	2.0
0.49071086752540766	0.4935277980231326	2.0
0.49071086752540766	0.4935277980231326	2.0
0.49071086752540766	0.4935277980231326	2.0
0.49071086752540766	0.4935277980231326	2.0
0.49071086752540766	0.4935277980231326	2.0
0.49071086752540766	0.4935277980231326	2.0
0.49071086752540766	0.4935277980231326	2.0
0.49071086752540766	0.4935277980231326	2.0
0.49071086752540766	0.4935277980231326	2.0
0.49071086752540766	0.4935277980231326	2.0
0.49071086752540766	0.4935277980231326	2.0
0.49071086752540766	0.4935277980231326	2.0
0.49071086752540766	0.4935277980231326	2.0
0.49071086752540766	0.4935277980231326	2.0
0.49071086752540766	0.4935277980231326	2.0
0.49071086752540766	0.4935277980231326	2.0
0.49071086752540766	0.4935277980231326	2.0
0.49071086752540766	0.4935277980231326	2.0
0.49071086752540766	0.4935277980231326	2.0
0.49071086752540766	0.4935277980231326	2.0
0.34950344009057077	0.4935277980231326	2.0
0.34950344009057077	0.49351485940257545	2.0
0.34950344009057077	0.49351485940257545	2.0
0.34950344009057077	0.49351485940257545	2.0
0.34950344009057077	0.49351485940257545	2.0
0.34950344009057077	0.49351485940257545	2.0
0.34950344009057077	0.49351485940257545	2.0
0.34950344009057077	0.49351485940257545	2.0
0.34950344009057077	0.49351485940257545	2.0
0.34950344009057077	0.49351485940257545	2.0
0.34950344009057077	0.49351485940257545	2.0
0.34950344009057077	0.49351485940257545	2.0
0.34950344009057077	0.49351485940257545	2.0
0.34950344009057077	0.49351485940257545	2.0
0.34950344009057077	0.49351485940257545	2.0
0.34950344009057077	0.49351485940257545	2.0
0.34950344009057077	0.49351485940257545	2.0
0.34950344009057077	0.49351485940257545	2.0
0.34950344009057077	0.49351485940257545	2.0
0.34950344009057077	0.49351485940257545	2.0
0.34950344009057077	0.49351485940257545	2.0
0.34950344009057077	0.49351485940257545	2.0
0.34950344009057077	0.49351485940257545	2.0
0.34950344009057077	0.49351485940257545	2.0
0.34950344009057077	0.49351485940257545	2.0
0.34950344009057077	0.49351485940257545	2.0
0.34950344009057077	0.49351485940257545	2.0
0.34950344009057077	0.49351485940257545	2.0
0.34950344009057077	0.49351485940257545	2.0
0.34950344009057077	0.49351485940257545	2.0
0.34950344009057077	0.49351485940257545	2.0
0.34950344009057077	0.49351485940257545	2.0
0.34950344009057077	0.49351485940257545	2.0
0.34950344009057077	0.49351485940257545	2.0
0.34950344009057077	0.49351485940257545	2.0
0.34950344009057077	0.49351485940257545	2.0
0.34950344009057077	0.49351485940257545	2.0
0.34950344009057077	0.49351485940257545	2.0
0.34950344009057077	0.49351485940257545	2.0
0.34950344009057077	0.49351485940257545	2.0
0.34950344009057077	0.49351485940257545	2.0
0.34950344009057077	0.49351485940257545	2.0
0.34950344009057077	0.49351485940257545	2.0
0.34950344009057077	0.49351485940257545	2.0
0.34950344009057077	0.49351485940257545	2.0
0.34950344009057077	0.49351485940257545	2.0
0.34950344009057077	0.49351485940257545	2.0
0.34950344009057077	0.49351485940257545	2.0
0.34950344009057077	0.49351485940257545	2.0
0.34950344009057077	0.49351485940257545	2.0
0.34950344009057077	0.49351485940257545	2.0
0.34950344009057077	0.49351485940257545	2.0
0.34950344009057077	0.49351485940257545	2.0
0.34950344009057077	0.49351485940257545	2.0
0.34950344009057077	0.49351485940257545	2.0
0.34950344009057077	0.49351485940257545	2.0
0.34950344009057077	0.49351485940257545	2.0
0.32402703960816776	0.49351485940257545	2.0
0.32402703960816776	0.49351485940257545	2.0
0.32402703960816776	0.49351485940257545	2.0
0.32402703960816776	0.49351485940257545	2.0
0.32402703960816776	0.49351485940257545	2.0
0.32402703960816776	0.49351485940257545	2.0
0.32402703960816776	0.49351485940257545	2.0
0.32402703960816776	0.49351485940257545	2.0
0.32402703960816776	0.49351485940257545	2.0
0.32402703960816776	0.49351485940257545	2.0
0.32402703960816776	0.49351485940257545	2.0
0.32402703960816776	0.49351485940257545	2.0
0.32402703960816776	0.49351485940257545	2.0
0.3183014595771645	0.4935277980231326	2.0
0.3183014595771645	0.4935277980231326	2.0
0.3183014595771645	0.4935277980231326	2.0
0.30908729909711724	0.4935277980231326	2.0
0.30908729909711724	0.4935277980231326	2.0
0.30908729909711724	0.4935277980231326	2.0
0.30908729909711724	0.4935277980231326	2.0
0.30908729909711724	0.4935277980231326	2.0
0.3046694407584821	0.4935277980231326	2.0
0.3046694407584821	0.4935277980231326	2.0
0.3046694407584821	0.4935277980231326	2.0
0.30257867971083285	0.4936667128043189	2.0
0.30059128786714784	0.49371717118119185	2.0
0.2993250193414706	0.4941844028790259	2.0
0.2975737900247813	0.49523492361367727	2.0
0.2975737900247813	0.49523492361367727	2.0
0.29749261210850275	0.6507838042301338	2.0
0.29749261210850275	0.6507838042301338	2.0
0.29749261210850275	0.6507838042301338	2.0
0.29749261210850275	0.6507838042301338	2.0
0.29749261210850275	0.6507838042301338	2.0
