0.650904142690524	-0.4543677901964485	0.0
0.650904142690524	-0.453441040569457	0.0
0.6489704328603849	-0.44953391259149317	0.0
0.6474806744780587	-0.44479690036898056	0.0
0.6462480850141784	-0.44148196544993484	0.0
0.6462480850141784	-0.4390417516420304	0.0
0.6462480850141784	-0.4390417516420304	0.0
0.6462480850141784	-0.4390417516420304	0.0
0.6440572062655934	-0.4278450699697922	0.0
0.6440572062655934	-0.4278450699697922	0.0
0.6426146060843546	-0.4207956625380682	0.0
0.642007852228255	-0.41819504363193577	0.0
0.6414978009770019	-0.415307320374251	0.0
0.6410571245784216	-0.4119271548821039	0.0
0.6407852373381182	-0.4081859769502588	0.0
0.6401727278955842	-0.40311488477990876	0.0
0.6401727278955842	-0.40311488477990876	0.0
0.638935090803902	-0.39506126146796244	0.0
0.638935090803902	-0.39158207409982704	0.0
0.6382155682018633	-0.38758772214485426	0.0
0.6379340092780809	-0.38549058155989174	0.0
0.6372252544369783	-0.3796612758085693	0.0
0.6369329277522597	-0.37674441396613817	0.0
0.6369329277522597	-0.37674441396613817	0.0
0.6362218982093355	-0.3674358154205005	0.0
0.6362218982093355	-0.3674358154205005	0.0
0.6355166895149652	-0.3614484877633989	0.0
0.6348777142943873	-0.3553034836581334	0.0
0.6347420490036747	-0.3508688444897623	0.0
0.634461835827838	-0.34898927949772623	0.0
0.634461835827838	-0.3442142212903861	0.0
0.6332573381536178	-0.33868130402781094	0.0
0.6332573381536178	-0.33868130402781094	0.0
0.6324158537109782	-0.3311098343199309	0.0
0.6324158537109782	-0.3311098343199309	0.0
0.6324158537109782	-0.3214901574947669	0.0
0.6314152245462371	-0.31488628733115825	0.0
0.6310778889603046	-0.3129798405541928	0.0
0.6308030385115866	-0.30590522543344895	0.0
0.6302879683087843	-0.30159736903536266	0.0
0.6302879683087843	-0.30159736903536266	0.0
0.6294904107455882	-0.29249208409225247	0.0
0.6294904107455882	-0.29249208409225247	0.0
0.6288775509200437	-0.28303058505295714	0.0
0.628392352080408	-0.27834491552060403	0.0
0.6282942027122718	-0.2747321265211312	0.0
0.6278529492320787	-0.26809349423139756	0.0
0.6278529492320787	-0.2626256176755601	0.0
0.6269760549218899	-0.2556840541826639	0.0
0.6267906056738584	-0.25169478055306527	0.0
0.6262662849950014	-0.248083407243746	0.0
0.6255842347185168	-0.23882901919385505	0.0
0.6255842347185168	-0.2360176537962922	0.0
0.6251625479625844	-0.22872565784153578	0.0
0.6245119743304033	-0.22183229747326927	0.0
0.6245119743304033	-0.22041209823739133	0.0
0.6237796475884884	-0.21121647797814982	0.0
0.6236616347728015	-0.20636851553337537	0.0
0.6231786857099797	-0.19978567797572921	0.0
0.6229367891115005	-0.1936923684305118	0.0
0.6229367891115005	-0.19443960375129807	0.0
0.6229367891115005	-0.18822445601384616	0.0
0.6218081783017957	-0.17349880714853666	0.0
0.6210402287795587	-0.16827737520598932	0.0
0.620878128899931	-0.16180211059823624	0.0
0.620878128899931	-0.1582689469736	0.0
0.620132876274122	-0.1480721787194934	0.0
0.6199144036463591	-0.14374961457433394	0.0
0.6193961602039318	-0.13304987729532228	0.0
0.6189416801695993	-0.128613740622135	0.0
0.45521791072589324	-0.12274347629590003	0.0
0.45521791072589324	-0.12274347629590003	0.0
0.45521791072589324	-0.12274347629590003	0.0
0.45521791072589324	-0.12274347629590003	0.0
0.45521791072589324	-0.12274347629590003	0.0
0.45521791072589324	-0.12274347629590003	0.0
0.45521791072589324	-0.12274347629590003	0.0
0.45521791072589324	-0.12274347629590003	0.0
0.45521791072589324	-0.12274347629590003	0.0
0.45521791072589324	-0.12274347629590003	0.0
0.45521791072589324	-0.12274347629590003	0.0
0.45521791072589324	-0.12274347629590003	0.0
0.45521791072589324	-0.12274347629590003	0.0
0.45521791072589324	-0.12274347629590003	0.0
0.4549182917776779	-0.12216940308857833	0.0
0.45027742022028017	-0.11945133654092635	0.0
0.44851952367554604	-0.11338331738367029	0.0
0.44636911765843457	-0.10779537293918995	0.0
0.44437635846528684	-0.10155190563198609	0.0
0.4439173932096122	-0.1007485394197995	0.0
0.4427269945258989	-0.09174852380157072	0.0
0.44139077623271206	-0.08680447460353105	0.0
0.43979391639528237	-0.07855134092048165	0.0
0.43889499284885714	-0.07051949835311537	0.0
0.43748507322732694	-0.062017817226419	0.0
0.4364405860837334	-0.05616252126150084	0.0
0.4364405860837334	-0.05616252126150084	0.0
0.43464525124860287	-0.041140866950493064	0.0
0.4338205692789089	-0.03345726462137909	0.0
0.4326168756933311	-0.025463087313862234	0.0
0.4326168756933311	-0.0234256086213612	0.0
0.4314895365863318	-0.013432984360443342	0.0
0.4309383303407784	-0.005855607964620588	0.0
0.4294800354333825	0.0039759421187004025	0.0
0.42901401183763105	0.013572686834282517	0.0
0.4281711533606432	0.02374560639132949	0.0
0.4267110634822501	0.03205381701183811	0.0
0.42613967058642344	0.04051571314045856	0.0
0.42557830490486526	0.04893363611502255	0.0
0.42408551378857784	0.059094996449385796	0.0
0.4240564836230535	0.061969208927473866	0.0
0.4237430451814355	0.07041724549640165	0.0
0.42163446423654755	0.08636666927712415	0.0
0.42163446423654755	0.090714079273325	0.0
0.42052187822098924	0.10824187972562349	0.0
0.42052187822098924	0.11196798872292137	0.0
0.4186507751651388	0.12321461345115851	0.0
0.4175834883724885	0.1392476825958404	0.0
0.4175834883724885	0.1533855971524361	0.0
0.41582515244865825	0.16096860760873738	0.0
0.414697813341659	0.17370901993478655	0.0
0.4137860138643972	0.184926687793741	0.0
0.412994458745638	0.19966196632551297	0.0
0.412994458745638	0.20086667621087845	0.0
0.4112214089699121	0.2191735209514748	0.0
0.41031192504285025	0.23326892674216787	0.0
0.25849459354254894	0.2423675263328104	0.0
0.25849459354254894	0.2423675263328104	0.0
0.25849459354254894	0.2423675263328104	0.0
0.25849459354254894	0.2423675263328104	0.0
0.25849459354254894	0.2423675263328104	0.0
0.25849459354254894	0.2423675263328104	0.0
0.25849459354254894	0.2423675263328104	0.0
0.25849459354254894	0.2423675263328104	0.0
0.25849459354254894	0.2423675263328104	0.0
0.25849459354254894	0.2423675263328104	0.0
0.25849459354254894	0.2423675263328104	0.0
0.25849459354254894	0.2423675263328104	0.0
0.25849459354254894	0.2423675263328104	0.0
0.25849459354254894	0.2423675263328104	0.0
0.25849459354254894	0.2423675263328104	0.0
0.25849459354254894	0.2423675263328104	0.0
0.25849459354254894	0.2423675263328104	0.0
0.25849459354254894	0.2423675263328104	0.0
0.25849459354254894	0.2423675263328104	0.0
0.25849459354254894	0.2423675263328104	0.0
0.25237556838691044	0.24791822204555786	0.0
0.2503543446639235	0.2503546643872643	0.0
0.24648671283171691	0.26233589541926366	0.0
0.24343457253268808	0.2690719266335707	0.0
0.24141349297779802	0.281106165716731	0.0
0.23789559369418767	0.29247835653576176	0.0
0.23520755537470228	0.3060466743623654	0.0
0.23286403373515485	0.3192880229120903	0.0
0.23014711565119114	0.3350119326681226	0.0
0.22895928515902636	0.34459039596048924	0.0
0.2259335980280471	0.36537878450823097	0.0
0.2224415797291524	0.38583990340682145	0.0
0.22022032805091893	0.40055664350447256	0.0
0.21871510160839366	0.4147961164623275	0.0
0.2164816384332237	0.43074656234440517	0.0
0.21411930808426913	0.4464938956215518	0.0
0.21135172580995396	0.4677515206040767	0.0
0.20863088445340033	0.4885246159055436	0.0
0.2053494152425873	0.512912195503027	0.0
0.20346528004236492	0.5327820500962855	0.0
0.20006087460490585	0.5534175940767425	0.0
0.19750270930741515	0.572593172410282	0.0
0.19378130991567533	0.5998882099047367	0.0
0.19143462079478657	0.6202228324001049	0.0
0.18706937853133193	0.6438157506142155	0.0
0.18281138598827557	0.6665165634150481	0.0
0.08403559175668474	0.6698880388584051	0.0
0.08403559175668474	0.6698880388584051	0.0
0.08403559175668474	0.6698880388584051	0.0
0.08403559175668474	0.6698880388584051	0.0
0.08403559175668474	0.6698880388584051	0.0
0.08403559175668474	0.6698880388584051	0.0
0.08403559175668474	0.6698880388584051	0.0
0.08403559175668474	0.6698880388584051	0.0
0.08403559175668474	0.6698880388584051	0.0
0.08403559175668474	0.6698880388584051	0.0
0.08403559175668474	0.6698880388584051	0.0
0.08403559175668474	0.6698880388584051	0.0
0.08403559175668474	0.6698880388584051	0.0
0.08403559175668474	0.6698880388584051	0.0
0.07608884606580975	0.6728516058184667	0.0
0.06897557074682385	0.6811071474949004	0.0
0.066379907190761	0.6848698511594155	0.0
0.0609430050793673	0.6963473085246515	0.0
0.05391554973696297	0.7152774009942944	0.0
0.04872422262483729	0.7331103568882186	0.0
0.04320758344209698	0.750457048896652	0.0
0.036792149843168594	0.7769660224739262	0.0
0.029482628351619633	0.8067469994812895	0.0
0.02559838261524914	0.8224737979831728	0.0
0.018492939827643745	0.8604897155268924	0.0
0.012995408884506121	0.8879756237575079	0.0
0.006868209816914134	0.915801349646043	0.0
0.0	4.427660077987445	0.0
