0.6722479134086807	2.5741979309436465	0.0
0.7827555347978273	3.922861590767587	0.0
0.4078485183392324	4.678786511444124	0.0
0.9935197296941127	2.8770598944891526	0.0
0.4244576511910231	3.5563711526945783	0.0
0.30450948731960725	4.735612405166309	0.0
0.43004305907094686	4.171901593946112	0.0
0.607590862486468	3.481606435391271	0.0
0.7678099135816392	4.416585387024867	0.0
0.16382428614375744	4.886773406296703	0.0
0.3036061874281776	3.355963482552349	0.0
0.054267269996179035	5.386919555306664	0.0
0.5798472403091919	4.767840386000659	0.0
0.2896966138847781	3.824952627595019	0.0
0.6148535089957038	3.727509672595419	0.0
0.3075118799894231	4.292790952268707	0.0
0.3022964670925049	4.754092806280161	0.0
0.1655967516127408	5.388381078460249	0.0
0.692317369414703	2.4533176728995456	0.0
0.9516947376780517	3.3993692184331765	0.0
0.5066535859771721	3.4933148454234013	0.0
0.25621551703860856	4.606553427683518	0.0
0.037171274438399626	6.003170090310287	0.0
0.9323994339227722	3.760059738822237	0.0
0.18215670867405165	4.8950540306127355	0.0
0.8027643779274983	4.272356924984353	0.0
0.44126995671745073	3.036501080862562	0.0
0.9454853465729267	3.8702441924922595	0.0
0.38399380563044094	3.7581149324724983	0.0
0.9377017258516115	3.88825534207894	0.0
0.299138230107308	4.815206105686039	0.0
0.7903607407689793	3.233321977807308	0.0
0.16640915671373835	5.169429631726876	0.0
0.4144424663986701	4.254585368587386	0.0
0.21930938331036087	4.097837299622749	0.0
0.6458293468360394	3.789842067598265	0.0
0.3383473238279101	4.468964974555262	0.0
0.6064768316978155	2.5921055350065565	0.0
0.6383564868573639	3.0353052007995602	0.0
0.6792043780938738	3.4802397232537006	0.0
0.6722479134086807	2.5741979309436465	0.0
0.6951731986421477	3.068464415935448	0.0
0.6951731986421477	3.0611941331387937	0.0
0.9935197296941127	2.8770598944891526	0.0
0.6951731986421477	3.0611941331387937	0.0
0.6951731986421477	3.0611941331387937	0.0
0.6951731986421477	3.0611941331387937	0.0
0.692317369414703	2.9374169733016027	0.0
0.692317369414703	2.9374169733016027	0.0
0.692317369414703	2.9374169733016027	0.0
0.692317369414703	2.9374169733016027	0.0
0.692317369414703	2.849714453811017	0.0
0.692317369414703	2.849714453811017	0.0
0.692317369414703	2.849714453811017	0.0
0.692317369414703	2.849714453811017	0.0
0.692317369414703	2.849714453811017	0.0
0.692317369414703	2.849714453811017	0.0
0.692317369414703	2.9374169733016027	0.0
0.692317369414703	2.4533176728995456	0.0
0.44126995671745073	2.762036384628006	0.0
0.44126995671745073	2.762036384628006	0.0
0.44126995671745073	2.762036384628006	0.0
0.44126995671745073	2.762036384628006	0.0
0.44126995671745073	2.762036384628006	0.0
0.44126995671745073	2.762036384628006	0.0
0.4332830327327841	2.8542797099951556	0.0
0.2626290624551478	3.1976964326298436	0.0
0.2626290624551478	3.1976964326298436	0.0
0.2626290624551478	3.1976964326298436	0.0
0.2626290624551478	3.1976964326298436	0.0
0.2554958086836967	3.200882247162026	0.0
0.24122930114079455	3.2494659097152323	0.0
0.24122930114079455	3.250911080390497	0.0
0.24122930114079455	3.250911080390497	0.0
0.24122930114079455	3.250911080390497	0.0
0.24122930114079455	3.250911080390497	0.0
0.24122930114079455	3.250911080390497	0.0
0.24122930114079455	3.250911080390497	0.0
0.24122930114079455	3.250911080390497	0.0
0.24122930114079455	3.250911080390497	0.0
0.6722479134086807	2.5705627667780564	0.0
0.6722479134086807	2.5705627667780564	0.0
0.6722479134086807	2.5705627667780564	0.0
0.6722479134086807	2.5705627667780564	0.0
0.6722479134086807	2.5705627667780564	0.0
0.6722479134086807	2.5705627667780564	0.0
0.6722479134086807	2.5705627667780564	0.0
0.6722479134086807	2.590855833884756	0.0
0.6722479134086807	2.590855833884756	0.0
0.6722479134086807	2.590855833884756	0.0
0.6722479134086807	2.590855833884756	0.0
0.6722479134086807	2.590855833884756	0.0
0.6722479134086807	2.590855833884756	0.0
0.6722479134086807	2.590855833884756	0.0
0.44126995671745073	2.7391994463309155	0.0
0.44126995671745073	2.7391994463309155	0.0
0.44126995671745073	2.7391994463309155	0.0
0.44126995671745073	2.7391994463309155	0.0
0.4332830327327841	2.765586655570725	0.0
0.4332830327327841	2.765586655570725	0.0
0.4332830327327841	2.765586655570725	0.0
0.4332830327327841	2.765586655570725	0.0
0.4332830327327841	2.765586655570725	0.0
0.4332830327327841	2.765586655570725	0.0
0.42614977896133305	3.056199956004036	0.0
0.42614977896133305	3.056199956004036	0.0
0.2626290624551478	3.1895133584211184	0.0
0.2626290624551478	3.1895133584211184	0.0
0.2626290624551478	3.1895133584211184	0.0
0.2626290624551478	3.1895133584211184	0.0
0.2554958086836967	3.200882247162026	0.0
0.24122930114079455	3.2404031723022064	0.0
0.23052942048361794	3.315407870351812	0.0
0.23052942048361794	3.315407870351812	0.0
0.23052942048361794	3.315407870351812	0.0
0.23052942048361794	3.315407870351812	0.0
0.23052942048361794	3.315407870351812	0.0
0.23052942048361794	3.315407870351812	0.0
0.23052942048361794	3.315407870351812	0.0
0.23052942048361794	3.315407870351812	0.0
0.6666234457412302	2.4980376439123244	0.0
0.6666234457412302	2.4980376439123244	0.0
0.6666234457412302	2.3087633796342732	0.0
0.6666234457412302	2.3087633796342732	0.0
0.6666234457412302	2.3087633796342732	0.0
0.6666234457412302	2.3087633796342732	0.0
0.6666234457412302	2.3087633796342732	0.0
0.6666234457412302	1.8933823099752658	0.0
0.6666234457412302	1.8933823099752658	0.0
0.6666234457412302	1.8933823099752658	0.0
0.6666234457412302	1.8933823099752658	0.0
0.6666234457412302	1.8933823099752658	0.0
0.6666234457412302	1.8933823099752658	0.0
0.6666234457412302	1.8933823099752658	0.0
0.6666234457412302	1.8933823099752658	0.0
0.6666234457412302	1.8933823099752658	0.0
0.8686206373842714	1.1635475478565849	0.0
0.8643927084688715	1.3204267916138814	0.0
0.8643927084688715	1.3204267916138814	0.0
0.6666234457412302	1.8933823099752658	0.0
0.6666234457412302	1.8933823099752658	0.0
0.6666234457412302	1.8933823099752658	0.0
0.6666234457412302	1.8935755331418338	0.0
0.6666234457412302	2.011585032391	0.0
0.6666234457412302	1.8932856989250426	0.0
0.46105962721246346	2.2570621902895978	0.0
0.46105962721246346	2.2570621902895978	0.0
0.46105962721246346	2.2570621902895978	0.0
0.46105962721246346	2.2570621902895978	0.0
0.46105962721246346	2.2570621902895978	0.0
0.46105962721246346	2.2570621902895978	0.0
0.46105962721246346	2.2570621902895978	0.0
0.2554958086836967	2.844926144753726	0.0
0.2554958086836967	2.844926144753726	0.0
0.2554958086836967	2.844926144753726	0.0
0.2554958086836967	2.87782681461155	0.0
0.23052942048361794	3.315407870351812	0.0
0.14023070531927395	3.860151455915321	0.0
0.14023070531927395	3.860151455915321	0.0
0.14023070531927395	3.860151455915321	0.0
0.6666234457412302	1.878588693051047	0.0
0.6666234457412302	1.8751073052758183	0.0
0.8686206373842714	1.2794328703427094	0.0
0.8686206373842714	1.1834710740667584	0.0
0.8686206373842714	1.1834710740667584	0.0
0.8643927084688715	1.2153635084200918	0.0
0.8643927084688715	1.2153635084200918	0.0
0.8643927084688715	1.2153635084200918	0.0
0.8643927084688715	1.2153635084200918	0.0
0.8643927084688715	1.2153635084200918	0.0
0.8643927084688715	1.2153635084200918	0.0
0.8643927084688715	1.2153635084200918	0.0
0.8643927084688715	1.2153635084200918	0.0
0.8643927084688715	1.2153635084200918	0.0
0.8643927084688715	1.2153635084200918	0.0
0.8643927084688715	1.2153635084200918	0.0
0.8643927084688715	1.2153635084200918	0.0
0.8643927084688715	1.3204267916138814	0.0
0.8643927084688715	1.3204267916138814	0.0
0.6666234457412302	1.8933823099752658	0.0
0.6666234457412302	1.8730444198338085	0.0
0.6666234457412302	1.8730444198338085	0.0
0.6666234457412302	1.8935755331418338	0.0
0.6666234457412302	2.011585032391	0.0
0.6666234457412302	1.8932856989250426	0.0
0.6152324911090385	2.1525987292976243	0.0
0.46105962721246346	2.2570621902895978	0.0
0.46105962721246346	2.2570621902895978	0.0
0.46105962721246346	2.2570621902895978	0.0
0.46105962721246346	2.2570621902895978	0.0
0.46105962721246346	2.2570621902895978	0.0
0.46105962721246346	2.2570621902895978	0.0
0.2554958086836967	2.7782684871426158	0.0
0.2554958086836967	2.7782684871426158	0.0
0.2554958086836967	2.7782684871426158	0.0
0.23052942048361794	2.9306492978030136	0.0
0.23052942048361794	3.315407870351812	0.0
0.15271389941931332	3.52366709540111	0.0
0.08259815363706258	3.8664218009674185	0.0
0.08259815363706258	3.8664218009674185	0.0
0.8707346018419714	1.170126475175169	0.0
0.8707346018419714	1.170126475175169	0.0
0.8707346018419714	1.170126475175169	0.0
0.8643927084688715	1.1552862654349945	0.0
0.8643927084688715	1.1552862654349945	0.0
0.8643927084688715	1.2153635084200918	0.0
0.8643927084688715	1.2153635084200918	0.0
0.8643927084688715	1.2153635084200918	0.0
0.8643927084688715	1.2153635084200918	0.0
0.8643927084688715	1.2153635084200918	0.0
0.8643927084688715	1.2153635084200918	0.0
0.8643927084688715	1.2153635084200918	0.0
0.8643927084688715	1.2153635084200918	0.0
0.8643927084688715	1.2153635084200918	0.0
0.8643927084688715	1.2153635084200918	0.0
0.8643927084688715	1.2153635084200918	0.0
0.8643927084688715	1.2153635084200918	0.0
0.8643927084688715	1.3204267916138814	0.0
0.6666234457412302	1.773297215602416	0.0
0.6666234457412302	1.773297215602416	0.0
0.6666234457412302	1.773297215602416	0.0
0.6666234457412302	1.7801967424198837	0.0
0.6666234457412302	1.8935755331418338	0.0
0.6666234457412302	2.011585032391	0.0
0.6666234457412302	1.8932856989250426	0.0
0.46105962721246346	2.1361672796345674	0.0
0.46105962721246346	2.1361672796345674	0.0
0.46105962721246346	2.1361672796345674	0.0
0.46105962721246346	2.1361672796345674	0.0
0.46105962721246346	2.2570621902895978	0.0
0.4353641498963676	2.48099615790879	0.0
0.4353641498963676	2.48099615790879	0.0
0.2554958086836967	2.7782684871426158	0.0
0.2554958086836967	2.7782684871426158	0.0
0.2554958086836967	2.7782684871426158	0.0
0.23052942048361794	2.816508153120434	0.0
0.10132294478712162	3.315303669829239	0.0
0.10132294478712162	3.315303669829239	0.0
0.07562746747102578	3.3371910977197503	0.0
0.0	4.045381499381801	0.0
0.8707346018419714	1.157342732542833	0.0
0.8707346018419714	1.157342732542833	0.0
0.8707346018419714	1.157342732542833	0.0
0.8643927084688715	1.1552862654349945	0.0
0.8643927084688715	1.1552862654349945	0.0
0.8643927084688715	1.2153635084200918	0.0
0.8643927084688715	1.2153635084200918	0.0
0.8596615998213799	1.1882174802493886	0.0
0.8596615998213799	1.1882174802493886	0.0
0.8596615998213799	1.1882174802493886	0.0
0.8596615998213799	1.1882174802493886	0.0
0.8596615998213799	1.1882174802493886	0.0
0.8596615998213799	1.1882174802493886	0.0
0.8596615998213799	1.1882174802493886	0.0
0.8596615998213799	1.1882174802493886	0.0
0.8596615998213799	1.1882174802493886	0.0
0.8596615998213799	1.1882174802493886	0.0
0.8596615998213799	1.1882174802493886	0.0
0.6666234457412302	1.773297215602416	0.0
0.6666234457412302	1.773297215602416	0.0
0.6666234457412302	1.773297215602416	0.0
0.6666234457412302	1.7801967424198837	0.0
0.6666234457412302	1.8935755331418338	0.0
0.6666234457412302	2.011585032391	0.0
0.46105962721246346	2.113442762119996	0.0
0.46105962721246346	2.113442762119996	0.0
0.46105962721246346	2.113442762119996	0.0
0.46105962721246346	2.1361672796345674	0.0
0.4482114954318017	2.207824120156045	0.0
0.4482114954318017	2.207824120156045	0.0
0.4353641498963676	2.48099615790879	0.0
0.2554958086836967	2.692719160696548	0.0
0.2554958086836967	2.692719160696548	0.0
0.2554958086836967	2.692719160696548	0.0
0.23052942048361794	2.732107153362515	0.0
0.21804622638357857	2.7555349125066355	0.0
0.10132294478712162	3.3109779196220024	0.0
0.10132294478712162	3.3109779196220024	0.0
0.024236512838834073	3.6041932576302194	0.0
0.0	4.045381499381801	0.0
0.8707346018419714	1.157342732542833	0.0
0.8707346018419714	1.157342732542833	0.0
0.8707346018419714	1.157342732542833	0.0
0.8643927084688715	1.1552862654349945	0.0
0.8596615998213799	1.1892107668690208	0.0
0.8596615998213799	1.1892107668690208	0.0
0.8596615998213799	1.2615973918043153	0.0
0.8596615998213799	1.1882174802493886	0.0
0.8596615998213799	1.1882174802493886	0.0
0.8596615998213799	1.1882174802493886	0.0
0.8596615998213799	1.1882174802493886	0.0
0.8596615998213799	1.1882174802493886	0.0
0.8596615998213799	1.1882174802493886	0.0
0.8596615998213799	1.1882174802493886	0.0
0.8596615998213799	1.1882174802493886	0.0
0.8596615998213799	1.1882174802493886	0.0
0.6666234457412302	1.6559042290331696	0.0
0.6666234457412302	1.6559042290331696	0.0
0.6666234457412302	1.6559042290331696	0.0
0.6666234457412302	1.6559042290331696	0.0
0.6666234457412302	1.773297215602416	0.0
0.6666234457412302	1.7801967424198837	0.0
0.6666234457412302	1.8935755331418338	0.0
0.6666234457412302	2.011585032391	0.0
0.46105962721246346	2.097009343327338	0.0
0.46105962721246346	2.097009343327338	0.0
0.46105962721246346	2.097009343327338	0.0
0.4482114954318017	2.118447782049951	0.0
0.4259622041160369	2.1538600302702346	0.0
0.4259622041160369	2.337120889941895	0.0
0.4259622041160369	2.337120889941895	0.0
0.2554958086836967	2.6383038042437774	0.0
0.2554958086836967	2.692719160696548	0.0
0.2554958086836967	2.692719160696548	0.0
0.23052942048361794	2.732107153362515	0.0
0.21804622638357857	2.7555349125066355	0.0
0.10132294478712162	3.267547550380769	0.0
0.10132294478712162	3.267547550380769	0.0
0.024236512838834073	3.6041932576302194	0.0
0.0	4.045381499381801	0.0
0.8643927084688715	1.0168623941075117	0.0
0.8643927084688715	1.0168623941075117	0.0
0.8643927084688715	1.0168623941075117	0.0
0.8643927084688715	1.0693464172506142	0.0
0.8596615998213799	1.1093958501325956	0.0
0.8596615998213799	1.1093958501325956	0.0
0.8596615998213799	1.1093958501325956	0.0
0.8596615998213799	1.1882174802493886	0.0
0.8596615998213799	1.1882174802493886	0.0
0.8596615998213799	1.1882174802493886	0.0
0.8596615998213799	1.1882174802493886	0.0
0.8596615998213799	1.1882174802493886	0.0
0.8596615998213799	1.1882174802493886	0.0
0.8596615998213799	1.1882174802493886	0.0
0.6666234457412302	1.426538093874719	0.0
0.6666234457412302	1.426538093874719	0.0
0.6666234457412302	1.426538093874719	0.0
0.6666234457412302	1.426538093874719	0.0
0.6666234457412302	1.426538093874719	0.0
0.6666234457412302	1.426538093874719	0.0
0.6666234457412302	1.685981618531437	0.0
0.6666234457412302	1.7801967424198837	0.0
0.6666234457412302	1.7961982073016416	0.0
0.6666234457412302	1.7961982073016416	0.0
0.4482114954318017	2.010159683197957	0.0
0.4482114954318017	2.010159683197957	0.0
0.4482114954318017	2.010159683197957	0.0
0.4482114954318017	2.010159683197957	0.0
0.4259622041160369	2.1538600302702346	0.0
0.4482114954318017	2.0955281885303934	0.0
0.4259622041160369	2.337120889941895	0.0
0.2554958086836967	2.5781739155605483	0.0
0.2554958086836967	2.5781739155605483	0.0
0.2554958086836967	2.5781739155605483	0.0
0.23052942048361794	2.7298962062340295	0.0
0.21804622638357857	2.7555349125066355	0.0
0.10132294478712162	3.267547550380769	0.0
0.10132294478712162	3.267547550380769	0.0
0.024236512838834073	3.492747494379515	0.0
0.0	4.045381499381801	0.0
0.8643927084688715	1.0168623941075117	0.0
0.8643927084688715	1.0168623941075117	0.0
0.8643927084688715	1.0168623941075117	0.0
0.8643927084688715	1.0693464172506142	0.0
0.8596615998213799	1.1093958501325956	0.0
0.8596615998213799	1.1093958501325956	0.0
0.8596615998213799	1.1093958501325956	0.0
0.8596615998213799	1.1882174802493886	0.0
0.8596615998213799	1.1882174802493886	0.0
0.8596615998213799	1.1882174802493886	0.0
0.8596615998213799	1.1882174802493886	0.0
0.8596615998213799	1.1882174802493886	0.0
0.8596615998213799	1.1882174802493886	0.0
0.6666234457412302	1.426538093874719	0.0
0.6666234457412302	1.426538093874719	0.0
0.6666234457412302	1.426538093874719	0.0
0.6666234457412302	1.426538093874719	0.0
0.6666234457412302	1.426538093874719	0.0
0.6666234457412302	1.426538093874719	0.0
0.6666234457412302	1.426538093874719	0.0
0.6666234457412302	1.685981618531437	0.0
0.6666234457412302	1.7801967424198837	0.0
0.6666234457412302	1.7961982073016416	0.0
0.4482114954318017	1.9117251945333786	0.0
0.4482114954318017	1.9117251945333786	0.0
0.4482114954318017	1.9117251945333786	0.0
0.4482114954318017	1.9117251945333786	0.0
0.4482114954318017	2.010159683197957	0.0
0.4259622041160369	2.1538600302702346	0.0
0.4148375584581545	2.2964019899078445	0.0
0.4148375584581545	2.2964019899078445	0.0
0.2554958086836967	2.549620182792723	0.0
0.2554958086836967	2.5781739155605483	0.0
0.2554958086836967	2.5781739155605483	0.0
0.23052942048361794	2.612116946867771	0.0
0.21804622638357857	2.7555349125066355	0.0
0.1591379653096442	3.2005152926142433	0.0
0.10132294478712162	3.267547550380769	0.0
0.054632963045095295	3.2884471682403102	0.0
0.0	4.045381499381801	0.0
0.8643927084688715	1.0168623941075117	0.0
0.8643927084688715	1.0168623941075117	0.0
0.8596615998213799	1.0610868833497578	0.0
0.8596615998213799	1.0610868833497578	0.0
0.8596615998213799	1.1093958501325956	0.0
0.8596615998213799	1.1093958501325956	0.0
0.8596615998213799	1.1093958501325956	0.0
0.8596615998213799	1.1882174802493886	0.0
0.8596615998213799	1.1882174802493886	0.0
0.8596615998213799	1.1882174802493886	0.0
0.8596615998213799	1.1882174802493886	0.0
0.8596615998213799	1.1882174802493886	0.0
0.8596615998213799	1.1882174802493886	0.0
0.6666234457412302	1.4113591709591378	0.0
0.6666234457412302	1.4113591709591378	0.0
0.6666234457412302	1.426538093874719	0.0
0.6666234457412302	1.426538093874719	0.0
0.6666234457412302	1.426538093874719	0.0
0.6666234457412302	1.426538093874719	0.0
0.6666234457412302	1.426538093874719	0.0
0.6666234457412302	1.685981618531437	0.0
0.6666234457412302	1.7801967424198837	0.0
0.4482114954318017	1.873070537720184	0.0
0.4648984639186253	1.759646241133082	0.0
0.4648984639186253	1.759646241133082	0.0
0.4648984639186253	1.759646241133082	0.0
0.4482114954318017	1.9117251945333786	0.0
0.4482114954318017	2.010159683197957	0.0
0.4259622041160369	2.1538600302702346	0.0
0.4148375584581545	2.2964019899078445	0.0
0.4148375584581545	2.2964019899078445	0.0
0.2430126145836573	2.517505909147694	0.0
0.2430126145836573	2.517505909147694	0.0
0.2430126145836573	2.517505909147694	0.0
0.23052942048361794	2.612116946867771	0.0
0.21804622638357857	2.7555349125066355	0.0
0.1467870320323636	3.135119693125022	0.0
0.10132294478712162	3.267547550380769	0.0
0.054632963045095295	3.2884471682403102	0.0
0.0	4.045381499381801	0.0
0.8643927084688715	1.0168623941075117	0.0
0.8643927084688715	1.0168623941075117	0.0
0.858478822659507	1.0411384532340402	0.0
0.8572960454976342	1.0784641226660006	0.0
0.8572960454976342	0.9665258197089956	0.0
0.8572960454976342	1.0784641226660006	0.0
0.8572960454976342	1.0784641226660006	0.0
0.8572960454976342	1.0784641226660006	0.0
0.8572960454976342	1.0784641226660006	0.0
0.8572960454976342	1.0784641226660006	0.0
0.8572960454976342	1.0784641226660006	0.0
0.8572960454976342	1.0784641226660006	0.0
0.6666234457412302	1.305697324132203	0.0
0.6666234457412302	1.305697324132203	0.0
0.6666234457412302	1.305697324132203	0.0
0.6666234457412302	1.305697324132203	0.0
0.6666234457412302	1.426538093874719	0.0
0.6666234457412302	1.426538093874719	0.0
0.6582799614978184	1.4355611523296323	0.0
0.6582799614978184	1.4355611523296323	0.0
0.6582799614978184	1.4355611523296323	0.0
0.4648984639186253	1.693534480818798	0.0
0.4648984639186253	1.693534480818798	0.0
0.4648984639186253	1.693534480818798	0.0
0.4648984639186253	1.7092716043625567	0.0
0.4648984639186253	1.759646241133082	0.0
0.4648984639186253	1.7092716043625567	0.0
0.4482114954318017	2.010159683197957	0.0
0.4482114954318017	2.010583173569496	0.0
0.4148375584581545	2.213924135174591	0.0
0.4148375584581545	2.2964019899078445	0.0
0.23052942048361794	2.401936196511687	0.0
0.23052942048361794	2.401936196511687	0.0
0.23052942048361794	2.401936196511687	0.0
0.21804622638357857	2.4324866089742323	0.0
0.21804622638357857	2.7555349125066355	0.0
0.1467870320323636	3.135119693125022	0.0
0.10132294478712162	3.1899370052838365	0.0
0.054632963045095295	3.2884471682403102	0.0
0.0	4.045381499381801	0.0
0.8572960454976342	0.8221050163698346	0.0
0.8572960454976342	0.8221050163698346	0.0
0.8572960454976342	0.8221050163698346	0.0
0.8572960454976342	0.8221050163698346	0.0
0.8572960454976342	0.8221050163698346	0.0
0.8572960454976342	0.8221050163698346	0.0
0.8572960454976342	0.8221050163698346	0.0
0.8572960454976342	0.8221050163698346	0.0
0.8572960454976342	0.8221050163698346	0.0
0.8572960454976342	1.0784641226660006	0.0
0.8572960454976342	1.0784641226660006	0.0
0.8572960454976342	1.0784641226660006	0.0
0.8572960454976342	0.8221050163698346	0.0
0.6610972547081297	1.2498431108465824	0.0
0.6610972547081297	1.2498431108465824	0.0
0.6610972547081297	1.2498431108465824	0.0
0.6610972547081297	1.2498431108465824	0.0
0.6582799614978184	1.288589650861515	0.0
0.6582799614978184	1.3467948467059474	0.0
0.6582799614978184	1.4355611523296323	0.0
0.6582799614978184	1.4355611523296323	0.0
0.6582799614978184	1.3467948467059474	0.0
0.6582799614978184	1.3467948467059474	0.0
0.4648984639186253	1.6924082073451756	0.0
0.4648984639186253	1.6924082073451756	0.0
0.4648984639186253	1.6924082073451756	0.0
0.4648984639186253	1.7092716043625567	0.0
0.4648984639186253	1.7027338139904449	0.0
0.4648984639186253	1.7027338139904449	0.0
0.4648984639186253	1.7027338139904449	0.0
0.4148375584581545	2.2964019899078445	0.0
0.23052942048361794	2.401936196511687	0.0
0.23052942048361794	2.401936196511687	0.0
0.23052942048361794	2.401936196511687	0.0
0.21804622638357857	2.4324866089742323	0.0
0.21180462933355887	2.623597769293741	0.0
0.1467870320323636	3.135119693125022	0.0
0.10132294478712162	3.1899370052838365	0.0
0.054632963045095295	3.2884471682403102	0.0
0.0	4.045381499381801	0.0
0.8572960454976342	0.8046223723867356	0.0
0.8572960454976342	0.8221050163698346	0.0
0.8572960454976342	0.8221050163698346	0.0
0.8572960454976342	0.8221050163698346	0.0
0.8572960454976342	0.8221050163698346	0.0
0.8363449984209236	0.917259237097491	0.0
0.8363449984209236	0.917259237097491	0.0
0.8363449984209236	0.917259237097491	0.0
0.8363449984209236	0.917259237097491	0.0
0.8363449984209236	0.917259237097491	0.0
0.8363449984209236	0.917259237097491	0.0
0.8363449984209236	0.917259237097491	0.0
0.8363449984209236	0.917259237097491	0.0
0.8363449984209236	0.917259237097491	0.0
0.6582799614978184	1.2383399699545663	0.0
0.6582799614978184	1.2383399699545663	0.0
0.6582799614978184	1.2383399699545663	0.0
0.6582799614978184	1.288589650861515	0.0
0.6582799614978184	1.3467948467059474	0.0
0.6582799614978184	1.2383399699545663	0.0
0.6582799614978184	1.4355611523296323	0.0
0.6582799614978184	1.3467948467059474	0.0
0.6582799614978184	1.3467948467059474	0.0
0.4648984639186253	1.6696021180711895	0.0
0.4648984639186253	1.6696021180711895	0.0
0.4648984639186253	1.6696021180711895	0.0
0.4648984639186253	1.7092716043625567	0.0
0.4648984639186253	1.7027338139904449	0.0
0.42906258593547403	1.9697210438882193	0.0
0.42906258593547403	1.9697210438882193	0.0
0.42906258593547403	1.9697210438882193	0.0
0.23052942048361794	2.401936196511687	0.0
0.23052942048361794	2.401936196511687	0.0
0.23052942048361794	2.401936196511687	0.0
0.22428782343359827	2.4235074001234227	0.0
0.21180462933355887	2.623597769293741	0.0
0.1467870320323636	2.8392126515605494	0.0
0.10132294478712162	3.161004944048715	0.0
0.054632963045095295	3.1916538498337927	0.0
0.0	4.045381499381801	0.0
0.8572960454976342	0.8046223723867356	0.0
0.8572960454976342	0.8221050163698346	0.0
0.8572960454976342	0.8221050163698346	0.0
0.8572960454976342	0.8221050163698346	0.0
0.8572960454976342	0.8221050163698346	0.0
0.8363449984209236	0.917259237097491	0.0
0.8363449984209236	0.917259237097491	0.0
0.8363449984209236	0.917259237097491	0.0
0.831107236651746	0.9913190805857529	0.0
0.831107236651746	0.9913190805857529	0.0
0.831107236651746	0.9913190805857529	0.0
0.8258694748825683	1.1023208603966732	0.0
0.8232505939979795	1.1554078320263157	0.0
0.8232505939979795	1.1554078320263157	0.0
0.6582799614978184	1.2383399699545663	0.0
0.6582799614978184	1.2383399699545663	0.0
0.6582799614978184	1.2383399699545663	0.0
0.6582799614978184	1.288589650861515	0.0
0.6326117467705223	1.364008239239234	0.0
0.6326117467705223	1.364008239239234	0.0
0.6326117467705223	1.364008239239234	0.0
0.6326117467705223	1.364008239239234	0.0
0.6326117467705223	1.364008239239234	0.0
0.4648984639186253	1.6424920423841032	0.0
0.4648984639186253	1.6424920423841032	0.0
0.4648984639186253	1.6339544222577498	0.0
0.4648984639186253	1.7092716043625567	0.0
0.44189669329912207	1.774101858580196	0.0
0.44189669329912207	1.8990400127503988	0.0
0.42906258593547403	1.9697210438882193	0.0
0.42906258593547403	1.9697210438882193	0.0
0.23052942048361794	2.3706226962872354	0.0
0.23052942048361794	2.3706226962872354	0.0
0.23052942048361794	2.3706226962872354	0.0
0.23052942048361794	2.3706226962872354	0.0
0.21180462933355887	2.623597769293741	0.0
0.1467870320323636	2.8392126515605494	0.0
0.10132294478712162	3.161004944048715	0.0
0.054632963045095295	3.1916538498337927	0.0
0.0	4.045381499381801	0.0
0.8572960454976342	0.8046223723867356	0.0
0.8572960454976342	0.8221050163698346	0.0
0.8572960454976342	0.8221050163698346	0.0
0.8572960454976342	0.8221050163698346	0.0
0.8572960454976342	0.8221050163698346	0.0
0.8363449984209236	0.917259237097491	0.0
0.8363449984209236	0.917259237097491	0.0
0.8363449984209236	0.917259237097491	0.0
0.831107236651746	0.9913190805857529	0.0
0.8284883557671572	1.048603516376025	0.0
0.8284883557671572	1.048603516376025	0.0
0.8258694748825683	1.1023208603966732	0.0
0.6582799614978184	1.1602527070220274	0.0
0.6582799614978184	1.1602527070220274	0.0
0.6582799614978184	1.1602527070220274	0.0
0.6582799614978184	1.1602527070220274	0.0
0.6582799614978184	1.2383399699545663	0.0
0.6582799614978184	1.288589650861515	0.0
0.6326117467705223	1.340595717380458	0.0
0.6326117467705223	1.364008239239234	0.0
0.6326117467705223	1.364008239239234	0.0
0.626354347953564	1.5046871542428863	0.0
0.626354347953564	1.5046871542428863	0.0
0.4648984639186253	1.6424920423841032	0.0
0.4648984639186253	1.6424920423841032	0.0
0.4648984639186253	1.6339544222577498	0.0
0.44189669329912207	1.6447714763032006	0.0
0.44189669329912207	1.774101858580196	0.0
0.44189669329912207	1.8990400127503988	0.0
0.42531318481011177	1.9553319025739588	0.0
0.42531318481011177	1.9553319025739588	0.0
0.23052942048361794	2.2744470562391874	0.0
0.23052942048361794	2.2744470562391874	0.0
0.23052942048361794	2.2744470562391874	0.0
0.23052942048361794	2.3706226962872354	0.0
0.21180462933355887	2.623597769293741	0.0
0.1467870320323636	2.69958321295481	0.0
0.10132294478712162	3.161004944048715	0.0
0.054632963045095295	3.1916538498337927	0.0
0.0	4.045381499381801	0.0
0.8572960454976342	0.8010630258621204	0.0
0.8572960454976342	0.8221050163698346	0.0
0.8572960454976342	0.8221050163698346	0.0
0.8572960454976342	0.8221050163698346	0.0
0.8572960454976342	0.8221050163698346	0.0
0.8413224631308052	0.7857449354195934	0.0
0.8284883557671572	0.9196708875947617	0.0
0.8284883557671572	0.9196708875947617	0.0
0.8284883557671572	0.9196708875947617	0.0
0.8258694748825683	1.0262860930605393	0.0
0.8258694748825683	1.0262860930605393	0.0
0.6582799614978184	1.1015106025210306	0.0
0.6582799614978184	1.1015106025210306	0.0
0.6582799614978184	1.1015106025210306	0.0
0.6582799614978184	1.1015106025210306	0.0
0.6582799614978184	1.1602527070220274	0.0
0.6582799614978184	1.2383399699545663	0.0
0.6582799614978184	1.288589650861515	0.0
0.6326117467705223	1.340595717380458	0.0
0.6326117467705223	1.364008239239234	0.0
0.6326117467705223	1.364008239239234	0.0
0.626354347953564	1.5046871542428863	0.0
0.4648984639186253	1.5770651019831008	0.0
0.4648984639186253	1.5770651019831008	0.0
0.4648984639186253	1.5770651019831008	0.0
0.4648984639186253	1.6041084703594175	0.0
0.44189669329912207	1.6447714763032006	0.0
0.44189669329912207	1.774101858580196	0.0
0.44189669329912207	1.8990400127503988	0.0
0.42531318481011177	1.9553319025739588	0.0
0.23052942048361794	2.1099903921586654	0.0
0.23052942048361794	2.1099903921586654	0.0
0.23052942048361794	2.1099903921586654	0.0
0.23052942048361794	2.1099903921586654	0.0
0.23052942048361794	2.1099903921586654	0.0
0.2094474613398094	2.5721105894222203	0.0
0.1467870320323636	2.69958321295481	0.0
0.10132294478712162	2.8245195088882835	0.0
0.054632963045095295	3.0105800825265603	0.0
0.0	4.045381499381801	0.0
0.8572960454976342	0.7302397337276787	0.0
0.8572960454976342	0.7302397337276787	0.0
0.8413224631308052	0.7582214701447104	0.0
0.8413224631308052	0.7582214701447104	0.0
0.8413224631308052	0.7582214701447104	0.0
0.8413224631308052	0.7857449354195934	0.0
0.8284883557671572	0.8805144125375854	0.0
0.8284883557671572	0.8805144125375854	0.0
0.8284883557671572	0.9196708875947617	0.0
0.8284883557671572	0.9265418269906918	0.0
0.8284883557671572	0.9265418269906918	0.0
0.6485745535426495	1.043948834960241	0.0
0.6485745535426495	1.0045045924264273	0.0
0.6485745535426495	1.043948834960241	0.0
0.6485745535426495	1.043948834960241	0.0
0.6485745535426495	1.043948834960241	0.0
0.6485745535426495	1.043948834960241	0.0
0.6485745535426495	1.043948834960241	0.0
0.6485745535426495	1.043948834960241	0.0
0.6485745535426495	1.043948834960241	0.0
0.6326117467705223	1.364008239239234	0.0
0.45831272346823354	1.443122169498054	0.0
0.45831272346823354	1.443122169498054	0.0
0.45831272346823354	1.443122169498054	0.0
0.45831272346823354	1.443122169498054	0.0
0.45831272346823354	1.533905243173418	0.0
0.4501047083836778	1.5507776031016416	0.0
0.4501047083836778	1.5507776031016416	0.0
0.4501047083836778	1.5507776031016416	0.0
0.42531318481011177	1.9553319025739588	0.0
0.23052942048361794	2.0611929507652316	0.0
0.23052942048361794	2.0611929507652316	0.0
0.23052942048361794	2.0611929507652316	0.0
0.23052942048361794	2.0611929507652316	0.0
0.22642541294134005	2.202650866160895	0.0
0.2094474613398094	2.4222352701269383	0.0
0.1467870320323636	2.69958321295481	0.0
0.10132294478712162	2.812596972873271	0.0
0.054632963045095295	3.0105800825265603	0.0
0.0	4.045381499381801	0.0
0.8572960454976342	0.7302397337276787	0.0
0.8572960454976342	0.7302397337276787	0.0
0.8413224631308052	0.7582214701447104	0.0
0.8413224631308052	0.7582214701447104	0.0
0.8413224631308052	0.7582214701447104	0.0
0.8413224631308052	0.7857449354195934	0.0
0.8284883557671572	0.8805144125375854	0.0
0.8284883557671572	0.8805144125375854	0.0
0.8284883557671572	0.9196708875947617	0.0
0.8284883557671572	0.9265418269906918	0.0
0.8284883557671572	0.9265418269906918	0.0
0.6485745535426495	1.0200513561383064	0.0
0.6485745535426495	1.0045045924264273	0.0
0.6485745535426495	1.043948834960241	0.0
0.6485745535426495	1.043948834960241	0.0
0.6485745535426495	1.043948834960241	0.0
0.6485745535426495	1.043948834960241	0.0
0.6485745535426495	1.043948834960241	0.0
0.6485745535426495	1.043948834960241	0.0
0.6485745535426495	1.043948834960241	0.0
0.6326117467705223	1.364008239239234	0.0
0.45831272346823354	1.443122169498054	0.0
0.45831272346823354	1.443122169498054	0.0
0.45831272346823354	1.385511705339653	0.0
0.45831272346823354	1.443122169498054	0.0
0.4501047083836778	1.4643339394475283	0.0
0.4501047083836778	1.5507776031016416	0.0
0.4501047083836778	1.5507776031016416	0.0
0.42531318481011177	1.8568452801432014	0.0
0.42531318481011177	1.9553319025739588	0.0
0.23052942048361794	2.0611929507652316	0.0
0.23052942048361794	2.0611929507652316	0.0
0.23052942048361794	2.0611929507652316	0.0
0.23052942048361794	2.0611929507652316	0.0
0.22642541294134005	2.202650866160895	0.0
0.2094474613398094	2.4222352701269383	0.0
0.11205557917656249	2.575361345428333	0.0
0.11205557917656249	2.575361345428333	0.0
0.054632963045095295	3.0105800825265603	0.0
0.0	4.045381499381801	0.0
0.8572960454976342	0.6321280454741532	0.0
0.8572960454976342	0.6321280454741532	0.0
0.8572960454976342	0.6171427246608155	0.0
0.8572960454976342	0.5808789336876121	0.0
0.8572960454976342	0.6321280454741532	0.0
0.8572960454976342	0.6321280454741532	0.0
0.8493146421115706	0.6529352800905556	0.0
0.8493146421115706	0.6529352800905556	0.0
0.8493146421115706	0.6529352800905556	0.0
0.8493146421115706	0.6529352800905556	0.0
0.8493146421115706	0.6529352800905556	0.0
0.8493146421115706	0.6529352800905556	0.0
0.8493146421115706	0.6529352800905556	0.0
0.8493146421115706	0.6529352800905556	0.0
0.6485745535426495	1.043948834960241	0.0
0.6485745535426495	1.043948834960241	0.0
0.6485745535426495	1.043948834960241	0.0
0.6485745535426495	1.043948834960241	0.0
0.6485745535426495	1.043948834960241	0.0
0.6485745535426495	1.043948834960241	0.0
0.6485745535426495	1.1642730441211226	0.0
0.45831272346823354	1.3088711523294092	0.0
0.45831272346823354	1.3088711523294092	0.0
0.45831272346823354	1.3088711523294092	0.0
0.45831272346823354	1.3088711523294092	0.0
0.45831272346823354	1.3163403432664122	0.0
0.4501047083836778	1.4948156106800137	0.0
0.4501047083836778	1.5507776031016416	0.0
0.4501047083836778	1.4948156106800137	0.0
0.4501047083836778	1.4948156106800137	0.0
0.23052942048361794	2.01671563060878	0.0
0.23052942048361794	2.01671563060878	0.0
0.23052942048361794	2.01671563060878	0.0
0.23052942048361794	2.01671563060878	0.0
0.23052942048361794	2.01671563060878	0.0
0.11205557917656249	2.238330313255145	0.0
0.11205557917656249	2.238330313255145	0.0
0.11205557917656249	2.575361345428333	0.0
0.054632963045095295	3.0105800825265603	0.0
0.0	4.045381499381801	0.0
0.8533053438046023	0.5621540280005194	0.0
0.8533053438046023	0.5621540280005194	0.0
0.8493146421115706	0.5877460538301231	0.0
0.8493146421115706	0.5877460538301231	0.0
0.8493146421115706	0.6344611426963821	0.0
0.8493146421115706	0.6344611426963821	0.0
0.8493146421115706	0.6529352800905556	0.0
0.8493146421115706	0.6529352800905556	0.0
0.8493146421115706	0.6529352800905556	0.0
0.8493146421115706	0.6529352800905556	0.0
0.8493146421115706	0.6529352800905556	0.0
0.8493146421115706	0.6529352800905556	0.0
0.8493146421115706	0.6529352800905556	0.0
0.8493146421115706	0.6529352800905556	0.0
0.6485745535426495	1.0325397457000092	0.0
0.6485745535426495	1.0325397457000092	0.0
0.6485745535426495	1.0325397457000092	0.0
0.6485745535426495	1.043948834960241	0.0
0.6485745535426495	1.043948834960241	0.0
0.6485745535426495	1.043948834960241	0.0
0.6485745535426495	1.1642730441211226	0.0
0.45831272346823354	1.2890844770782297	0.0
0.45831272346823354	1.2890844770782297	0.0
0.45831272346823354	1.2890844770782297	0.0
0.45831272346823354	1.2890844770782297	0.0
0.4501047083836778	1.3262460306586519	0.0
0.4501047083836778	1.4460036206597238	0.0
0.4501047083836778	1.5507776031016416	0.0
0.4501047083836778	1.4948156106800137	0.0
0.4501047083836778	1.4948156106800137	0.0
0.23052942048361794	1.9397424927071856	0.0
0.23052942048361794	1.9397424927071856	0.0
0.23052942048361794	1.9397424927071856	0.0
0.23052942048361794	1.9397424927071856	0.0
0.23052942048361794	2.01671563060878	0.0
0.11205557917656249	2.238330313255145	0.0
0.11205557917656249	2.238330313255145	0.0
0.11205557917656249	2.575361345428333	0.0
0.054632963045095295	3.0105800825265603	0.0
0.0	4.045381499381801	0.0
0.8533053438046023	0.5621540280005194	0.0
0.8493146421115706	0.5751693887302759	0.0
0.8493146421115706	0.5877460538301231	0.0
0.8493146421115706	0.5877460538301231	0.0
0.8493146421115706	0.6344611426963821	0.0
0.8493146421115706	0.6344611426963821	0.0
0.8493146421115706	0.6529352800905556	0.0
0.8493146421115706	0.6529352800905556	0.0
0.8493146421115706	0.6529352800905556	0.0
0.8493146421115706	0.6529352800905556	0.0
0.8493146421115706	0.6529352800905556	0.0
0.8493146421115706	0.6529352800905556	0.0
0.6485745535426495	0.8594306992928517	0.0
0.6485745535426495	0.8594306992928517	0.0
0.6485745535426495	0.8594306992928517	0.0
0.6485745535426495	0.8594306992928517	0.0
0.6485745535426495	0.8594306992928517	0.0
0.6485745535426495	1.043948834960241	0.0
0.6485745535426495	1.043948834960241	0.0
0.6485745535426495	1.043948834960241	0.0
0.6485745535426495	1.1642730441211226	0.0
0.45831272346823354	1.2890844770782297	0.0
0.45831272346823354	1.2890844770782297	0.0
0.45831272346823354	1.2890844770782297	0.0
0.45831272346823354	1.2890844770782297	0.0
0.4501047083836778	1.3262460306586519	0.0
0.4501047083836778	1.4460036206597238	0.0
0.4501047083836778	1.5507776031016416	0.0
0.4501047083836778	1.4948156106800137	0.0
0.4501047083836778	1.4948156106800137	0.0
0.23052942048361794	1.9244470079802325	0.0
0.23052942048361794	1.9244470079802325	0.0
0.23052942048361794	1.9244470079802325	0.0
0.23052942048361794	1.9244470079802325	0.0
0.2000038078958238	2.00496050497006	0.0
0.11205557917656249	2.190237389913049	0.0
0.11205557917656249	2.190237389913049	0.0
0.11205557917656249	2.575361345428333	0.0
0.005477066291779048	2.721589864883492	0.0
0.0	4.045381499381801	0.0
0.8493146421115706	0.5208928512473804	0.0
0.8493146421115706	0.5208928512473804	0.0
0.8493146421115706	0.5208928512473804	0.0
0.8493146421115706	0.5877460538301231	0.0
0.8493146421115706	0.5208928512473804	0.0
0.8493146421115706	0.6344611426963821	0.0
0.8493146421115706	0.6529352800905556	0.0
0.8493146421115706	0.6529352800905556	0.0
0.8493146421115706	0.6529352800905556	0.0
0.8493146421115706	0.6529352800905556	0.0
0.8493146421115706	0.6529352800905556	0.0
0.6485745535426495	0.8368600200298494	0.0
0.6485745535426495	0.8368600200298494	0.0
0.6485745535426495	0.8368600200298494	0.0
0.6485745535426495	0.8594306992928517	0.0
0.6485745535426495	0.8594306992928517	0.0
0.6485745535426495	0.8594306992928517	0.0
0.6452071624449922	1.0123022731479632	0.0
0.6452071624449922	1.0576595297136542	0.0
0.6452071624449922	1.0576595297136542	0.0
0.6452071624449922	1.0576595297136542	0.0
0.6452071624449922	1.0576595297136542	0.0
0.45831272346823354	1.2890844770782297	0.0
0.45831272346823354	1.2890844770782297	0.0
0.45831272346823354	1.2890844770782297	0.0
0.4430499171743365	1.298643387182966	0.0
0.4430499171743365	1.298643387182966	0.0
0.4430499171743365	1.298643387182966	0.0
0.4430499171743365	1.298643387182966	0.0
0.4430499171743365	1.298643387182966	0.0
0.2957130425089826	1.8556396953116372	0.0
0.2957130425089826	1.8556396953116372	0.0
0.2957130425089826	1.8556396953116372	0.0
0.23052942048361794	1.9244470079802325	0.0
0.2000038078958238	2.00496050497006	0.0
0.07848075325656746	2.154252622849183	0.0
0.07848075325656746	2.154252622849183	0.0
0.07848075325656746	2.154252622849183	0.0
0.005477066291779048	2.721589864883492	0.0
0.0	4.045381499381801	0.0
0.8493146421115706	0.5160977256480327	0.0
0.8493146421115706	0.5208928512473804	0.0
0.8493146421115706	0.5208928512473804	0.0
0.8493146421115706	0.5160977256480327	0.0
0.8493146421115706	0.5208928512473804	0.0
0.8493146421115706	0.6344611426963821	0.0
0.8493146421115706	0.6529352800905556	0.0
0.8493146421115706	0.6529352800905556	0.0
0.8493146421115706	0.6529352800905556	0.0
0.8493146421115706	0.6529352800905556	0.0
0.8493146421115706	0.6529352800905556	0.0
0.6485745535426495	0.8234103377673808	0.0
0.6485745535426495	0.8234103377673808	0.0
0.6485745535426495	0.8368600200298494	0.0
0.6485745535426495	0.8594306992928517	0.0
0.6485745535426495	0.8594306992928517	0.0
0.6452071624449922	0.945778773251463	0.0
0.6452071624449922	1.0123022731479632	0.0
0.6452071624449922	1.0576595297136542	0.0
0.6452071624449922	1.0576595297136542	0.0
0.6452071624449922	1.0576595297136542	0.0
0.4430499171743365	1.2083170307091002	0.0
0.4430499171743365	1.2083170307091002	0.0
0.4430499171743365	1.2083170307091002	0.0
0.4430499171743365	1.2083170307091002	0.0
0.4430499171743365	1.298643387182966	0.0
0.4430499171743365	1.298643387182966	0.0
0.4430499171743365	1.298643387182966	0.0
0.27602814150934907	1.5756064800143934	0.0
0.27602814150934907	1.5756064800143934	0.0
0.27602814150934907	1.5756064800143934	0.0
0.27602814150934907	1.5756064800143934	0.0
0.27602814150934907	1.5756064800143934	0.0
0.23052942048361794	1.7824783565965632	0.0
0.2000038078958238	2.00496050497006	0.0
0.07848075325656746	2.154252622849183	0.0
0.07848075325656746	2.154252622849183	0.0
0.07848075325656746	2.154252622849183	0.0
0.005477066291779048	2.721589864883492	0.0
0.0	4.045381499381801	0.0
0.8626850815784763	0.49891744519264614	0.0
0.8493146421115706	0.5208928512473804	0.0
0.8493146421115706	0.5208928512473804	0.0
0.8493146421115706	0.5160977256480327	0.0
0.8493146421115706	0.5208928512473804	0.0
0.8493146421115706	0.5386979828739439	0.0
0.8493146421115706	0.6529352800905556	0.0
0.8493146421115706	0.6529352800905556	0.0
0.8493146421115706	0.6529352800905556	0.0
0.8493146421115706	0.6529352800905556	0.0
0.6502582490914781	0.7705471177796541	0.0
0.6502582490914781	0.7705471177796541	0.0
0.6502582490914781	0.7705471177796541	0.0
0.6502582490914781	0.7705471177796541	0.0
0.6485745535426495	0.8594306992928517	0.0
0.6485745535426495	0.8594306992928517	0.0
0.6452071624449922	0.945778773251463	0.0
0.6485745535426495	0.9249190719587942	0.0
0.6485745535426495	0.9249190719587942	0.0
0.6452071624449922	1.0576595297136542	0.0
0.6452071624449922	1.0576595297136542	0.0
0.4430499171743365	1.2083170307091002	0.0
0.4430499171743365	1.2083170307091002	0.0
0.4430499171743365	1.2083170307091002	0.0
0.4430499171743365	1.2083170307091002	0.0
0.4430499171743365	1.2338971003647137	0.0
0.4430499171743365	1.298643387182966	0.0
0.4430499171743365	1.298643387182966	0.0
0.27602814150934907	1.5663161935873668	0.0
0.27602814150934907	1.5663161935873668	0.0
0.27602814150934907	1.5663161935873668	0.0
0.27602814150934907	1.5663161935873668	0.0
0.27602814150934907	1.5756064800143934	0.0
0.23052942048361794	1.7824783565965632	0.0
0.2000038078958238	2.00496050497006	0.0
0.17725444738295826	2.102454390518033	0.0
0.07848075325656746	2.154252622849183	0.0
0.07848075325656746	2.154252622849183	0.0
0.005477066291779048	2.6408788313370715	0.0
0.0	4.045381499381801	0.0
0.8626850815784763	0.4018142633495447	0.0
0.8626850815784763	0.4168668527467079	0.0
0.8626850815784763	0.4168668527467079	0.0
0.8626850815784763	0.4168668527467079	0.0
0.8626850815784763	0.4168668527467079	0.0
0.8559998618450235	0.5238293438718076	0.0
0.8559998618450235	0.5238293438718076	0.0
0.8493146421115706	0.5778937509475836	0.0
0.8493146421115706	0.5778937509475836	0.0
0.8493146421115706	0.6529352800905556	0.0
0.8493146421115706	0.5778937509475836	0.0
0.8493146421115706	0.5778937509475836	0.0
0.6569434688249309	0.7542253859243915	0.0
0.6569434688249309	0.7542253859243915	0.0
0.6569434688249309	0.7574608236220007	0.0
0.6569434688249309	0.7542253859243915	0.0
0.6569434688249309	0.8124594597531622	0.0
0.6569434688249309	0.8124594597531622	0.0
0.6335075808321274	0.9296299369965395	0.0
0.6335075808321274	0.9296299369965395	0.0
0.6335075808321274	0.9296299369965395	0.0
0.4430499171743365	1.0878863409887858	0.0
0.4430499171743365	1.0878863409887858	0.0
0.4430499171743365	1.0878863409887858	0.0
0.4430499171743365	1.0878863409887858	0.0
0.4430499171743365	1.0878863409887858	0.0
0.4430499171743365	1.0878863409887858	0.0
0.4430499171743365	1.298643387182966	0.0
0.4430499171743365	1.0878863409887858	0.0
0.27602814150934907	1.5663161935873668	0.0
0.27602814150934907	1.5663161935873668	0.0
0.27602814150934907	1.5663161935873668	0.0
0.22426349173305776	1.6361491317048764	0.0
0.22426349173305776	1.6361491317048764	0.0
0.21375629086535247	1.8154520225937083	0.0
0.17725444738295826	2.102454390518033	0.0
0.07848075325656746	2.154252622849183	0.0
0.07848075325656746	2.154252622849183	0.0
0.005477066291779048	2.6408788313370715	0.0
0.0	4.045381499381801	0.0
0.8626850815784763	0.4018142633495447	0.0
0.8626850815784763	0.4168668527467079	0.0
0.8626850815784763	0.4168668527467079	0.0
0.8626850815784763	0.4168668527467079	0.0
0.8626850815784763	0.4168668527467079	0.0
0.8493146421115706	0.5199123760425408	0.0
0.8375966981151688	0.5332004995209334	0.0
0.8375966981151688	0.5332004995209334	0.0
0.8375966981151688	0.5332004995209334	0.0
0.8375966981151688	0.5332004995209334	0.0
0.8375966981151688	0.5332004995209334	0.0
0.8375966981151688	0.5332004995209334	0.0
0.6569434688249309	0.7542253859243915	0.0
0.6569434688249309	0.7542253859243915	0.0
0.6569434688249309	0.7574608236220007	0.0
0.6335075808321274	0.7864156925397966	0.0
0.6335075808321274	0.7864156925397966	0.0
0.6335075808321274	0.7864156925397966	0.0
0.6335075808321274	0.9296299369965395	0.0
0.6335075808321274	0.9296299369965395	0.0
0.4430499171743365	1.062708784116996	0.0
0.4430499171743365	1.062708784116996	0.0
0.4430499171743365	1.062708784116996	0.0
0.4430499171743365	1.062708784116996	0.0
0.4430499171743365	1.0878863409887858	0.0
0.4140422122640236	1.1773271485292998	0.0
0.4140422122640236	1.1773271485292998	0.0
0.4140422122640236	1.1773271485292998	0.0
0.4140422122640236	1.1773271485292998	0.0
0.27602814150934907	1.5453112503829391	0.0
0.27602814150934907	1.5453112503829391	0.0
0.27602814150934907	1.5453112503829391	0.0
0.22426349173305776	1.6361491317048764	0.0
0.22426349173305776	1.6361491317048764	0.0
0.21375629086535247	1.8154520225937083	0.0
0.08337274509328872	1.8957967227908543	0.0
0.08337274509328872	1.8957967227908543	0.0
0.08337274509328872	1.8957967227908543	0.0
0.005477066291779048	2.6408788313370715	0.0
0.0	4.045381499381801	0.0
0.8626850815784763	0.4018142633495447	0.0
0.8626850815784763	0.4168668527467079	0.0
0.8626850815784763	0.4168668527467079	0.0
0.8626850815784763	0.4168668527467079	0.0
0.8375966981151688	0.4820620669131036	0.0
0.8375966981151688	0.4820620669131036	0.0
0.8375966981151688	0.5332004995209334	0.0
0.830911478381716	0.5647573230941371	0.0
0.830911478381716	0.6080556605041186	0.0
0.830911478381716	0.6080556605041186	0.0
0.830911478381716	0.6080556605041186	0.0
0.830911478381716	0.6080556605041186	0.0
0.6569434688249309	0.7542253859243915	0.0
0.6569434688249309	0.7542253859243915	0.0
0.6569434688249309	0.7574608236220007	0.0
0.6335075808321274	0.7864156925397966	0.0
0.6335075808321274	0.7864156925397966	0.0
0.6335075808321274	0.7864156925397966	0.0
0.6335075808321274	0.9296299369965395	0.0
0.4430499171743365	0.990493553039497	0.0
0.4430499171743365	0.990493553039497	0.0
0.4430499171743365	0.990493553039497	0.0
0.4430499171743365	0.990493553039497	0.0
0.4430499171743365	0.990493553039497	0.0
0.4430499171743365	1.0878863409887858	0.0
0.4140422122640236	1.1773271485292998	0.0
0.4140422122640236	1.1773271485292998	0.0
0.4140422122640236	1.1773271485292998	0.0
0.27602814150934907	1.4349238299486513	0.0
0.27602814150934907	1.4349238299486513	0.0
0.27602814150934907	1.4349238299486513	0.0
0.22138681584796327	1.4364982445035899	0.0
0.22138681584796327	1.4364982445035899	0.0
0.22138681584796327	1.4364982445035899	0.0
0.21375629086535247	1.8154520225937083	0.0
0.08337274509328872	1.869218167182082	0.0
0.08337274509328872	1.869218167182082	0.0
0.08337274509328872	1.8957967227908543	0.0
0.005477066291779048	2.302109027116233	0.0
0.0	4.045381499381801	0.0
0.8626850815784763	0.4018142633495447	0.0
0.8375966981151688	0.4223231208572107	0.0
0.8375966981151688	0.4223231208572107	0.0
0.8375966981151688	0.4223231208572107	0.0
0.8375966981151688	0.4820620669131036	0.0
0.8375966981151688	0.4820620669131036	0.0
0.830911478381716	0.525915925227744	0.0
0.830911478381716	0.5647573230941371	0.0
0.830911478381716	0.6080556605041186	0.0
0.830911478381716	0.6080556605041186	0.0
0.830911478381716	0.6080556605041186	0.0
0.830911478381716	0.6080556605041186	0.0
0.6569434688249309	0.7542253859243915	0.0
0.6569434688249309	0.7542253859243915	0.0
0.6569434688249309	0.7574608236220007	0.0
0.6335075808321274	0.7864156925397966	0.0
0.6335075808321274	0.7864156925397966	0.0
0.6335075808321274	0.7864156925397966	0.0
0.6190037283769709	0.9382842454991337	0.0
0.6190037283769709	0.9382842454991337	0.0
0.4430499171743365	0.990493553039497	0.0
0.4430499171743365	0.990493553039497	0.0
0.4430499171743365	0.990493553039497	0.0
0.4140422122640236	1.0009911749085767	0.0
0.4140422122640236	1.0009911749085767	0.0
0.4140422122640236	1.0009911749085767	0.0
0.4140422122640236	1.1773271485292998	0.0
0.22138681584796327	1.315219942486899	0.0
0.22138681584796327	1.315219942486899	0.0
0.22138681584796327	1.315219942486899	0.0
0.22138681584796327	1.315219942486899	0.0
0.22138681584796327	1.315219942486899	0.0
0.22138681584796327	1.3798843899200717	0.0
0.22138681584796327	1.4364982445035899	0.0
0.21375629086535247	1.8154520225937083	0.0
0.08337274509328872	1.869218167182082	0.0
0.08337274509328872	1.869218167182082	0.0
0.08337274509328872	1.8957967227908543	0.0
0.014365709715951455	2.2610642628933078	0.0
0.0	4.045381499381801	0.0
0.8442913225800514	0.34023304271934623	0.0
0.8442913225800514	0.34023304271934623	0.0
0.8442913225800514	0.34023304271934623	0.0
0.8442913225800514	0.34023304271934623	0.0
0.8396928828304452	0.4148233124678732	0.0
0.8350944430808389	0.45787216117797697	0.0
0.8350944430808389	0.45787216117797697	0.0
0.8350944430808389	0.45787216117797697	0.0
0.8350944430808389	0.45787216117797697	0.0
0.8350944430808389	0.45787216117797697	0.0
0.8258975635816264	0.6188386268451349	0.0
0.8258975635816264	0.6188386268451349	0.0
0.6496915425973526	0.6970562343697769	0.0
0.6496915425973526	0.6970562343697769	0.0
0.6496915425973526	0.6970562343697769	0.0
0.6496915425973526	0.6970562343697769	0.0
0.6335075808321274	0.7864156925397966	0.0
0.6335075808321274	0.7864156925397966	0.0
0.6335075808321274	0.7864156925397966	0.0
0.6190037283769709	0.9382842454991337	0.0
0.4430499171743365	0.990493553039497	0.0
0.4430499171743365	0.990493553039497	0.0
0.4430499171743365	0.990493553039497	0.0
0.4140422122640236	1.0009911749085767	0.0
0.4140422122640236	1.0009911749085767	0.0
0.4140422122640236	1.0009911749085767	0.0
0.4140422122640236	1.096925495451909	0.0
0.40316432292265625	1.242577388650504	0.0
0.22138681584796327	1.2999409787986282	0.0
0.22138681584796327	1.2999409787986282	0.0
0.22138681584796327	1.2999409787986282	0.0
0.22138681584796327	1.2999409787986282	0.0
0.22138681584796327	1.2999409787986282	0.0
0.22138681584796327	1.4364982445035899	0.0
0.21375629086535247	1.8154520225937083	0.0
0.1561950429619314	1.8453674523884434	0.0
0.08337274509328872	1.869218167182082	0.0
0.08337274509328872	1.8957967227908543	0.0
0.014365709715951455	2.2610642628933078	0.0
0.0	4.045381499381801	0.0
0.8442913225800514	0.329391363402071	0.0
0.8442913225800514	0.34023304271934623	0.0
0.8442913225800514	0.34023304271934623	0.0
0.8442913225800514	0.34023304271934623	0.0
0.8396928828304452	0.4148233124678732	0.0
0.8350944430808389	0.4503353891556875	0.0
0.8350944430808389	0.45787216117797697	0.0
0.8350944430808389	0.45787216117797697	0.0
0.8350944430808389	0.45787216117797697	0.0
0.6496915425973526	0.5523061006012305	0.0
0.6496915425973526	0.5523061006012305	0.0
0.6496915425973526	0.5523061006012305	0.0
0.6496915425973526	0.5523061006012305	0.0
0.6496915425973526	0.6373614766802587	0.0
0.6496915425973526	0.6373614766802587	0.0
0.6335075808321274	0.7075394833523857	0.0
0.6335075808321274	0.7075394833523857	0.0
0.6335075808321274	0.7864156925397966	0.0
0.4484888618450202	0.8544757121757267	0.0
0.4484888618450202	0.8544757121757267	0.0
0.4484888618450202	0.8544757121757267	0.0
0.4484888618450202	0.8544757121757267	0.0
0.4466380987070395	0.6693024884621014	0.0
0.4466380987070395	0.6693024884621014	0.0
0.4140422122640236	1.0009911749085767	0.0
0.4140422122640236	1.0009911749085767	0.0
0.4140422122640236	1.096925495451909	0.0
0.22138681584796327	1.1986462192607368	0.0
0.22138681584796327	1.1986462192607368	0.0
0.22138681584796327	1.1986462192607368	0.0
0.22138681584796327	1.1986462192607368	0.0
0.22138681584796327	1.1986462192607368	0.0
0.22138681584796327	1.2999409787986282	0.0
0.22138681584796327	1.4364982445035899	0.0
0.21375629086535247	1.8154520225937083	0.0
0.1561950429619314	1.8453674523884434	0.0
0.08337274509328872	1.869218167182082	0.0
0.08337274509328872	1.8957967227908543	0.0
0.014365709715951455	2.2610642628933078	0.0
0.0	4.045381499381801	0.0
0.8442913225800514	0.22285921608278308	0.0
0.8442913225800514	0.22531551112213996	0.0
0.8442913225800514	0.22531551112213996	0.0
0.8442913225800514	0.22531551112213996	0.0
0.8442913225800514	0.22531551112213996	0.0
0.8442913225800514	0.22531551112213996	0.0
0.8442913225800514	0.22531551112213996	0.0
0.8442913225800514	0.22531551112213996	0.0
0.8442913225800514	0.22531551112213996	0.0
0.8442913225800514	0.22531551112213996	0.0
0.8442913225800514	0.22531551112213996	0.0
0.8442913225800514	0.17278515721285245	0.0
0.6496915425973526	0.5179481931321275	0.0
0.6496915425973526	0.4470548066876795	0.0
0.6496915425973526	0.4470548066876795	0.0
0.6496915425973526	0.5179481931321275	0.0
0.6496915425973526	0.556425283028515	0.0
0.6496915425973526	0.556425283028515	0.0
0.6496915425973526	0.556425283028515	0.0
0.6496915425973526	0.6814044564564762	0.0
0.6496915425973526	0.5750019493836561	0.0
0.43553917922265795	0.7789585022947646	0.0
0.4466380987070395	0.6693024884621014	0.0
0.43553917922265795	0.7789585022947646	0.0
0.43553917922265795	0.7789585022947646	0.0
0.43553917922265795	0.8796767428399341	0.0
0.25589033353663193	1.0079263865027637	0.0
0.25589033353663193	1.0079263865027637	0.0
0.25589033353663193	1.0079263865027637	0.0
0.25589033353663193	1.0079263865027637	0.0
0.25589033353663193	1.0079263865027637	0.0
0.25589033353663193	1.0079263865027637	0.0
0.22138681584796327	1.2999409787986282	0.0
0.22138681584796327	1.3285836226851842	0.0
0.22138681584796327	1.3819838635579464	0.0
0.08337274509328872	1.6527724677631574	0.0
0.08337274509328872	1.6527724677631574	0.0
0.08337274509328872	1.7344263256352048	0.0
0.014365709715951455	2.2610642628933078	0.0
0.0	4.045381499381801	0.0
0.8442913225800514	0.14805995207557557	0.0
0.8442913225800514	0.14805995207557557	0.0
0.8442913225800514	0.16864577267222047	0.0
0.8442913225800514	0.20624254320069046	0.0
0.8442913225800514	0.22531551112213996	0.0
0.8442913225800514	0.22531551112213996	0.0
0.8442913225800514	0.22531551112213996	0.0
0.8442913225800514	0.22531551112213996	0.0
0.8442913225800514	0.22531551112213996	0.0
0.8442913225800514	0.22531551112213996	0.0
0.6496915425973526	0.41755024791785017	0.0
0.6496915425973526	0.41755024791785017	0.0
0.6496915425973526	0.41755024791785017	0.0
0.6496915425973526	0.4470548066876795	0.0
0.6496915425973526	0.4470548066876795	0.0
0.6496915425973526	0.5179481931321275	0.0
0.6324397837530182	0.5853082263396784	0.0
0.6324397837530182	0.5853082263396784	0.0
0.6324397837530182	0.5853082263396784	0.0
0.43553917922265795	0.7238476541646515	0.0
0.43553917922265795	0.7238476541646515	0.0
0.43553917922265795	0.7238476541646515	0.0
0.43553917922265795	0.7238476541646515	0.0
0.43553917922265795	0.7238476541646515	0.0
0.43553917922265795	0.7789585022947646	0.0
0.43553917922265795	0.8796767428399341	0.0
0.25589033353663193	1.0079263865027637	0.0
0.25589033353663193	1.0079263865027637	0.0
0.25589033353663193	1.0079263865027637	0.0
0.25589033353663193	1.0079263865027637	0.0
0.25589033353663193	1.0079263865027637	0.0
0.25589033353663193	1.0079263865027637	0.0
0.22138681584796327	1.2999409787986282	0.0
0.22138681584796327	1.3285836226851842	0.0
0.12024673281296865	1.4957288493160643	0.0
0.12024673281296865	1.4957288493160643	0.0
0.12024673281296865	1.5747251860087328	0.0
0.08337274509328872	1.7344263256352048	0.0
0.014365709715951455	2.2610642628933078	0.0
0.0	4.045381499381801	0.0
0.8442913225800514	0.08373103586529074	0.0
0.8442913225800514	0.08373103586529074	0.0
0.8442913225800514	0.08373103586529074	0.0
0.8442913225800514	0.08373103586529074	0.0
0.8442913225800514	0.08373103586529074	0.0
0.8442913225800514	0.08373103586529074	0.0
0.8442913225800514	0.22531551112213996	0.0
0.8442913225800514	0.22531551112213996	0.0
0.8442913225800514	0.22531551112213996	0.0
0.8442913225800514	0.22531551112213996	0.0
0.8442913225800514	0.08373103586529074	0.0
0.8442913225800514	0.08373103586529074	0.0
0.6496915425973526	0.4163648603485426	0.0
0.6496915425973526	0.4163648603485426	0.0
0.6496915425973526	0.4470548066876795	0.0
0.6496915425973526	0.4163648603485426	0.0
0.6496915425973526	0.4163648603485426	0.0
0.6324397837530182	0.5801347527910771	0.0
0.4527909380669923	0.608054978370098	0.0
0.4527909380669923	0.608054978370098	0.0
0.4527909380669923	0.608054978370098	0.0
0.4527909380669923	0.608054978370098	0.0
0.4527909380669923	0.608054978370098	0.0
0.43553917922265795	0.6948368882621976	0.0
0.43553917922265795	0.7789585022947646	0.0
0.43553917922265795	0.7198579173814142	0.0
0.43553917922265795	0.7198579173814142	0.0
0.25589033353663193	0.9916115853016131	0.0
0.25589033353663193	0.9916115853016131	0.0
0.25589033353663193	0.9916115853016131	0.0
0.25589033353663193	0.9916115853016131	0.0
0.25589033353663193	1.0079263865027637	0.0
0.22138681584796327	1.2084131716316424	0.0
0.22138681584796327	1.2084131716316424	0.0
0.18806853317480027	1.433735857170899	0.0
0.12024673281296865	1.4957288493160643	0.0
0.12024673281296865	1.5658747629429506	0.0
0.08337274509328872	1.7344263256352048	0.0
0.014365709715951455	1.9794776967613652	0.0
0.0	4.045381499381801	0.0
0.8442913225800514	0.06633053281250567	0.0
0.8442913225800514	0.08373103586529074	0.0
0.8442913225800514	0.08373103586529074	0.0
0.8442913225800514	0.08373103586529074	0.0
0.8442913225800514	0.08373103586529074	0.0
0.8442913225800514	0.08373103586529074	0.0
0.8442913225800514	0.06633053281250567	0.0
0.8442913225800514	0.22531551112213996	0.0
0.8442913225800514	0.22531551112213996	0.0
0.8442913225800514	0.22531551112213996	0.0
0.8442913225800514	0.08373103586529074	0.0
0.8442913225800514	0.08373103586529074	0.0
0.6496915425973526	0.4036639861618486	0.0
0.6496915425973526	0.4036639861618486	0.0
0.6496915425973526	0.4277811955904272	0.0
0.6496915425973526	0.4163648603485426	0.0
0.6496915425973526	0.4163648603485426	0.0
0.4527909380669923	0.5626245499665695	0.0
0.4527909380669923	0.5626245499665695	0.0
0.4527909380669923	0.5626245499665695	0.0
0.4527909380669923	0.5626245499665695	0.0
0.4527909380669923	0.5631791947298929	0.0
0.4527909380669923	0.608054978370098	0.0
0.43553917922265795	0.6948368882621976	0.0
0.43553917922265795	0.7226511398520281	0.0
0.43553917922265795	0.7198579173814142	0.0
0.43553917922265795	0.7198579173814142	0.0
0.25589033353663193	0.9916115853016131	0.0
0.25589033353663193	0.9916115853016131	0.0
0.25589033353663193	0.9916115853016131	0.0
0.25589033353663193	0.9916115853016131	0.0
0.25589033353663193	1.0079263865027637	0.0
0.22138681584796327	1.2084131716316424	0.0
0.22138681584796327	1.2084131716316424	0.0
0.18806853317480027	1.3936115049338273	0.0
0.12024673281296865	1.4466740666603934	0.0
0.12024673281296865	1.4466740666603934	0.0
0.04530359878327869	1.6233667998045511	0.0
0.04530359878327869	1.678144800007133	0.0
0.0	4.045381499381801	0.0
0.8442913225800514	0.06254014820766654	0.0
0.8442913225800514	0.08373103586529074	0.0
0.8442913225800514	0.08373103586529074	0.0
0.8442913225800514	0.08373103586529074	0.0
0.8442913225800514	0.08373103586529074	0.0
0.8442913225800514	0.08373103586529074	0.0
0.8442913225800514	0.06633053281250567	0.0
0.8442913225800514	0.03997427552931015	0.0
0.8442913225800514	0.22531551112213996	0.0
0.6496915425973526	0.21536698802276136	0.0
0.6496915425973526	0.21536698802276136	0.0
0.6496915425973526	0.21536698802276136	0.0
0.6496915425973526	0.21536698802276136	0.0
0.6496915425973526	0.21536698802276136	0.0
0.6496915425973526	0.38231406020275355	0.0
0.6496915425973526	0.4163648603485426	0.0
0.6496915425973526	0.4163648603485426	0.0
0.6496915425973526	0.38231406020275355	0.0
0.4527909380669923	0.5555558975631694	0.0
0.4527909380669923	0.5555558975631694	0.0
0.4527909380669923	0.5555558975631694	0.0
0.4527909380669923	0.5631791947298929	0.0
0.4527909380669923	0.608054978370098	0.0
0.4527909380669923	0.5658305126196571	0.0
0.43553917922265795	0.7226511398520281	0.0
0.43553917922265795	0.7198579173814142	0.0
0.43553917922265795	0.7198579173814142	0.0
0.25589033353663193	0.9567814844233871	0.0
0.25589033353663193	0.9567814844233871	0.0
0.25589033353663193	0.9567814844233871	0.0
0.25589033353663193	0.9567814844233871	0.0
0.25589033353663193	1.0079263865027637	0.0
0.22138681584796327	1.0658697606494658	0.0
0.22138681584796327	1.2084131716316424	0.0
0.18806853317480027	1.3936115049338273	0.0
0.12024673281296865	1.4083937763857715	0.0
0.12024673281296865	1.4466740666603934	0.0
0.04530359878327869	1.6233667998045511	0.0
0.04530359878327869	1.678144800007133	0.0
0.0	4.045381499381801	0.0
0.8442913225800514	-0.18158896116405898	0.0
0.8442913225800514	-0.18158896116405898	0.0
0.8442913225800514	-0.18158896116405898	0.0
0.8442913225800514	-0.18158896116405898	0.0
0.8442913225800514	-0.18158896116405898	0.0
0.8442913225800514	-0.18158896116405898	0.0
0.8442913225800514	-0.18158896116405898	0.0
0.8442913225800514	-0.18158896116405898	0.0
0.8442913225800514	-0.18158896116405898	0.0
0.8442913225800514	-0.18158896116405898	0.0
0.8442913225800514	-0.18158896116405898	0.0
0.8442913225800514	-0.18158896116405898	0.0
0.8442913225800514	-0.18158896116405898	0.0
0.6496915425973526	0.21536698802276136	0.0
0.8442913225800514	-0.18158896116405898	0.0
0.8442913225800514	-0.19181829778149226	0.0
0.6496915425973526	0.3651977849542489	0.0
0.6496915425973526	0.3651977849542489	0.0
0.6496915425973526	0.3651977849542489	0.0
0.6496915425973526	0.4033409251891448	0.0
0.6496915425973526	0.4033409251891448	0.0
0.4516405257931615	0.5085910827951994	0.0
0.4516405257931615	0.4727092265522943	0.0
0.4516405257931615	0.4727092265522943	0.0
0.4516405257931615	0.5103020563659774	0.0
0.4516405257931615	0.5103020563659774	0.0
0.4516405257931615	0.5103020563659774	0.0
0.4516405257931615	0.5103020563659774	0.0
0.25589033353663193	0.9567814844233871	0.0
0.25589033353663193	0.9567814844233871	0.0
0.25589033353663193	0.9567814844233871	0.0
0.25589033353663193	0.9652498202575155	0.0
0.25589033353663193	0.9652498202575155	0.0
0.2110004952733751	1.1280353797587124	0.0
0.2110004952733751	1.1280353797587124	0.0
0.12024673281296865	1.4083937763857715	0.0
0.12024673281296865	1.4466740666603934	0.0
0.04530359878327869	1.577913581446077	0.0
0.04530359878327869	1.577913581446077	0.0
0.0	4.045381499381801	0.0
0.8442913225800514	-0.1849260076553896	0.0
0.8442913225800514	-0.18158896116405898	0.0
0.8442913225800514	-0.18158896116405898	0.0
0.8442913225800514	-0.18158896116405898	0.0
0.8442913225800514	-0.18158896116405898	0.0
0.8442913225800514	-0.18158896116405898	0.0
0.8442913225800514	-0.18158896116405898	0.0
0.8442913225800514	-0.18158896116405898	0.0
0.8442913225800514	-0.18158896116405898	0.0
0.8442913225800514	-0.18158896116405898	0.0
0.8442913225800514	-0.18158896116405898	0.0
0.6496915425973526	0.1332353189752991	0.0
0.6496915425973526	0.1332353189752991	0.0
0.6496915425973526	0.1332353189752991	0.0
0.6496915425973526	0.17103866583540323	0.0
0.6496915425973526	0.17103866583540323	0.0
0.6496915425973526	0.17103866583540323	0.0
0.6496915425973526	0.29854147593328495	0.0
0.6496915425973526	0.27829574326054135	0.0
0.6496915425973526	0.4033409251891448	0.0
0.6496915425973526	0.4033409251891448	0.0
0.4516405257931615	0.5012621267467724	0.0
0.4516405257931615	0.4727092265522943	0.0
0.4516405257931615	0.4727092265522943	0.0
0.4516405257931615	0.5103020563659774	0.0
0.4516405257931615	0.5103020563659774	0.0
0.4516405257931615	0.5103020563659774	0.0
0.4516405257931615	0.5103020563659774	0.0
0.25589033353663193	0.8844647201308874	0.0
0.25589033353663193	0.8844647201308874	0.0
0.25589033353663193	0.8844647201308874	0.0
0.25589033353663193	0.8844647201308874	0.0
0.25589033353663193	0.9652498202575155	0.0
0.2110004952733751	1.1280353797587124	0.0
0.2110004952733751	1.1280353797587124	0.0
0.12024673281296865	1.4083937763857715	0.0
0.12024673281296865	1.423904556682706	0.0
0.0693499346297149	1.5063981713953694	0.0
0.04530359878327869	1.577913581446077	0.0
0.0	4.045381499381801	0.0
0.8442913225800514	-0.23490378430644976	0.0
0.8442913225800514	-0.23490378430644976	0.0
0.8442913225800514	-0.23490378430644976	0.0
0.8442913225800514	-0.18158896116405898	0.0
0.8442913225800514	-0.18158896116405898	0.0
0.8442913225800514	-0.18158896116405898	0.0
0.8442913225800514	-0.18158896116405898	0.0
0.8442913225800514	-0.18158896116405898	0.0
0.8442913225800514	-0.18158896116405898	0.0
0.8442913225800514	-0.18158896116405898	0.0
0.8442913225800514	-0.18158896116405898	0.0
0.8442913225800514	-0.2092921930293895	0.0
0.6496915425973526	0.1332353189752991	0.0
0.6496915425973526	0.1332353189752991	0.0
0.6496915425973526	0.15809158606866847	0.0
0.6496915425973526	0.17103866583540323	0.0
0.6496915425973526	0.17103866583540323	0.0
0.6496915425973526	0.21041369597728352	0.0
0.6496915425973526	0.27829574326054135	0.0
0.6496915425973526	0.21041369597728352	0.0
0.6496915425973526	0.4033409251891448	0.0
0.4516405257931615	0.45966929154793473	0.0
0.4516405257931615	0.45966929154793473	0.0
0.4516405257931615	0.45966929154793473	0.0
0.4516405257931615	0.45966929154793473	0.0
0.4516405257931615	0.5103020563659774	0.0
0.4516405257931615	0.5103020563659774	0.0
0.4516405257931615	0.5103020563659774	0.0
0.25589033353663193	0.8810762491527989	0.0
0.25589033353663193	0.8810762491527989	0.0
0.25589033353663193	0.8810762491527989	0.0
0.25589033353663193	0.8810762491527989	0.0
0.25589033353663193	0.8810762491527989	0.0
0.2110004952733751	1.1280353797587124	0.0
0.2110004952733751	1.1280353797587124	0.0
0.12024673281296865	1.4083937763857715	0.0
0.12024673281296865	1.423904556682706	0.0
0.0693499346297149	1.5063981713953694	0.0
0.04530359878327869	1.577913581446077	0.0
0.0	4.045381499381801	0.0
0.8442913225800514	-0.24824629557442163	0.0
0.8442913225800514	-0.23490378430644976	0.0
0.8442913225800514	-0.23490378430644976	0.0
0.8402097035034407	-0.19277607053205376	0.0
0.8402097035034407	-0.17448563934569647	0.0
0.8402097035034407	-0.17448563934569647	0.0
0.8402097035034407	-0.17448563934569647	0.0
0.8402097035034407	-0.17448563934569647	0.0
0.8402097035034407	-0.17448563934569647	0.0
0.8402097035034407	-0.17448563934569647	0.0
0.8402097035034407	-0.17448563934569647	0.0
0.6496915425973526	0.06894542757890926	0.0
0.6496915425973526	0.06894542757890926	0.0
0.6496915425973526	0.06894542757890926	0.0
0.6496915425973526	0.06894542757890926	0.0
0.6496915425973526	0.06894542757890926	0.0
0.6496915425973526	0.17103866583540323	0.0
0.6496915425973526	0.21041369597728352	0.0
0.6496915425973526	0.27829574326054135	0.0
0.6496915425973526	0.21041369597728352	0.0
0.4516405257931615	0.41610011177228096	0.0
0.4516405257931615	0.41610011177228096	0.0
0.4516405257931615	0.41610011177228096	0.0
0.4516405257931615	0.41610011177228096	0.0
0.4516405257931615	0.45966929154793473	0.0
0.4516405257931615	0.5103020563659774	0.0
0.4516405257931615	0.5103020563659774	0.0
0.4215872300267284	0.7209927706537366	0.0
0.4215872300267284	0.7209927706537366	0.0
0.25589033353663193	0.8810762491527989	0.0
0.25589033353663193	0.8810762491527989	0.0
0.25589033353663193	0.8810762491527989	0.0
0.25589033353663193	0.8810762491527989	0.0
0.2110004952733751	1.1280353797587124	0.0
0.2110004952733751	1.1280353797587124	0.0
0.09780181368134024	1.3443561755800153	0.0
0.12024673281296865	1.423904556682706	0.0
0.09068048001348192	1.493787811578718	0.0
0.04530359878327869	1.577913581446077	0.0
0.0	4.045381499381801	0.0
0.8463321321183567	-0.29459840882385485	0.0
0.8442913225800514	-0.28929873988445803	0.0
0.8442913225800514	-0.28929873988445803	0.0
0.8402097035034407	-0.23792976387015835	0.0
0.8402097035034407	-0.23792976387015835	0.0
0.8402097035034407	-0.17448563934569647	0.0
0.8402097035034407	-0.17448563934569647	0.0
0.8402097035034407	-0.17448563934569647	0.0
0.8402097035034407	-0.17448563934569647	0.0
0.8402097035034407	-0.17448563934569647	0.0
0.8402097035034407	-0.17448563934569647	0.0
0.8402097035034407	-0.23792976387015835	0.0
0.6496915425973526	0.052889522641321955	0.0
0.6496915425973526	0.052889522641321955	0.0
0.6496915425973526	0.06894542757890926	0.0
0.6496915425973526	0.06894542757890926	0.0
0.6496915425973526	0.08785096119521195	0.0
0.6496915425973526	0.08785096119521195	0.0
0.6496915425973526	0.08785096119521195	0.0
0.6496915425973526	0.21041369597728352	0.0
0.6496915425973526	0.07869373305842439	0.0
0.4516405257931615	0.41610011177228096	0.0
0.4516405257931615	0.41610011177228096	0.0
0.4516405257931615	0.41610011177228096	0.0
0.4516405257931615	0.42695742494675554	0.0
0.4516405257931615	0.5103020563659774	0.0
0.4516405257931615	0.5103020563659774	0.0
0.4215872300267284	0.7013823422854393	0.0
0.4215872300267284	0.7209927706537366	0.0
0.25589033353663193	0.8239998810512201	0.0
0.25589033353663193	0.8239998810512201	0.0
0.25589033353663193	0.8239998810512201	0.0
0.25589033353663193	0.8239998810512201	0.0
0.25589033353663193	0.884765173903604	0.0
0.2110004952733751	1.1280353797587124	0.0
0.09780181368134024	1.3443561755800153	0.0
0.12024673281296865	1.3961170967369332	0.0
0.09068048001348192	1.493787811578718	0.0
0.04530359878327869	1.577913581446077	0.0
0.0	4.045381499381801	0.0
0.8463321321183567	-0.29459840882385485	0.0
0.8442913225800514	-0.28929873988445803	0.0
0.8371484891959827	-0.2555780641593361	0.0
0.8371484891959827	-0.22561470546805235	0.0
0.8371484891959827	-0.22561470546805235	0.0
0.8371484891959827	-0.17850346446239687	0.0
0.8371484891959827	-0.17850346446239687	0.0
0.8371484891959827	-0.17850346446239687	0.0
0.8371484891959827	-0.17850346446239687	0.0
0.8371484891959827	-0.17850346446239687	0.0
0.8371484891959827	-0.17850346446239687	0.0
0.6496915425973526	0.025683060436407182	0.0
0.6496915425973526	0.025683060436407182	0.0
0.6496915425973526	0.025683060436407182	0.0
0.6496915425973526	0.06894542757890926	0.0
0.6496915425973526	0.06894542757890926	0.0
0.6496915425973526	0.08785096119521195	0.0
0.6496915425973526	0.08785096119521195	0.0
0.6496915425973526	0.08785096119521195	0.0
0.6496915425973526	0.21041369597728352	0.0
0.6496915425973526	0.07869373305842439	0.0
0.4516405257931615	0.41610011177228096	0.0
0.4516405257931615	0.41610011177228096	0.0
0.4516405257931615	0.41610011177228096	0.0
0.4516405257931615	0.42695742494675554	0.0
0.4516405257931615	0.5103020563659774	0.0
0.4516405257931615	0.5103020563659774	0.0
0.4215872300267284	0.6204936053618705	0.0
0.4215872300267284	0.7209927706537366	0.0
0.25589033353663193	0.8235042462141232	0.0
0.25589033353663193	0.8235042462141232	0.0
0.25589033353663193	0.8235042462141232	0.0
0.25589033353663193	0.8239998810512201	0.0
0.25589033353663193	0.884765173903604	0.0
0.2110004952733751	1.1280353797587124	0.0
0.09780181368134024	1.2976051063258776	0.0
0.09780181368134024	1.2976051063258776	0.0
0.07535689454971183	1.3173040378426832	0.0
0.04530359878327869	1.577913581446077	0.0
0.0	4.045381499381801	0.0
0.8463321321183567	-0.29459840882385485	0.0
0.8442913225800514	-0.28929873988445803	0.0
0.8371484891959827	-0.2555780641593361	0.0
0.8371484891959827	-0.22561470546805235	0.0
0.8371484891959827	-0.22561470546805235	0.0
0.8371484891959827	-0.17850346446239687	0.0
0.8371484891959827	-0.17850346446239687	0.0
0.8371484891959827	-0.17850346446239687	0.0
0.8371484891959827	-0.17850346446239687	0.0
0.8371484891959827	-0.17850346446239687	0.0
0.8371484891959827	-0.17850346446239687	0.0
0.6496915425973526	0.018095759457584328	0.0
0.6496915425973526	0.018095759457584328	0.0
0.6496915425973526	0.025683060436407182	0.0
0.6496915425973526	0.06894542757890926	0.0
0.6496915425973526	0.06894542757890926	0.0
0.6496915425973526	0.08785096119521195	0.0
0.6496915425973526	0.08785096119521195	0.0
0.6496915425973526	0.08785096119521195	0.0
0.6496915425973526	0.21041369597728352	0.0
0.6496915425973526	0.07869373305842439	0.0
0.4516405257931615	0.41610011177228096	0.0
0.4516405257931615	0.41610011177228096	0.0
0.4516405257931615	0.41610011177228096	0.0
0.4516405257931615	0.42695742494675554	0.0
0.4516405257931615	0.5103020563659774	0.0
0.4516405257931615	0.5103020563659774	0.0
0.4215872300267284	0.6204936053618705	0.0
0.4215872300267284	0.7209927706537366	0.0
0.25589033353663193	0.8235042462141232	0.0
0.25589033353663193	0.8235042462141232	0.0
0.25589033353663193	0.8235042462141232	0.0
0.25589033353663193	0.8239998810512201	0.0
0.22602714315659167	0.9337618147807206	0.0
0.2110004952733751	1.1280353797587124	0.0
0.09780181368134024	1.2976051063258776	0.0
0.09780181368134024	1.2976051063258776	0.0
0.07535689454971183	1.3173040378426832	0.0
0.04530359878327869	1.577913581446077	0.0
0.0	4.045381499381801	0.0
0.8463321321183567	-0.29459840882385485	0.0
0.8442913225800514	-0.28929873988445803	0.0
0.8371484891959827	-0.2555780641593361	0.0
0.8371484891959827	-0.22561470546805235	0.0
0.8371484891959827	-0.22561470546805235	0.0
0.8371484891959827	-0.17850346446239687	0.0
0.8371484891959827	-0.17850346446239687	0.0
0.8371484891959827	-0.17850346446239687	0.0
0.8371484891959827	-0.17850346446239687	0.0
0.8371484891959827	-0.17850346446239687	0.0
0.8371484891959827	-0.17850346446239687	0.0
0.6496915425973526	0.018095759457584328	0.0
0.6496915425973526	0.018095759457584328	0.0
0.6496915425973526	0.025683060436407182	0.0
0.6461201259053183	0.0574099415735822	0.0
0.6461201259053183	0.0574099415735822	0.0
0.6461201259053183	0.06693813454080365	0.0
0.6461201259053183	0.06693813454080365	0.0
0.6461201259053183	0.06693813454080365	0.0
0.6461201259053183	0.06693813454080365	0.0
0.6461201259053183	0.06693813454080365	0.0
0.4516405257931615	0.4152507261754709	0.0
0.4516405257931615	0.4152507261754709	0.0
0.4516405257931615	0.4152507261754709	0.0
0.4510052297209751	0.41702163826308447	0.0
0.4510052297209751	0.41702163826308447	0.0
0.4510052297209751	0.41702163826308447	0.0
0.4215872300267284	0.6204936053618705	0.0
0.25589033353663193	0.7695438665447132	0.0
0.25589033353663193	0.7695438665447132	0.0
0.25589033353663193	0.7695438665447132	0.0
0.25589033353663193	0.7695438665447132	0.0
0.25589033353663193	0.8239998810512201	0.0
0.22602714315659167	0.9337618147807206	0.0
0.2110004952733751	1.1280353797587124	0.0
0.09780181368134024	1.2146872239881361	0.0
0.09780181368134024	1.2146872239881361	0.0
0.07535689454971183	1.3173040378426832	0.0
0.04530359878327869	1.5498255742408185	0.0
0.0	4.045381499381801	0.0
0.8463321321183567	-0.35896808182230944	0.0
0.8463321321183567	-0.3440775632895169	0.0
0.8417403106571697	-0.3208208955504604	0.0
0.8417403106571697	-0.3208208955504604	0.0
0.8417403106571697	-0.3208208955504604	0.0
0.8417403106571697	-0.3208208955504604	0.0
0.8417403106571697	-0.3208208955504604	0.0
0.8371484891959827	-0.17850346446239687	0.0
0.8371484891959827	-0.17850346446239687	0.0
0.8371484891959827	-0.17850346446239687	0.0
0.8371484891959827	-0.17850346446239687	0.0
0.8371484891959827	-0.1730389663897016	0.0
0.6461201259053183	0.004867340220778996	0.0
0.6461201259053183	0.004867340220778996	0.0
0.6461201259053183	-0.07188254509313248	0.0
0.6461201259053183	0.025534155523037175	0.0
0.6461201259053183	0.06693813454080365	0.0
0.6461201259053183	0.06693813454080365	0.0
0.6461201259053183	0.06693813454080365	0.0
0.6461201259053183	0.06693813454080365	0.0
0.6461201259053183	0.06693813454080365	0.0
0.6461201259053183	0.025534155523037175	0.0
0.4516405257931615	0.4152507261754709	0.0
0.4516405257931615	0.4152507261754709	0.0
0.4510052297209751	0.41702163826308447	0.0
0.4510052297209751	0.41702163826308447	0.0
0.4510052297209751	0.41702163826308447	0.0
0.4215872300267284	0.6204936053618705	0.0
0.25589033353663193	0.7695438665447132	0.0
0.25589033353663193	0.7695438665447132	0.0
0.25589033353663193	0.7695438665447132	0.0
0.25589033353663193	0.7695438665447132	0.0
0.25589033353663193	0.8046397197490661	0.0
0.22602714315659167	0.9337618147807206	0.0
0.19558185711640858	1.078610604352651	0.0
0.09780181368134024	1.1867574659337112	0.0
0.09780181368134024	1.1867574659337112	0.0
0.07535689454971183	1.3173040378426832	0.0
0.04530359878327869	1.5498255742408185	0.0
0.0	4.045381499381801	0.0
0.8463321321183567	-0.35896808182230944	0.0
0.8463321321183567	-0.3440775632895169	0.0
0.8417403106571697	-0.3208208955504604	0.0
0.8417403106571697	-0.3208208955504604	0.0
0.8371484891959827	-0.27184854084861515	0.0
0.8371484891959827	-0.27184854084861515	0.0
0.8371484891959827	-0.27184854084861515	0.0
0.8371484891959827	-0.17850346446239687	0.0
0.8371484891959827	-0.17850346446239687	0.0
0.8371484891959827	-0.17850346446239687	0.0
0.8371484891959827	-0.17850346446239687	0.0
0.8371484891959827	-0.1730389663897016	0.0
0.6484160366359117	-0.02206893663280262	0.0
0.6484160366359117	-0.02206893663280262	0.0
0.6461201259053183	-0.07188254509313248	0.0
0.6461201259053183	0.025534155523037175	0.0
0.6449721705400215	0.08225338207176601	0.0
0.6449721705400215	0.08225338207176601	0.0
0.6449721705400215	0.08225338207176601	0.0
0.6302631706928982	0.23442704671563214	0.0
0.6302631706928982	0.23442704671563214	0.0
0.6302631706928982	0.23442704671563214	0.0
0.4510052297209751	0.38578998815504173	0.0
0.4510052297209751	0.38578998815504173	0.0
0.4510052297209751	0.38578998815504173	0.0
0.4510052297209751	0.41702163826308447	0.0
0.4510052297209751	0.41702163826308447	0.0
0.4215872300267284	0.6146583885025573	0.0
0.4215872300267284	0.6336180366310848	0.0
0.2638501014285024	0.739743241694723	0.0
0.2638501014285024	0.739743241694723	0.0
0.2638501014285024	0.739743241694723	0.0
0.25589033353663193	0.8046397197490661	0.0
0.22602714315659167	0.9192559983298471	0.0
0.19558185711640858	1.078610604352651	0.0
0.09780181368134024	1.1859889859617168	0.0
0.09780181368134024	1.1859889859617168	0.0
0.07535689454971183	1.3173040378426832	0.0
0.04928348272921393	1.3781484156552521	0.0
0.0	4.045381499381801	0.0
0.8463321321183567	-0.35896808182230944	0.0
0.8463321321183567	-0.3440775632895169	0.0
0.8417403106571697	-0.3208208955504604	0.0
0.8417403106571697	-0.3208208955504604	0.0
0.8371484891959827	-0.27184854084861515	0.0
0.8371484891959827	-0.27184854084861515	0.0
0.8371484891959827	-0.27184854084861515	0.0
0.8297939892724211	-0.18301067243362068	0.0
0.8297939892724211	-0.18301067243362068	0.0
0.8297939892724211	-0.18301067243362068	0.0
0.8297939892724211	-0.18301067243362068	0.0
0.8297939892724211	-0.18301067243362068	0.0
0.6484160366359117	-0.02206893663280262	0.0
0.6484160366359117	-0.02206893663280262	0.0
0.6461201259053183	-0.07188254509313248	0.0
0.6449721705400215	0.014049735306798606	0.0
0.6449721705400215	0.08225338207176601	0.0
0.6449721705400215	0.08225338207176601	0.0
0.6449721705400215	0.08225338207176601	0.0
0.6302631706928982	0.23442704671563214	0.0
0.6302631706928982	0.23442704671563214	0.0
0.6302631706928982	0.23442704671563214	0.0
0.4510052297209751	0.38578998815504173	0.0
0.4510052297209751	0.38578998815504173	0.0
0.4510052297209751	0.38578998815504173	0.0
0.4470253457750399	0.40996949752232126	0.0
0.4470253457750399	0.40996949752232126	0.0
0.4215872300267284	0.5972355869759611	0.0
0.4215872300267284	0.6336180366310848	0.0
0.2638501014285024	0.7373393766899683	0.0
0.2638501014285024	0.7373393766899683	0.0
0.2638501014285024	0.7373393766899683	0.0
0.25589033353663193	0.8046397197490661	0.0
0.22602714315659167	0.8351310066868999	0.0
0.19558185711640858	1.074863102375132	0.0
0.09780181368134024	1.1859889859617168	0.0
0.09780181368134024	1.1859889859617168	0.0
0.07535689454971183	1.2599026723601525	0.0
0.04928348272921393	1.3781484156552521	0.0
0.0	4.045381499381801	0.0
0.8463321321183567	-0.35896808182230944	0.0
0.8463321321183567	-0.3440775632895169	0.0
0.8417403106571697	-0.3208208955504604	0.0
0.8417403106571697	-0.3208208955504604	0.0
0.8371484891959827	-0.27184854084861515	0.0
0.8348525784653893	-0.2422380248522464	0.0
0.8323232838689052	-0.2207203056593428	0.0
0.8297939892724211	-0.18301067243362068	0.0
0.8297939892724211	-0.18301067243362068	0.0
0.8297939892724211	-0.18301067243362068	0.0
0.8297939892724211	-0.18301067243362068	0.0
0.8297939892724211	-0.18301067243362068	0.0
0.6484160366359117	-0.02206893663280262	0.0
0.6484160366359117	-0.02206893663280262	0.0
0.6449721705400215	-0.012648407015137354	0.0
0.6449721705400215	0.014049735306798606	0.0
0.6449721705400215	0.08225338207176601	0.0
0.6449721705400215	0.08225338207176601	0.0
0.6302631706928982	0.19241279562035354	0.0
0.6302631706928982	0.23442704671563214	0.0
0.6302631706928982	0.23442704671563214	0.0
0.4470253457750399	0.34897645433662966	0.0
0.4470253457750399	0.34897645433662966	0.0
0.4470253457750399	0.34897645433662966	0.0
0.4470253457750399	0.34897645433662966	0.0
0.4470253457750399	0.40996949752232126	0.0
0.4470253457750399	0.40996949752232126	0.0
0.4215872300267284	0.5972355869759611	0.0
0.41297919334492084	0.6828274144841112	0.0
0.2638501014285024	0.7373393766899683	0.0
0.2638501014285024	0.7373393766899683	0.0
0.2638501014285024	0.7373393766899683	0.0
0.25589033353663193	0.8046397197490661	0.0
0.22602714315659167	0.8351310066868999	0.0
0.19558185711640858	1.074863102375132	0.0
0.09780181368134024	1.1859889859617168	0.0
0.09780181368134024	1.1859889859617168	0.0
0.07535689454971183	1.2022580535426903	0.0
0.04928348272921393	1.3781484156552521	0.0
0.0	4.045381499381801	0.0
0.8463321321183567	-0.35896808182230944	0.0
0.8463321321183567	-0.3440775632895169	0.0
0.8417403106571697	-0.3208208955504604	0.0
0.8417403106571697	-0.3208208955504604	0.0
0.8371484891959827	-0.27184854084861515	0.0
0.8348525784653893	-0.2422380248522464	0.0
0.8323232838689052	-0.2207203056593428	0.0
0.8297939892724211	-0.18301067243362068	0.0
0.8297939892724211	-0.18301067243362068	0.0
0.8297939892724211	-0.18301067243362068	0.0
0.8297939892724211	-0.18301067243362068	0.0
0.6520932865976925	-0.0643196731536171	0.0
0.6520932865976925	-0.0643196731536171	0.0
0.6520932865976925	-0.0643196731536171	0.0
0.6449721705400215	-0.012648407015137354	0.0
0.6449721705400215	0.014049735306798606	0.0
0.6449721705400215	0.08225338207176601	0.0
0.6449721705400215	0.08225338207176601	0.0
0.6302631706928982	0.19241279562035354	0.0
0.6302631706928982	0.23442704671563214	0.0
0.6302631706928982	0.23442704671563214	0.0
0.4470253457750399	0.3351948662483107	0.0
0.4470253457750399	0.3351948662483107	0.0
0.4470253457750399	0.3351948662483107	0.0
0.4470253457750399	0.34897645433662966	0.0
0.4470253457750399	0.40996949752232126	0.0
0.4215872300267284	0.5142992701502062	0.0
0.4215872300267284	0.5142992701502062	0.0
0.41297919334492084	0.6828274144841112	0.0
0.2332603043912645	0.7058417075149948	0.0
0.2332603043912645	0.7058417075149948	0.0
0.2332603043912645	0.7058417075149948	0.0
0.2332603043912645	0.7058417075149948	0.0
0.22602714315659167	0.8351310066868999	0.0
0.19558185711640858	1.074863102375132	0.0
0.10133525367701329	1.1791695376364872	0.0
0.10133525367701329	1.1791695376364872	0.0
0.07535689454971183	1.2022580535426903	0.0
0.04928348272921393	1.3781484156552521	0.0
0.0	4.045381499381801	0.0
0.8463321321183567	-0.4392634290651286	0.0
0.8463321321183567	-0.4392634290651286	0.0
0.8463321321183567	-0.411917464338286	0.0
0.8463321321183567	-0.411917464338286	0.0
0.8463321321183567	-0.411917464338286	0.0
0.8463321321183567	-0.411917464338286	0.0
0.8463321321183567	-0.411917464338286	0.0
0.8463321321183567	-0.411917464338286	0.0
0.8463321321183567	-0.411917464338286	0.0
0.8463321321183567	-0.4392634290651286	0.0
0.8297939892724211	-0.18301067243362068	0.0
0.8297939892724211	-0.1624595017049191	0.0
0.8297939892724211	-0.1624595017049191	0.0
0.6520932865976925	-0.0643196731536171	0.0
0.6520932865976925	-0.029433286778313594	0.0
0.6520932865976925	-0.029433286778313594	0.0
0.6376176706164598	-0.011005444900984186	0.0
0.6376176706164598	-0.011005444900984186	0.0
0.6376176706164598	-0.011005444900984186	0.0
0.6376176706164598	0.15208511218889328	0.0
0.4470253457750399	0.22866190798440386	0.0
0.4470253457750399	0.22866190798440386	0.0
0.4470253457750399	0.22866190798440386	0.0
0.4470253457750399	0.22866190798440386	0.0
0.4470253457750399	0.22866190798440386	0.0
0.4470253457750399	0.3269665041066971	0.0
0.4470253457750399	0.3269665041066971	0.0
0.4215872300267284	0.5142992701502062	0.0
0.40886817215257265	0.6241252711699549	0.0
0.2731504448762893	0.6745045220558615	0.0
0.2731504448762893	0.6745045220558615	0.0
0.2731504448762893	0.6745045220558615	0.0
0.2332603043912645	0.7058417075149948	0.0
0.22602714315659167	0.8351310066868999	0.0
0.19558185711640858	1.074863102375132	0.0
0.10133525367701329	1.1791695376364872	0.0
0.10133525367701329	1.1791695376364872	0.0
0.07535689454971183	1.2022580535426903	0.0
0.03438937286835153	1.304418292816379	0.0
0.0	4.045381499381801	0.0
